Mplus VERSION 8.11 (Mac)
MUTHEN & MUTHEN
03/26/2025   2:35 PM

INPUT INSTRUCTIONS

  TITLE:
  M2: Class2
  DATA:
  FILE = "/Users/MeaganSundstrom_1/Desktop/CALEP_Analysis_Github/m2_enum/
  c_lpa_m2.dat";
  VARIABLE:
  NAMES = CQ MG PQ Lec CG WG OG SQ Study Method Course;
   MISSING=.;
   usevar = CQ-SQ;
  classes = c(2);
  ANALYSIS:
  estimator = mlr;
      type = mixture;
      starts = 200 50;
      processors = 10;
  MODEL:
  %c#1%
      [CQ-SQ];   !!! means are are freely estimated
      CQ-SQ;     !!! variances are freely estimated
                             !!! covariances are fixed to zero (default)
   %c#2%
   [CQ-SQ];
   CQ-SQ;

  ! %c#3%
  ! [CQ-SQ];
  ! CQ-SQ;

  ! %c#4%
  ! [CQ-SQ];
  ! CQ-SQ;

  ! %c#5%
  ! [CQ-SQ];
  ! CQ-SQ;

  ! %c#6%
  ! [CQ-SQ];
  ! CQ-SQ;

  OUTPUT:
  sampstat residual tech11 tech14;
  PLOT:
  type = plot3;
       series = CQ-SQ(*);



*** WARNING in MODEL command
  All variables are uncorrelated with all other variables within class.
  Check that this is what is intended.
   1 WARNING(S) FOUND IN THE INPUT INSTRUCTIONS




M2: Class2

SUMMARY OF ANALYSIS

Number of groups                                                 1
Number of observations                                         223

Number of dependent variables                                    8
Number of independent variables                                  0
Number of continuous latent variables                            0
Number of categorical latent variables                           1

Observed dependent variables

  Continuous
   CQ          MG          PQ          LEC         CG          WG
   OG          SQ

Categorical latent variables
   C


Estimator                                                      MLR
Information matrix                                        OBSERVED
Optimization Specifications for the Quasi-Newton Algorithm for
Continuous Outcomes
  Maximum number of iterations                                 100
  Convergence criterion                                  0.100D-05
Optimization Specifications for the EM Algorithm
  Maximum number of iterations                                 500
  Convergence criteria
    Loglikelihood change                                 0.100D-06
    Relative loglikelihood change                        0.100D-06
    Derivative                                           0.100D-05
Optimization Specifications for the M step of the EM Algorithm for
Categorical Latent variables
  Number of M step iterations                                    1
  M step convergence criterion                           0.100D-05
  Basis for M step termination                           ITERATION
Optimization Specifications for the M step of the EM Algorithm for
Censored, Binary or Ordered Categorical (Ordinal), Unordered
Categorical (Nominal) and Count Outcomes
  Number of M step iterations                                    1
  M step convergence criterion                           0.100D-05
  Basis for M step termination                           ITERATION
  Maximum value for logit thresholds                            15
  Minimum value for logit thresholds                           -15
  Minimum expected cell size for chi-square              0.100D-01
Maximum number of iterations for H1                           2000
Convergence criterion for H1                             0.100D-03
Optimization algorithm                                         EMA
Random Starts Specifications
  Number of initial stage random starts                        200
  Number of final stage optimizations                           50
  Number of initial stage iterations                            10
  Initial stage convergence criterion                    0.100D+01
  Random starts scale                                    0.500D+01
  Random seed for generating random starts                       0

Input data file(s)
  /Users/MeaganSundstrom_1/Desktop/CALEP_Analysis_Github/m2_enum/c_lpa_m2.dat
Input data format  FREE


SUMMARY OF DATA

     Number of missing data patterns             1
     Number of y missing data patterns           1
     Number of u missing data patterns           0


COVARIANCE COVERAGE OF DATA

Minimum covariance coverage value   0.100


     PROPORTION OF DATA PRESENT FOR Y


           Covariance Coverage
              CQ            MG            PQ            LEC           CG
              ________      ________      ________      ________      ________
 CQ             1.000
 MG             1.000         1.000
 PQ             1.000         1.000         1.000
 LEC            1.000         1.000         1.000         1.000
 CG             1.000         1.000         1.000         1.000         1.000
 WG             1.000         1.000         1.000         1.000         1.000
 OG             1.000         1.000         1.000         1.000         1.000
 SQ             1.000         1.000         1.000         1.000         1.000


           Covariance Coverage
              WG            OG            SQ
              ________      ________      ________
 WG             1.000
 OG             1.000         1.000
 SQ             1.000         1.000         1.000


SAMPLE STATISTICS


     ESTIMATED SAMPLE STATISTICS


           Means
              CQ            MG            PQ            LEC           CG
              ________      ________      ________      ________      ________
                0.152         0.337         0.397         0.444         0.102


           Means
              WG            OG            SQ
              ________      ________      ________
                0.233         0.138         0.141


           Covariances
              CQ            MG            PQ            LEC           CG
              ________      ________      ________      ________      ________
 CQ             0.038
 MG            -0.026         0.105
 PQ            -0.007         0.015         0.105
 LEC            0.021        -0.091        -0.008         0.129
 CG             0.028        -0.015        -0.004         0.011         0.025
 WG            -0.033         0.087        -0.009        -0.086        -0.022
 OG            -0.013         0.023         0.012        -0.033        -0.009
 SQ            -0.005         0.012        -0.017        -0.014        -0.004


           Covariances
              WG            OG            SQ
              ________      ________      ________
 WG             0.139
 OG            -0.020         0.066
 SQ             0.025        -0.001         0.028


           Correlations
              CQ            MG            PQ            LEC           CG
              ________      ________      ________      ________      ________
 CQ             1.000
 MG            -0.414         1.000
 PQ            -0.109         0.147         1.000
 LEC            0.300        -0.778        -0.068         1.000
 CG             0.901        -0.288        -0.083         0.190         1.000
 WG            -0.452         0.720        -0.073        -0.643        -0.377
 OG            -0.265         0.280         0.147        -0.355        -0.220
 SQ            -0.149         0.217        -0.315        -0.235        -0.136


           Correlations
              WG            OG            SQ
              ________      ________      ________
 WG             1.000
 OG            -0.211         1.000
 SQ             0.397        -0.027         1.000


     MAXIMUM LOG-LIKELIHOOD VALUE FOR THE UNRESTRICTED (H1) MODEL IS 483.025


UNIVARIATE SAMPLE STATISTICS


     UNIVARIATE HIGHER-ORDER MOMENT DESCRIPTIVE STATISTICS

         Variable/         Mean/     Skewness/   Minimum/ % with                Percentiles
        Sample Size      Variance    Kurtosis    Maximum  Min/Max      20%/60%    40%/80%    Median

     CQ                    0.152       1.385       0.000   47.98%       0.000      0.000      0.054
             223.000       0.038       1.763       1.000    0.45%       0.152      0.321
     MG                    0.337       0.519       0.000   30.04%       0.000      0.121      0.269
             223.000       0.105      -1.002       1.000    4.04%       0.435      0.630
     PQ                    0.397       0.385       0.000   15.25%       0.048      0.227      0.314
             223.000       0.105      -1.218       1.000    3.14%       0.429      0.767
     LEC                   0.444       0.186       0.000   16.14%       0.043      0.250      0.400
             223.000       0.129      -1.499       1.000    5.38%       0.571      0.849
     CG                    0.102       1.723       0.000   56.05%       0.000      0.000      0.000
             223.000       0.025       2.628       0.792    0.45%       0.050      0.200
     WG                    0.233       1.216       0.000   66.37%       0.000      0.000      0.000
             223.000       0.139      -0.227       1.000   11.66%       0.000      0.673
     OG                    0.138       2.198       0.000   56.50%       0.000      0.000      0.000
             223.000       0.066       3.833       1.000    0.90%       0.048      0.225
     SQ                    0.141       1.724       0.000   24.22%       0.000      0.053      0.091
             223.000       0.028       3.105       0.900    0.45%       0.127      0.231

RANDOM STARTS RESULTS RANKED FROM THE BEST TO THE WORST LOGLIKELIHOOD VALUES


150 perturbed starting value run(s) did not converge or were rejected in the third stage.
Final stage loglikelihood values at local maxima, seeds, and initial stage start numbers:

             796.330  120506           45
             765.372  405079           68
             765.372  150531           154
             765.372  107446           12
             765.372  481835           57
             718.146  407168           44
            -101.474  202790           198
            -101.474  207896           25
            -101.474  345070           114
            -101.474  152496           123
            -101.474  860772           174
            -101.474  576596           99
            -101.474  313407           132
            -101.474  475420           71
            -101.474  783110           72
            -101.474  863094           147
            -101.474  46437            153
            -101.474  264081           186
            -101.474  318230           46
            -101.474  354208           196
            -101.474  939709           112
            -101.474  253358           2
            -101.474  637345           19
            -101.474  830392           35
            -101.474  391179           78
            -101.474  170954           86
            -101.474  40340            188
            -101.474  570908           98
            -101.474  535804           111
            -101.474  728038           177
            -101.474  466971           109
            -101.474  392418           28
            -101.474  411615           171

17 perturbed starting value run(s) did not converge or were rejected in the third stage.



     WARNING:  THE BEST LOGLIKELIHOOD VALUE WAS NOT REPLICATED.  THE
     SOLUTION MAY NOT BE TRUSTWORTHY DUE TO LOCAL MAXIMA.  INCREASE THE
     NUMBER OF RANDOM STARTS.

     THE STANDARD ERRORS OF THE MODEL PARAMETER ESTIMATES MAY NOT BE
     TRUSTWORTHY FOR SOME PARAMETERS DUE TO A NON-POSITIVE DEFINITE
     FIRST-ORDER DERIVATIVE PRODUCT MATRIX.  THIS MAY BE DUE TO THE STARTING
     VALUES BUT MAY ALSO BE AN INDICATION OF MODEL NONIDENTIFICATION.  THE
     CONDITION NUMBER IS       0.165D-15.  PROBLEM INVOLVING THE FOLLOWING PARAMETER:
     Parameter 14, %C#1%: WG


THE MODEL ESTIMATION TERMINATED NORMALLY



MODEL FIT INFORMATION

Number of Free Parameters                       33

Loglikelihood

          H0 Value                         796.330
          H0 Scaling Correction Factor      3.9011
            for MLR

Information Criteria

          Akaike (AIC)                   -1526.660
          Bayesian (BIC)                 -1414.224
          Sample-Size Adjusted BIC       -1518.805
            (n* = (n + 2) / 24)



FINAL CLASS COUNTS AND PROPORTIONS FOR THE LATENT CLASSES
BASED ON THE ESTIMATED MODEL

    Latent
   Classes

       1        123.01003          0.55161
       2         99.98997          0.44839


FINAL CLASS COUNTS AND PROPORTIONS FOR THE LATENT CLASSES
BASED ON ESTIMATED POSTERIOR PROBABILITIES

    Latent
   Classes

       1        123.01003          0.55161
       2         99.98997          0.44839


FINAL CLASS COUNTS AND PROPORTIONS FOR THE LATENT CLASSES
BASED ON THEIR MOST LIKELY LATENT CLASS MEMBERSHIP

Class Counts and Proportions

    Latent
   Classes

       1              123          0.55157
       2              100          0.44843


CLASSIFICATION QUALITY

     Entropy                         0.993


Average Latent Class Probabilities for Most Likely Latent Class Membership (Row)
by Latent Class (Column)

           1        2

    1   0.999    0.001
    2   0.002    0.998


Classification Probabilities for the Most Likely Latent Class Membership (Column)
by Latent Class (Row)

           1        2

    1   0.999    0.001
    2   0.002    0.998


Logits for the Classification Probabilities for the Most Likely Latent Class Membership (Column)
by Latent Class (Row)

              1        2

    1      6.618    0.000
    2     -6.474    0.000


MODEL RESULTS

                                                    Two-Tailed
                    Estimate       S.E.  Est./S.E.    P-Value

Latent Class 1

 Means
    CQ                 0.258      0.018     14.120      0.000
    MG                 0.104      0.015      6.984      0.000
    PQ                 0.367      0.021     17.254      0.000
    LEC                0.696      0.024     29.291      0.000
    CG                 0.173      0.016     10.807      0.000
    WG                 0.001      0.001      0.848      0.396
    OG                 0.054      0.009      6.172      0.000
    SQ                 0.102      0.010     10.568      0.000

 Variances
    CQ                 0.040      0.006      6.450      0.000
    MG                 0.027      0.005      5.233      0.000
    PQ                 0.053      0.006      9.566      0.000
    LEC                0.067      0.008      8.738      0.000
    CG                 0.031      0.005      6.795      0.000
    WG                 0.000      0.000      0.855      0.392
    OG                 0.008      0.002      3.776      0.000
    SQ                 0.011      0.002      5.903      0.000

Latent Class 2

 Means
    CQ                 0.020      0.008      2.654      0.008
    MG                 0.623      0.024     26.399      0.000
    PQ                 0.434      0.041     10.617      0.000
    LEC                0.133      0.018      7.569      0.000
    CG                 0.015      0.006      2.436      0.015
    WG                 0.520      0.041     12.778      0.000
    OG                 0.243      0.034      7.044      0.000
    SQ                 0.190      0.021      9.093      0.000

 Variances
    CQ                 0.005      0.003      1.981      0.048
    MG                 0.054      0.006      8.570      0.000
    PQ                 0.166      0.008     21.112      0.000
    LEC                0.030      0.008      3.911      0.000
    CG                 0.003      0.002      1.915      0.056
    WG                 0.162      0.010     15.719      0.000
    OG                 0.119      0.016      7.484      0.000
    SQ                 0.044      0.007      6.051      0.000

Categorical Latent Variables

 Means
    C#1                0.207      0.135      1.532      0.126


QUALITY OF NUMERICAL RESULTS

     Condition Number for the Information Matrix              0.165E-15
       (ratio of smallest to largest eigenvalue)


RESIDUAL OUTPUT


     ESTIMATED MODEL AND RESIDUALS (OBSERVED - ESTIMATED) FOR CLASS 1


           Model Estimated Means
              CQ            MG            PQ            LEC           CG
              ________      ________      ________      ________      ________
                0.258         0.104         0.367         0.696         0.173


           Model Estimated Means
              WG            OG            SQ
              ________      ________      ________
                0.001         0.054         0.102


           Residuals for Means
              CQ            MG            PQ            LEC           CG
              ________      ________      ________      ________      ________
                0.000         0.000         0.000         0.000         0.000


           Residuals for Means
              WG            OG            SQ
              ________      ________      ________
                0.000         0.000         0.000


           Model Estimated Covariances
              CQ            MG            PQ            LEC           CG
              ________      ________      ________      ________      ________
 CQ             0.040
 MG             0.000         0.027
 PQ             0.000         0.000         0.053
 LEC            0.000         0.000         0.000         0.067
 CG             0.000         0.000         0.000         0.000         0.031
 WG             0.000         0.000         0.000         0.000         0.000
 OG             0.000         0.000         0.000         0.000         0.000
 SQ             0.000         0.000         0.000         0.000         0.000


           Model Estimated Covariances
              WG            OG            SQ
              ________      ________      ________
 WG             0.000
 OG             0.000         0.008
 SQ             0.000         0.000         0.011


           Residuals for Covariances
              CQ            MG            PQ            LEC           CG
              ________      ________      ________      ________      ________
 CQ             0.000
 MG             0.012         0.000
 PQ            -0.004         0.006         0.000
 LEC           -0.024        -0.018        -0.008         0.000
 CG             0.030         0.013        -0.002        -0.023         0.000
 WG             0.000         0.000         0.000         0.000         0.000
 OG            -0.002         0.005         0.007        -0.006        -0.001
 SQ             0.003        -0.003         0.004         0.001         0.001


           Residuals for Covariances
              WG            OG            SQ
              ________      ________      ________
 WG             0.000
 OG             0.000         0.000
 SQ             0.000        -0.001         0.000


     ESTIMATED MODEL AND RESIDUALS (OBSERVED - ESTIMATED) FOR CLASS 2


           Model Estimated Means
              CQ            MG            PQ            LEC           CG
              ________      ________      ________      ________      ________
                0.020         0.623         0.434         0.133         0.015


           Model Estimated Means
              WG            OG            SQ
              ________      ________      ________
                0.520         0.243         0.190


           Residuals for Means
              CQ            MG            PQ            LEC           CG
              ________      ________      ________      ________      ________
                0.000         0.000         0.000         0.000         0.000


           Residuals for Means
              WG            OG            SQ
              ________      ________      ________
                0.000         0.000         0.000


           Model Estimated Covariances
              CQ            MG            PQ            LEC           CG
              ________      ________      ________      ________      ________
 CQ             0.005
 MG             0.000         0.054
 PQ             0.000         0.000         0.166
 LEC            0.000         0.000         0.000         0.030
 CG             0.000         0.000         0.000         0.000         0.003
 WG             0.000         0.000         0.000         0.000         0.000
 OG             0.000         0.000         0.000         0.000         0.000
 SQ             0.000         0.000         0.000         0.000         0.000


           Model Estimated Covariances
              WG            OG            SQ
              ________      ________      ________
 WG             0.162
 OG             0.000         0.119
 SQ             0.000         0.000         0.044


           Residuals for Covariances
              CQ            MG            PQ            LEC           CG
              ________      ________      ________      ________      ________
 CQ             0.000
 MG            -0.006         0.000
 PQ            -0.002         0.008         0.000
 LEC            0.003        -0.018         0.013         0.000
 CG             0.004        -0.004        -0.002         0.002         0.000
 WG            -0.006         0.045        -0.039        -0.030        -0.004
 OG            -0.002        -0.008         0.012        -0.006        -0.002
 SQ            -0.003         0.004        -0.046        -0.005        -0.002


           Residuals for Covariances
              WG            OG            SQ
              ________      ________      ________
 WG             0.000
 OG            -0.099         0.000
 SQ             0.030        -0.011         0.000


TECHNICAL 11 OUTPUT

     Random Starts Specifications for the k-1 Class Analysis Model
        Number of initial stage random starts                 200
        Number of final stage optimizations                    50



     VUONG-LO-MENDELL-RUBIN LIKELIHOOD RATIO TEST FOR 1 (H0) VERSUS 2 CLASSES

          H0 Loglikelihood Value                         -101.474
          2 Times the Loglikelihood Difference           1795.609
          Difference in the Number of Parameters               17
          Mean                                           5877.501
          Standard Deviation                             7549.513
          P-Value                                          0.6436

     LO-MENDELL-RUBIN ADJUSTED LRT TEST

          Value                                          1776.285
          P-Value                                          0.6462


TECHNICAL 14 OUTPUT

     Random Starts Specifications for the k-1 Class Analysis Model
        Number of initial stage random starts                 200
        Number of final stage optimizations                    50

     Random Starts Specification for the k-1 Class Model for Generated Data
        Number of initial stage random starts                   0
        Number of final stage optimizations for the
           initial stage random starts                          0
     Random Starts Specification for the k Class Model for Generated Data
        Number of initial stage random starts                  40
        Number of final stage optimizations                     8
     Number of bootstrap draws requested                   Varies


     PARAMETRIC BOOTSTRAPPED LIKELIHOOD RATIO TEST FOR 1 (H0) VERSUS 2 CLASSES

          H0 Loglikelihood Value                         -101.474
          2 Times the Loglikelihood Difference           1795.609
          Difference in the Number of Parameters               17
          Approximate P-Value                              0.0000
          Successful Bootstrap Draws                            5

     WARNING:  OF THE 5 BOOTSTRAP DRAWS, 3 DRAWS HAD BOTH A SMALLER LRT VALUE THAN THE
     OBSERVED LRT VALUE AND NOT A REPLICATED BEST LOGLIKELIHOOD VALUE FOR THE 2-CLASS MODEL.
     THIS MEANS THAT THE P-VALUE MAY NOT BE TRUSTWORTHY DUE TO LOCAL MAXIMA.
     INCREASE THE NUMBER OF RANDOM STARTS USING THE LRTSTARTS OPTION.



PLOT INFORMATION

The following plots are available:

  Histograms (sample values)
  Scatterplots (sample values)
  Sample means
  Estimated means, medians, modes, and percentiles
  Sample and estimated means
  Observed individual values
  Estimated means and observed individual values
  Estimated overall and class-specific distributions

     Beginning Time:  14:35:44
        Ending Time:  14:35:47
       Elapsed Time:  00:00:03



MUTHEN & MUTHEN
3463 Stoner Ave.
Los Angeles, CA  90066

Tel: (310) 391-9971
Fax: (310) 391-8971
Web: www.StatModel.com
Support: Support@StatModel.com

Copyright (c) 1998-2024 Muthen & Muthen
