Mplus VERSION 8.11 (Mac)
MUTHEN & MUTHEN
03/26/2025   2:35 PM

INPUT INSTRUCTIONS

  TITLE:
  M2: Class3
  DATA:
  FILE = "/Users/MeaganSundstrom_1/Desktop/CALEP_Analysis_Github/m2_enum/
  c_lpa_m2.dat";
  VARIABLE:
  NAMES = CQ MG PQ Lec CG WG OG SQ Study Method Course;
   MISSING=.;
   usevar = CQ-SQ;
  classes = c(3);
  ANALYSIS:
  estimator = mlr;
      type = mixture;
      starts = 200 50;
      processors = 10;
  MODEL:
  %c#1%
      [CQ-SQ];   !!! means are are freely estimated
      CQ-SQ;     !!! variances are freely estimated
                             !!! covariances are fixed to zero (default)
   %c#2%
   [CQ-SQ];
   CQ-SQ;

   %c#3%
   [CQ-SQ];
   CQ-SQ;

  ! %c#4%
  ! [CQ-SQ];
  ! CQ-SQ;

  ! %c#5%
  ! [CQ-SQ];
  ! CQ-SQ;

  ! %c#6%
  ! [CQ-SQ];
  ! CQ-SQ;

  OUTPUT:
  sampstat residual tech11 tech14;
  PLOT:
  type = plot3;
       series = CQ-SQ(*);



*** WARNING in MODEL command
  All variables are uncorrelated with all other variables within class.
  Check that this is what is intended.
   1 WARNING(S) FOUND IN THE INPUT INSTRUCTIONS




M2: Class3

SUMMARY OF ANALYSIS

Number of groups                                                 1
Number of observations                                         223

Number of dependent variables                                    8
Number of independent variables                                  0
Number of continuous latent variables                            0
Number of categorical latent variables                           1

Observed dependent variables

  Continuous
   CQ          MG          PQ          LEC         CG          WG
   OG          SQ

Categorical latent variables
   C


Estimator                                                      MLR
Information matrix                                        OBSERVED
Optimization Specifications for the Quasi-Newton Algorithm for
Continuous Outcomes
  Maximum number of iterations                                 100
  Convergence criterion                                  0.100D-05
Optimization Specifications for the EM Algorithm
  Maximum number of iterations                                 500
  Convergence criteria
    Loglikelihood change                                 0.100D-06
    Relative loglikelihood change                        0.100D-06
    Derivative                                           0.100D-05
Optimization Specifications for the M step of the EM Algorithm for
Categorical Latent variables
  Number of M step iterations                                    1
  M step convergence criterion                           0.100D-05
  Basis for M step termination                           ITERATION
Optimization Specifications for the M step of the EM Algorithm for
Censored, Binary or Ordered Categorical (Ordinal), Unordered
Categorical (Nominal) and Count Outcomes
  Number of M step iterations                                    1
  M step convergence criterion                           0.100D-05
  Basis for M step termination                           ITERATION
  Maximum value for logit thresholds                            15
  Minimum value for logit thresholds                           -15
  Minimum expected cell size for chi-square              0.100D-01
Maximum number of iterations for H1                           2000
Convergence criterion for H1                             0.100D-03
Optimization algorithm                                         EMA
Random Starts Specifications
  Number of initial stage random starts                        200
  Number of final stage optimizations                           50
  Number of initial stage iterations                            10
  Initial stage convergence criterion                    0.100D+01
  Random starts scale                                    0.500D+01
  Random seed for generating random starts                       0

Input data file(s)
  /Users/MeaganSundstrom_1/Desktop/CALEP_Analysis_Github/m2_enum/c_lpa_m2.dat
Input data format  FREE


SUMMARY OF DATA

     Number of missing data patterns             1
     Number of y missing data patterns           1
     Number of u missing data patterns           0


COVARIANCE COVERAGE OF DATA

Minimum covariance coverage value   0.100


     PROPORTION OF DATA PRESENT FOR Y


           Covariance Coverage
              CQ            MG            PQ            LEC           CG
              ________      ________      ________      ________      ________
 CQ             1.000
 MG             1.000         1.000
 PQ             1.000         1.000         1.000
 LEC            1.000         1.000         1.000         1.000
 CG             1.000         1.000         1.000         1.000         1.000
 WG             1.000         1.000         1.000         1.000         1.000
 OG             1.000         1.000         1.000         1.000         1.000
 SQ             1.000         1.000         1.000         1.000         1.000


           Covariance Coverage
              WG            OG            SQ
              ________      ________      ________
 WG             1.000
 OG             1.000         1.000
 SQ             1.000         1.000         1.000


SAMPLE STATISTICS


     ESTIMATED SAMPLE STATISTICS


           Means
              CQ            MG            PQ            LEC           CG
              ________      ________      ________      ________      ________
                0.152         0.337         0.397         0.444         0.102


           Means
              WG            OG            SQ
              ________      ________      ________
                0.233         0.138         0.141


           Covariances
              CQ            MG            PQ            LEC           CG
              ________      ________      ________      ________      ________
 CQ             0.038
 MG            -0.026         0.105
 PQ            -0.007         0.015         0.105
 LEC            0.021        -0.091        -0.008         0.129
 CG             0.028        -0.015        -0.004         0.011         0.025
 WG            -0.033         0.087        -0.009        -0.086        -0.022
 OG            -0.013         0.023         0.012        -0.033        -0.009
 SQ            -0.005         0.012        -0.017        -0.014        -0.004


           Covariances
              WG            OG            SQ
              ________      ________      ________
 WG             0.139
 OG            -0.020         0.066
 SQ             0.025        -0.001         0.028


           Correlations
              CQ            MG            PQ            LEC           CG
              ________      ________      ________      ________      ________
 CQ             1.000
 MG            -0.414         1.000
 PQ            -0.109         0.147         1.000
 LEC            0.300        -0.778        -0.068         1.000
 CG             0.901        -0.288        -0.083         0.190         1.000
 WG            -0.452         0.720        -0.073        -0.643        -0.377
 OG            -0.265         0.280         0.147        -0.355        -0.220
 SQ            -0.149         0.217        -0.315        -0.235        -0.136


           Correlations
              WG            OG            SQ
              ________      ________      ________
 WG             1.000
 OG            -0.211         1.000
 SQ             0.397        -0.027         1.000


     MAXIMUM LOG-LIKELIHOOD VALUE FOR THE UNRESTRICTED (H1) MODEL IS 483.025


UNIVARIATE SAMPLE STATISTICS


     UNIVARIATE HIGHER-ORDER MOMENT DESCRIPTIVE STATISTICS

         Variable/         Mean/     Skewness/   Minimum/ % with                Percentiles
        Sample Size      Variance    Kurtosis    Maximum  Min/Max      20%/60%    40%/80%    Median

     CQ                    0.152       1.385       0.000   47.98%       0.000      0.000      0.054
             223.000       0.038       1.763       1.000    0.45%       0.152      0.321
     MG                    0.337       0.519       0.000   30.04%       0.000      0.121      0.269
             223.000       0.105      -1.002       1.000    4.04%       0.435      0.630
     PQ                    0.397       0.385       0.000   15.25%       0.048      0.227      0.314
             223.000       0.105      -1.218       1.000    3.14%       0.429      0.767
     LEC                   0.444       0.186       0.000   16.14%       0.043      0.250      0.400
             223.000       0.129      -1.499       1.000    5.38%       0.571      0.849
     CG                    0.102       1.723       0.000   56.05%       0.000      0.000      0.000
             223.000       0.025       2.628       0.792    0.45%       0.050      0.200
     WG                    0.233       1.216       0.000   66.37%       0.000      0.000      0.000
             223.000       0.139      -0.227       1.000   11.66%       0.000      0.673
     OG                    0.138       2.198       0.000   56.50%       0.000      0.000      0.000
             223.000       0.066       3.833       1.000    0.90%       0.048      0.225
     SQ                    0.141       1.724       0.000   24.22%       0.000      0.053      0.091
             223.000       0.028       3.105       0.900    0.45%       0.127      0.231

RANDOM STARTS RESULTS RANKED FROM THE BEST TO THE WORST LOGLIKELIHOOD VALUES


165 perturbed starting value run(s) did not converge or were rejected in the third stage.
Final stage loglikelihood values at local maxima, seeds, and initial stage start numbers:

             765.372  496881           192
             765.372  544048           87
             765.372  372176           23
             765.372  25127            107
             765.372  915642           40
             765.372  329127           185
             718.146  345070           114
            -101.474  192071           142
            -101.474  783110           72
            -101.474  848969           173
            -101.474  152496           123
            -101.474  352277           42
            -101.474  830392           35
            -101.474  411615           171
            -101.474  860772           174
            -101.474  458181           189
            -101.474  202790           198
            -101.474  466971           109
            -101.474  939709           112
            -101.474  392418           28
            -101.474  347515           24
            -101.474  576596           99
            -101.474  967902           52
            -101.474  863094           147
            -101.474  637345           19
            -101.474  263268           165
            -101.474  264081           186
            -101.474  570908           98
            -101.474  393232           152
            -101.474  170954           86
            -101.474  568859           49
            -101.474  608496           4

18 perturbed starting value run(s) did not converge or were rejected in the third stage.



THE BEST LOGLIKELIHOOD VALUE HAS BEEN REPLICATED.  RERUN WITH AT LEAST TWICE THE
RANDOM STARTS TO CHECK THAT THE BEST LOGLIKELIHOOD IS STILL OBTAINED AND REPLICATED.

     ONE OR MORE PARAMETERS WERE FIXED TO AVOID SINGULARITY OF THE
     INFORMATION MATRIX. THE SINGULARITY IS MOST LIKELY BECAUSE THE
     MODEL IS NOT IDENTIFIED, OR BECAUSE OF EMPTY CELLS IN THE JOINT
     DISTRIBUTION OF THE CATEGORICAL VARIABLES IN THE MODEL.
     THE FOLLOWING PARAMETERS WERE FIXED:
     Parameter 33, %C#3%: [ CQ ]
     Parameter 34, %C#3%: [ MG ]
     Parameter 35, %C#3%: [ PQ ]
     Parameter 36, %C#3%: [ LEC ]
     Parameter 37, %C#3%: [ CG ]
     Parameter 38, %C#3%: [ WG ]
     Parameter 39, %C#3%: [ OG ]
     Parameter 40, %C#3%: [ SQ ]
     Parameter 41, %C#3%: CQ
     Parameter 42, %C#3%: MG
     Parameter 43, %C#3%: PQ
     Parameter 44, %C#3%: LEC
     Parameter 45, %C#3%: CG
     Parameter 46, %C#3%: WG
     Parameter 47, %C#3%: OG
     Parameter 48, %C#3%: SQ
     Parameter 50, [ C#2 ]


THE MODEL ESTIMATION TERMINATED NORMALLY



MODEL FIT INFORMATION

Number of Free Parameters                       50

Loglikelihood

          H0 Value                         765.372
          H0 Scaling Correction Factor      1.7154
            for MLR

Information Criteria

          Akaike (AIC)                   -1430.744
          Bayesian (BIC)                 -1260.385
          Sample-Size Adjusted BIC       -1418.841
            (n* = (n + 2) / 24)



FINAL CLASS COUNTS AND PROPORTIONS FOR THE LATENT CLASSES
BASED ON THE ESTIMATED MODEL

    Latent
   Classes

       1         97.13755          0.43559
       2        125.86245          0.56441
       3          0.00000          0.00000


FINAL CLASS COUNTS AND PROPORTIONS FOR THE LATENT CLASSES
BASED ON ESTIMATED POSTERIOR PROBABILITIES

    Latent
   Classes

       1         97.13755          0.43559
       2        125.86245          0.56441
       3          0.00000          0.00000


FINAL CLASS COUNTS AND PROPORTIONS FOR THE LATENT CLASSES
BASED ON THEIR MOST LIKELY LATENT CLASS MEMBERSHIP

Class Counts and Proportions

    Latent
   Classes

       1               97          0.43498
       2              126          0.56502
       3                0          0.00000


CLASSIFICATION QUALITY

     Entropy                         0.994


Average Latent Class Probabilities for Most Likely Latent Class Membership (Row)
by Latent Class (Column)

           1        2        3

    1   0.999    0.001    0.000
    2   0.002    0.998    0.000
    3   0.000    0.000    0.000


Classification Probabilities for the Most Likely Latent Class Membership (Column)
by Latent Class (Row)

           1        2        3

    1   0.997    0.003    0.000
    2   0.001    0.999    0.000
    3   0.000    0.000    0.000


Logits for the Classification Probabilities for the Most Likely Latent Class Membership (Column)
by Latent Class (Row)

              1        2        3

    1     13.813    7.904    0.000
    2      6.905   13.815    0.000
    3      0.000    0.000    0.000


MODEL RESULTS

                                                    Two-Tailed
                    Estimate       S.E.  Est./S.E.    P-Value

Latent Class 1

 Means
    CQ                 0.017      0.006      2.773      0.006
    MG                 0.629      0.024     26.160      0.000
    PQ                 0.440      0.042     10.537      0.000
    LEC                0.116      0.016      7.370      0.000
    CG                 0.012      0.005      2.504      0.012
    WG                 0.533      0.041     12.933      0.000
    OG                 0.250      0.035      7.094      0.000
    SQ                 0.187      0.021      8.839      0.000

 Variances
    CQ                 0.003      0.002      2.196      0.028
    MG                 0.053      0.006      8.446      0.000
    PQ                 0.169      0.008     21.729      0.000
    LEC                0.020      0.006      3.466      0.001
    CG                 0.002      0.001      2.221      0.026
    WG                 0.160      0.011     15.011      0.000
    OG                 0.120      0.016      7.582      0.000
    SQ                 0.043      0.008      5.769      0.000

Latent Class 2

 Means
    CQ                 0.256      0.018     14.205      0.000
    MG                 0.112      0.015      7.223      0.000
    PQ                 0.363      0.021     17.410      0.000
    LEC                0.697      0.023     30.022      0.000
    CG                 0.172      0.016     10.970      0.000
    WG                 0.002      0.001      1.716      0.086
    OG                 0.052      0.008      6.247      0.000
    SQ                 0.106      0.010     10.437      0.000

 Variances
    CQ                 0.041      0.006      6.602      0.000
    MG                 0.029      0.005      5.621      0.000
    PQ                 0.053      0.006      9.612      0.000
    LEC                0.065      0.007      8.817      0.000
    CG                 0.031      0.004      6.930      0.000
    WG                 0.000      0.000      1.436      0.151
    OG                 0.008      0.002      3.832      0.000
    SQ                 0.013      0.002      5.913      0.000

Latent Class 3

 Means
    CQ                 1.208      0.000    999.000    999.000
    MG                 0.326      0.000    999.000    999.000
    PQ                 1.090      0.000    999.000    999.000
    LEC                2.213      0.000    999.000    999.000
    CG                -0.873      0.000    999.000    999.000
    WG                 0.876      0.000    999.000    999.000
    OG                -0.327      0.000    999.000    999.000
    SQ                 1.704      0.000    999.000    999.000

 Variances
    CQ                 0.019      0.000    999.000    999.000
    MG                 0.053      0.000    999.000    999.000
    PQ                 0.053      0.000    999.000    999.000
    LEC                0.064      0.000    999.000    999.000
    CG                 0.012      0.000    999.000    999.000
    WG                 0.070      0.000    999.000    999.000
    OG                 0.033      0.000    999.000    999.000
    SQ                 0.014      0.000    999.000    999.000

Categorical Latent Variables

 Means
    C#1              644.886      0.136   4748.654      0.000
    C#2              645.145      0.000    999.000    999.000


QUALITY OF NUMERICAL RESULTS

     Condition Number for the Information Matrix              0.441E-07
       (ratio of smallest to largest eigenvalue)


RESIDUAL OUTPUT


     ESTIMATED MODEL AND RESIDUALS (OBSERVED - ESTIMATED) FOR CLASS 1


           Model Estimated Means
              CQ            MG            PQ            LEC           CG
              ________      ________      ________      ________      ________
                0.017         0.629         0.440         0.116         0.012


           Model Estimated Means
              WG            OG            SQ
              ________      ________      ________
                0.533         0.250         0.187


           Residuals for Means
              CQ            MG            PQ            LEC           CG
              ________      ________      ________      ________      ________
                0.000         0.000         0.000         0.000         0.000


           Residuals for Means
              WG            OG            SQ
              ________      ________      ________
                0.000         0.000         0.000


           Model Estimated Covariances
              CQ            MG            PQ            LEC           CG
              ________      ________      ________      ________      ________
 CQ             0.003
 MG             0.000         0.053
 PQ             0.000         0.000         0.169
 LEC            0.000         0.000         0.000         0.020
 CG             0.000         0.000         0.000         0.000         0.002
 WG             0.000         0.000         0.000         0.000         0.000
 OG             0.000         0.000         0.000         0.000         0.000
 SQ             0.000         0.000         0.000         0.000         0.000


           Model Estimated Covariances
              WG            OG            SQ
              ________      ________      ________
 WG             0.160
 OG             0.000         0.120
 SQ             0.000         0.000         0.043


           Residuals for Covariances
              CQ            MG            PQ            LEC           CG
              ________      ________      ________      ________      ________
 CQ             0.000
 MG            -0.004         0.000
 PQ             0.000         0.007         0.000
 LEC            0.002        -0.016         0.016         0.000
 CG             0.003        -0.002         0.000         0.002         0.000
 WG            -0.005         0.045        -0.043        -0.023        -0.003
 OG            -0.002        -0.009         0.010        -0.002        -0.001
 SQ            -0.002         0.004        -0.048        -0.008        -0.001


           Residuals for Covariances
              WG            OG            SQ
              ________      ________      ________
 WG             0.000
 OG            -0.105         0.000
 SQ             0.032        -0.010         0.000


     ESTIMATED MODEL AND RESIDUALS (OBSERVED - ESTIMATED) FOR CLASS 2


           Model Estimated Means
              CQ            MG            PQ            LEC           CG
              ________      ________      ________      ________      ________
                0.256         0.112         0.363         0.697         0.172


           Model Estimated Means
              WG            OG            SQ
              ________      ________      ________
                0.002         0.052         0.106


           Residuals for Means
              CQ            MG            PQ            LEC           CG
              ________      ________      ________      ________      ________
                0.000         0.000         0.000         0.000         0.000


           Residuals for Means
              WG            OG            SQ
              ________      ________      ________
                0.000         0.000         0.000


           Model Estimated Covariances
              CQ            MG            PQ            LEC           CG
              ________      ________      ________      ________      ________
 CQ             0.041
 MG             0.000         0.029
 PQ             0.000         0.000         0.053
 LEC            0.000         0.000         0.000         0.065
 CG             0.000         0.000         0.000         0.000         0.031
 WG             0.000         0.000         0.000         0.000         0.000
 OG             0.000         0.000         0.000         0.000         0.000
 SQ             0.000         0.000         0.000         0.000         0.000


           Model Estimated Covariances
              WG            OG            SQ
              ________      ________      ________
 WG             0.000
 OG             0.000         0.008
 SQ             0.000         0.000         0.013


           Residuals for Covariances
              CQ            MG            PQ            LEC           CG
              ________      ________      ________      ________      ________
 CQ             0.000
 MG             0.010         0.000
 PQ            -0.004         0.005         0.000
 LEC           -0.025        -0.017        -0.007         0.000
 CG             0.030         0.012        -0.002        -0.023         0.000
 WG             0.000         0.001         0.000         0.000         0.000
 OG            -0.002         0.004         0.007        -0.006        -0.001
 SQ             0.001         0.000         0.004         0.002         0.000


           Residuals for Covariances
              WG            OG            SQ
              ________      ________      ________
 WG             0.000
 OG             0.000         0.000
 SQ             0.000        -0.001         0.000


     ESTIMATED MODEL AND RESIDUALS (OBSERVED - ESTIMATED) FOR CLASS 3


           Model Estimated Means
              CQ            MG            PQ            LEC           CG
              ________      ________      ________      ________      ________
                1.208         0.326         1.090         2.213        -0.873


           Model Estimated Means
              WG            OG            SQ
              ________      ________      ________
                0.876        -0.327         1.704


           Residuals for Means
              CQ            MG            PQ            LEC           CG
              ________      ________      ________      ________      ________
               -0.768        -0.156        -1.069        -1.754         1.203


           Residuals for Means
              WG            OG            SQ
              ________      ________      ________
               -0.735         0.327        -1.684


           Model Estimated Covariances
              CQ            MG            PQ            LEC           CG
              ________      ________      ________      ________      ________
 CQ             0.019
 MG             0.000         0.053
 PQ             0.000         0.000         0.053
 LEC            0.000         0.000         0.000         0.064
 CG             0.000         0.000         0.000         0.000         0.012
 WG             0.000         0.000         0.000         0.000         0.000
 OG             0.000         0.000         0.000         0.000         0.000
 SQ             0.000         0.000         0.000         0.000         0.000


           Model Estimated Covariances
              WG            OG            SQ
              ________      ________      ________
 WG             0.070
 OG             0.000         0.033
 SQ             0.000         0.000         0.014


           Residuals for Covariances
              CQ            MG            PQ            LEC           CG
              ________      ________      ________      ________      ________
 CQ            -0.019
 MG             0.000        -0.053
 PQ             0.000         0.000        -0.052
 LEC            0.000         0.000         0.000        -0.064
 CG             0.000         0.000         0.000         0.000        -0.012
 WG             0.000         0.000         0.000         0.000         0.000
 OG             0.000         0.000         0.000         0.000         0.000
 SQ             0.000         0.000         0.000         0.000         0.000


           Residuals for Covariances
              WG            OG            SQ
              ________      ________      ________
 WG            -0.069
 OG             0.000        -0.033
 SQ             0.000         0.000        -0.014


TECHNICAL 11 OUTPUT

     Random Starts Specifications for the k-1 Class Analysis Model
        Number of initial stage random starts                 200
        Number of final stage optimizations                    50



     VUONG-LO-MENDELL-RUBIN LIKELIHOOD RATIO TEST FOR 2 (H0) VERSUS 3 CLASSES

          H0 Loglikelihood Value                          765.372
          2 Times the Loglikelihood Difference              0.000
          Difference in the Number of Parameters               17
          Mean                                              0.000
          Standard Deviation                                0.000
          P-Value                                          0.5000

     LO-MENDELL-RUBIN ADJUSTED LRT TEST

          Value                                             0.000
          P-Value                                          0.5000


TECHNICAL 14 OUTPUT

     Random Starts Specifications for the k-1 Class Analysis Model
        Number of initial stage random starts                 200
        Number of final stage optimizations                    50

     Random Starts Specification for the k-1 Class Model for Generated Data
        Number of initial stage random starts                   0
        Number of final stage optimizations for the
           initial stage random starts                          0
     Random Starts Specification for the k Class Model for Generated Data
        Number of initial stage random starts                  40
        Number of final stage optimizations                     8
     Number of bootstrap draws requested                   Varies


     PARAMETRIC BOOTSTRAPPED LIKELIHOOD RATIO TEST FOR 2 (H0) VERSUS 3 CLASSES

          H0 Loglikelihood Value                          765.372
          2 Times the Loglikelihood Difference              0.000
          Difference in the Number of Parameters               17
          Approximate P-Value                              1.0000
          Successful Bootstrap Draws                            2


PLOT INFORMATION

The following plots are available:

  Histograms (sample values)
  Scatterplots (sample values)
  Sample means
  Estimated means, medians, modes, and percentiles
  Sample and estimated means
  Observed individual values
  Estimated means and observed individual values
  Estimated overall and class-specific distributions

     Beginning Time:  14:35:47
        Ending Time:  14:35:52
       Elapsed Time:  00:00:05



MUTHEN & MUTHEN
3463 Stoner Ave.
Los Angeles, CA  90066

Tel: (310) 391-9971
Fax: (310) 391-8971
Web: www.StatModel.com
Support: Support@StatModel.com

Copyright (c) 1998-2024 Muthen & Muthen
