Mplus VERSION 8.11 (Mac)
MUTHEN & MUTHEN
03/26/2025   2:36 PM

INPUT INSTRUCTIONS

  TITLE:
  M2: Class6
  DATA:
  FILE = "/Users/MeaganSundstrom_1/Desktop/CALEP_Analysis_Github/m2_enum/
  c_lpa_m2.dat";
  VARIABLE:
  NAMES = CQ MG PQ Lec CG WG OG SQ Study Method Course;
   MISSING=.;
   usevar = CQ-SQ;
  classes = c(6);
  ANALYSIS:
  estimator = mlr;
      type = mixture;
      starts = 200 50;
      processors = 10;
  MODEL:
  %c#1%
      [CQ-SQ];   !!! means are are freely estimated
      CQ-SQ;     !!! variances are freely estimated
                             !!! covariances are fixed to zero (default)
   %c#2%
   [CQ-SQ];
   CQ-SQ;

   %c#3%
   [CQ-SQ];
   CQ-SQ;

   %c#4%
   [CQ-SQ];
   CQ-SQ;

   %c#5%
   [CQ-SQ];
   CQ-SQ;

   %c#6%
   [CQ-SQ];
   CQ-SQ;

  OUTPUT:
  sampstat residual tech11 tech14;
  PLOT:
  type = plot3;
       series = CQ-SQ(*);



*** WARNING in MODEL command
  All variables are uncorrelated with all other variables within class.
  Check that this is what is intended.
   1 WARNING(S) FOUND IN THE INPUT INSTRUCTIONS




M2: Class6

SUMMARY OF ANALYSIS

Number of groups                                                 1
Number of observations                                         223

Number of dependent variables                                    8
Number of independent variables                                  0
Number of continuous latent variables                            0
Number of categorical latent variables                           1

Observed dependent variables

  Continuous
   CQ          MG          PQ          LEC         CG          WG
   OG          SQ

Categorical latent variables
   C


Estimator                                                      MLR
Information matrix                                        OBSERVED
Optimization Specifications for the Quasi-Newton Algorithm for
Continuous Outcomes
  Maximum number of iterations                                 100
  Convergence criterion                                  0.100D-05
Optimization Specifications for the EM Algorithm
  Maximum number of iterations                                 500
  Convergence criteria
    Loglikelihood change                                 0.100D-06
    Relative loglikelihood change                        0.100D-06
    Derivative                                           0.100D-05
Optimization Specifications for the M step of the EM Algorithm for
Categorical Latent variables
  Number of M step iterations                                    1
  M step convergence criterion                           0.100D-05
  Basis for M step termination                           ITERATION
Optimization Specifications for the M step of the EM Algorithm for
Censored, Binary or Ordered Categorical (Ordinal), Unordered
Categorical (Nominal) and Count Outcomes
  Number of M step iterations                                    1
  M step convergence criterion                           0.100D-05
  Basis for M step termination                           ITERATION
  Maximum value for logit thresholds                            15
  Minimum value for logit thresholds                           -15
  Minimum expected cell size for chi-square              0.100D-01
Maximum number of iterations for H1                           2000
Convergence criterion for H1                             0.100D-03
Optimization algorithm                                         EMA
Random Starts Specifications
  Number of initial stage random starts                        200
  Number of final stage optimizations                           50
  Number of initial stage iterations                            10
  Initial stage convergence criterion                    0.100D+01
  Random starts scale                                    0.500D+01
  Random seed for generating random starts                       0

Input data file(s)
  /Users/MeaganSundstrom_1/Desktop/CALEP_Analysis_Github/m2_enum/c_lpa_m2.dat
Input data format  FREE


SUMMARY OF DATA

     Number of missing data patterns             1
     Number of y missing data patterns           1
     Number of u missing data patterns           0


COVARIANCE COVERAGE OF DATA

Minimum covariance coverage value   0.100


     PROPORTION OF DATA PRESENT FOR Y


           Covariance Coverage
              CQ            MG            PQ            LEC           CG
              ________      ________      ________      ________      ________
 CQ             1.000
 MG             1.000         1.000
 PQ             1.000         1.000         1.000
 LEC            1.000         1.000         1.000         1.000
 CG             1.000         1.000         1.000         1.000         1.000
 WG             1.000         1.000         1.000         1.000         1.000
 OG             1.000         1.000         1.000         1.000         1.000
 SQ             1.000         1.000         1.000         1.000         1.000


           Covariance Coverage
              WG            OG            SQ
              ________      ________      ________
 WG             1.000
 OG             1.000         1.000
 SQ             1.000         1.000         1.000


SAMPLE STATISTICS


     ESTIMATED SAMPLE STATISTICS


           Means
              CQ            MG            PQ            LEC           CG
              ________      ________      ________      ________      ________
                0.152         0.337         0.397         0.444         0.102


           Means
              WG            OG            SQ
              ________      ________      ________
                0.233         0.138         0.141


           Covariances
              CQ            MG            PQ            LEC           CG
              ________      ________      ________      ________      ________
 CQ             0.038
 MG            -0.026         0.105
 PQ            -0.007         0.015         0.105
 LEC            0.021        -0.091        -0.008         0.129
 CG             0.028        -0.015        -0.004         0.011         0.025
 WG            -0.033         0.087        -0.009        -0.086        -0.022
 OG            -0.013         0.023         0.012        -0.033        -0.009
 SQ            -0.005         0.012        -0.017        -0.014        -0.004


           Covariances
              WG            OG            SQ
              ________      ________      ________
 WG             0.139
 OG            -0.020         0.066
 SQ             0.025        -0.001         0.028


           Correlations
              CQ            MG            PQ            LEC           CG
              ________      ________      ________      ________      ________
 CQ             1.000
 MG            -0.414         1.000
 PQ            -0.109         0.147         1.000
 LEC            0.300        -0.778        -0.068         1.000
 CG             0.901        -0.288        -0.083         0.190         1.000
 WG            -0.452         0.720        -0.073        -0.643        -0.377
 OG            -0.265         0.280         0.147        -0.355        -0.220
 SQ            -0.149         0.217        -0.315        -0.235        -0.136


           Correlations
              WG            OG            SQ
              ________      ________      ________
 WG             1.000
 OG            -0.211         1.000
 SQ             0.397        -0.027         1.000


     MAXIMUM LOG-LIKELIHOOD VALUE FOR THE UNRESTRICTED (H1) MODEL IS 483.025


UNIVARIATE SAMPLE STATISTICS


     UNIVARIATE HIGHER-ORDER MOMENT DESCRIPTIVE STATISTICS

         Variable/         Mean/     Skewness/   Minimum/ % with                Percentiles
        Sample Size      Variance    Kurtosis    Maximum  Min/Max      20%/60%    40%/80%    Median

     CQ                    0.152       1.385       0.000   47.98%       0.000      0.000      0.054
             223.000       0.038       1.763       1.000    0.45%       0.152      0.321
     MG                    0.337       0.519       0.000   30.04%       0.000      0.121      0.269
             223.000       0.105      -1.002       1.000    4.04%       0.435      0.630
     PQ                    0.397       0.385       0.000   15.25%       0.048      0.227      0.314
             223.000       0.105      -1.218       1.000    3.14%       0.429      0.767
     LEC                   0.444       0.186       0.000   16.14%       0.043      0.250      0.400
             223.000       0.129      -1.499       1.000    5.38%       0.571      0.849
     CG                    0.102       1.723       0.000   56.05%       0.000      0.000      0.000
             223.000       0.025       2.628       0.792    0.45%       0.050      0.200
     WG                    0.233       1.216       0.000   66.37%       0.000      0.000      0.000
             223.000       0.139      -0.227       1.000   11.66%       0.000      0.673
     OG                    0.138       2.198       0.000   56.50%       0.000      0.000      0.000
             223.000       0.066       3.833       1.000    0.90%       0.048      0.225
     SQ                    0.141       1.724       0.000   24.22%       0.000      0.053      0.091
             223.000       0.028       3.105       0.900    0.45%       0.127      0.231

RANDOM STARTS RESULTS RANKED FROM THE BEST TO THE WORST LOGLIKELIHOOD VALUES


187 perturbed starting value run(s) did not converge or were rejected in the third stage.
Final stage loglikelihood values at local maxima, seeds, and initial stage start numbers:

            -101.474  12477            155
            -101.474  458181           189
            -101.474  645664           39
            -101.474  484501           163
            -101.474  568859           49
            -101.474  292884           103
            -101.474  168762           200
            -101.474  476498           179
            -101.474  674171           195

41 perturbed starting value run(s) did not converge or were rejected in the third stage.



THE BEST LOGLIKELIHOOD VALUE HAS BEEN REPLICATED.  RERUN WITH AT LEAST TWICE THE
RANDOM STARTS TO CHECK THAT THE BEST LOGLIKELIHOOD IS STILL OBTAINED AND REPLICATED.

     ONE OR MORE PARAMETERS WERE FIXED TO AVOID SINGULARITY OF THE
     INFORMATION MATRIX. THE SINGULARITY IS MOST LIKELY BECAUSE THE
     MODEL IS NOT IDENTIFIED, OR BECAUSE OF EMPTY CELLS IN THE JOINT
     DISTRIBUTION OF THE CATEGORICAL VARIABLES IN THE MODEL.
     THE FOLLOWING PARAMETERS WERE FIXED:
     Parameter 17, %C#2%: [ CQ ]
     Parameter 18, %C#2%: [ MG ]
     Parameter 19, %C#2%: [ PQ ]
     Parameter 20, %C#2%: [ LEC ]
     Parameter 21, %C#2%: [ CG ]
     Parameter 22, %C#2%: [ WG ]
     Parameter 23, %C#2%: [ OG ]
     Parameter 24, %C#2%: [ SQ ]
     Parameter 25, %C#2%: CQ
     Parameter 26, %C#2%: MG
     Parameter 27, %C#2%: PQ
     Parameter 28, %C#2%: LEC
     Parameter 29, %C#2%: CG
     Parameter 30, %C#2%: WG
     Parameter 31, %C#2%: OG
     Parameter 32, %C#2%: SQ
     Parameter 33, %C#3%: [ CQ ]
     Parameter 34, %C#3%: [ MG ]
     Parameter 35, %C#3%: [ PQ ]
     Parameter 36, %C#3%: [ LEC ]
     Parameter 37, %C#3%: [ CG ]
     Parameter 38, %C#3%: [ WG ]
     Parameter 39, %C#3%: [ OG ]
     Parameter 40, %C#3%: [ SQ ]
     Parameter 41, %C#3%: CQ
     Parameter 42, %C#3%: MG
     Parameter 43, %C#3%: PQ
     Parameter 44, %C#3%: LEC
     Parameter 45, %C#3%: CG
     Parameter 46, %C#3%: WG
     Parameter 47, %C#3%: OG
     Parameter 48, %C#3%: SQ
     Parameter 49, %C#4%: [ CQ ]
     Parameter 50, %C#4%: [ MG ]
     Parameter 51, %C#4%: [ PQ ]
     Parameter 52, %C#4%: [ LEC ]
     Parameter 53, %C#4%: [ CG ]
     Parameter 54, %C#4%: [ WG ]
     Parameter 55, %C#4%: [ OG ]
     Parameter 56, %C#4%: [ SQ ]
     Parameter 57, %C#4%: CQ
     Parameter 58, %C#4%: MG
     Parameter 59, %C#4%: PQ
     Parameter 60, %C#4%: LEC
     Parameter 61, %C#4%: CG
     Parameter 62, %C#4%: WG
     Parameter 63, %C#4%: OG
     Parameter 64, %C#4%: SQ
     Parameter 65, %C#5%: [ CQ ]
     Parameter 66, %C#5%: [ MG ]
     Parameter 67, %C#5%: [ PQ ]
     Parameter 68, %C#5%: [ LEC ]
     Parameter 69, %C#5%: [ CG ]
     Parameter 70, %C#5%: [ WG ]
     Parameter 71, %C#5%: [ OG ]
     Parameter 72, %C#5%: [ SQ ]
     Parameter 73, %C#5%: CQ
     Parameter 74, %C#5%: MG
     Parameter 75, %C#5%: PQ
     Parameter 76, %C#5%: LEC
     Parameter 77, %C#5%: CG
     Parameter 78, %C#5%: WG
     Parameter 79, %C#5%: OG
     Parameter 80, %C#5%: SQ
     Parameter 81, %C#6%: [ CQ ]
     Parameter 82, %C#6%: [ MG ]
     Parameter 83, %C#6%: [ PQ ]
     Parameter 84, %C#6%: [ LEC ]
     Parameter 85, %C#6%: [ CG ]
     Parameter 86, %C#6%: [ WG ]
     Parameter 87, %C#6%: [ OG ]
     Parameter 88, %C#6%: [ SQ ]
     Parameter 89, %C#6%: CQ
     Parameter 90, %C#6%: MG
     Parameter 91, %C#6%: PQ
     Parameter 92, %C#6%: LEC
     Parameter 93, %C#6%: CG
     Parameter 94, %C#6%: WG
     Parameter 95, %C#6%: OG
     Parameter 96, %C#6%: SQ
     Parameter 97, [ C#1 ]
     Parameter 98, [ C#2 ]
     Parameter 99, [ C#3 ]
     Parameter 100, [ C#4 ]
     Parameter 101, [ C#5 ]


THE MODEL ESTIMATION TERMINATED NORMALLY



MODEL FIT INFORMATION

Number of Free Parameters                      101

Loglikelihood

          H0 Value                        -101.474
          H0 Scaling Correction Factor      0.1950
            for MLR

Information Criteria

          Akaike (AIC)                     404.948
          Bayesian (BIC)                   749.073
          Sample-Size Adjusted BIC         428.991
            (n* = (n + 2) / 24)



FINAL CLASS COUNTS AND PROPORTIONS FOR THE LATENT CLASSES
BASED ON THE ESTIMATED MODEL

    Latent
   Classes

       1        223.00000          1.00000
       2          0.00000          0.00000
       3          0.00000          0.00000
       4          0.00000          0.00000
       5          0.00000          0.00000
       6          0.00000          0.00000


FINAL CLASS COUNTS AND PROPORTIONS FOR THE LATENT CLASSES
BASED ON ESTIMATED POSTERIOR PROBABILITIES

    Latent
   Classes

       1        223.00000          1.00000
       2          0.00000          0.00000
       3          0.00000          0.00000
       4          0.00000          0.00000
       5          0.00000          0.00000
       6          0.00000          0.00000


FINAL CLASS COUNTS AND PROPORTIONS FOR THE LATENT CLASSES
BASED ON THEIR MOST LIKELY LATENT CLASS MEMBERSHIP

Class Counts and Proportions

    Latent
   Classes

       1              223          1.00000
       2                0          0.00000
       3                0          0.00000
       4                0          0.00000
       5                0          0.00000
       6                0          0.00000


CLASSIFICATION QUALITY

     Entropy                         1.000


Average Latent Class Probabilities for Most Likely Latent Class Membership (Row)
by Latent Class (Column)

           1        2        3        4        5        6

    1   1.000    0.000    0.000    0.000    0.000    0.000
    2   0.000    0.000    0.000    0.000    0.000    0.000
    3   0.000    0.000    0.000    0.000    0.000    0.000
    4   0.000    0.000    0.000    0.000    0.000    0.000
    5   0.000    0.000    0.000    0.000    0.000    0.000
    6   0.000    0.000    0.000    0.000    0.000    0.000


Classification Probabilities for the Most Likely Latent Class Membership (Column)
by Latent Class (Row)

           1        2        3        4        5        6

    1   1.000    0.000    0.000    0.000    0.000    0.000
    2   0.000    0.000    0.000    0.000    0.000    0.000
    3   0.000    0.000    0.000    0.000    0.000    0.000
    4   0.000    0.000    0.000    0.000    0.000    0.000
    5   0.000    0.000    0.000    0.000    0.000    0.000
    6   0.000    0.000    0.000    0.000    0.000    0.000


Logits for the Classification Probabilities for the Most Likely Latent Class Membership (Column)
by Latent Class (Row)

              1        2        3        4        5        6

    1     13.816    0.000    0.000    0.000    0.000    0.000
    2      0.000    0.000    0.000    0.000    0.000    0.000
    3      0.000    0.000    0.000    0.000    0.000    0.000
    4      0.000    0.000    0.000    0.000    0.000    0.000
    5      0.000    0.000    0.000    0.000    0.000    0.000
    6      0.000    0.000    0.000    0.000    0.000    0.000


MODEL RESULTS

                                                    Two-Tailed
                    Estimate       S.E.  Est./S.E.    P-Value

Latent Class 1

 Means
    CQ                 0.152      0.013     11.538      0.000
    MG                 0.337      0.022     15.503      0.000
    PQ                 0.397      0.022     18.266      0.000
    LEC                0.444      0.024     18.476      0.000
    CG                 0.102      0.010      9.718      0.000
    WG                 0.233      0.025      9.342      0.000
    OG                 0.138      0.017      8.029      0.000
    SQ                 0.141      0.011     12.698      0.000

 Variances
    CQ                 0.038      0.005      7.698      0.000
    MG                 0.105      0.007     14.945      0.000
    PQ                 0.105      0.006     16.892      0.000
    LEC                0.129      0.006     21.098      0.000
    CG                 0.025      0.004      6.941      0.000
    WG                 0.139      0.012     11.216      0.000
    OG                 0.066      0.011      6.183      0.000
    SQ                 0.028      0.004      6.609      0.000

Latent Class 2

 Means
    CQ                 0.689      0.000    999.000    999.000
    MG                 0.837      0.000    999.000    999.000
    PQ                 0.356      0.000    999.000    999.000
    LEC                1.149      0.000    999.000    999.000
    CG                -0.324      0.000    999.000    999.000
    WG                -0.477      0.000    999.000    999.000
    OG                -1.558      0.000    999.000    999.000
    SQ                -1.543      0.000    999.000    999.000

 Variances
    CQ                 0.019      0.000    999.000    999.000
    MG                 0.053      0.000    999.000    999.000
    PQ                 0.053      0.000    999.000    999.000
    LEC                0.064      0.000    999.000    999.000
    CG                 0.012      0.000    999.000    999.000
    WG                 0.070      0.000    999.000    999.000
    OG                 0.033      0.000    999.000    999.000
    SQ                 0.014      0.000    999.000    999.000

Latent Class 3

 Means
    CQ                 0.239      0.000    999.000    999.000
    MG                -1.104      0.000    999.000    999.000
    PQ                 1.277      0.000    999.000    999.000
    LEC               -0.724      0.000    999.000    999.000
    CG                -1.177      0.000    999.000    999.000
    WG                -1.116      0.000    999.000    999.000
    OG                -0.718      0.000    999.000    999.000
    SQ                -0.087      0.000    999.000    999.000

 Variances
    CQ                 0.019      0.000    999.000    999.000
    MG                 0.053      0.000    999.000    999.000
    PQ                 0.053      0.000    999.000    999.000
    LEC                0.064      0.000    999.000    999.000
    CG                 0.012      0.000    999.000    999.000
    WG                 0.070      0.000    999.000    999.000
    OG                 0.033      0.000    999.000    999.000
    SQ                 0.014      0.000    999.000    999.000

Latent Class 4

 Means
    CQ                 1.298      0.000    999.000    999.000
    MG                 1.743      0.000    999.000    999.000
    PQ                 1.741      0.000    999.000    999.000
    LEC                0.742      0.000    999.000    999.000
    CG                -1.366      0.000    999.000    999.000
    WG                -0.834      0.000    999.000    999.000
    OG                 1.596      0.000    999.000    999.000
    SQ                -1.189      0.000    999.000    999.000

 Variances
    CQ                 0.019      0.000    999.000    999.000
    MG                 0.053      0.000    999.000    999.000
    PQ                 0.053      0.000    999.000    999.000
    LEC                0.064      0.000    999.000    999.000
    CG                 0.012      0.000    999.000    999.000
    WG                 0.070      0.000    999.000    999.000
    OG                 0.033      0.000    999.000    999.000
    SQ                 0.014      0.000    999.000    999.000

Latent Class 5

 Means
    CQ                 1.240      0.000    999.000    999.000
    MG                 1.177      0.000    999.000    999.000
    PQ                -0.021      0.000    999.000    999.000
    LEC                0.855      0.000    999.000    999.000
    CG                -0.691      0.000    999.000    999.000
    WG                 1.634      0.000    999.000    999.000
    OG                 1.781      0.000    999.000    999.000
    SQ                 1.479      0.000    999.000    999.000

 Variances
    CQ                 0.019      0.000    999.000    999.000
    MG                 0.053      0.000    999.000    999.000
    PQ                 0.053      0.000    999.000    999.000
    LEC                0.064      0.000    999.000    999.000
    CG                 0.012      0.000    999.000    999.000
    WG                 0.070      0.000    999.000    999.000
    OG                 0.033      0.000    999.000    999.000
    SQ                 0.014      0.000    999.000    999.000

Latent Class 6

 Means
    CQ                -0.767      0.000    999.000    999.000
    MG                 0.244      0.000    999.000    999.000
    PQ                 2.288      0.000    999.000    999.000
    LEC                2.702      0.000    999.000    999.000
    CG                 1.396      0.000    999.000    999.000
    WG                 1.081      0.000    999.000    999.000
    OG                 1.376      0.000    999.000    999.000
    SQ                 1.546      0.000    999.000    999.000

 Variances
    CQ                 0.019      0.000    999.000    999.000
    MG                 0.053      0.000    999.000    999.000
    PQ                 0.053      0.000    999.000    999.000
    LEC                0.064      0.000    999.000    999.000
    CG                 0.012      0.000    999.000    999.000
    WG                 0.070      0.000    999.000    999.000
    OG                 0.033      0.000    999.000    999.000
    SQ                 0.014      0.000    999.000    999.000

Categorical Latent Variables

 Means
    C#1              669.655      0.000    999.000    999.000
    C#2              232.263      0.000    999.000    999.000
    C#3              317.812      0.000    999.000    999.000
    C#4                0.000      0.000    999.000    999.000
    C#5              344.863      0.000    999.000    999.000


QUALITY OF NUMERICAL RESULTS

     Condition Number for the Information Matrix              0.135E-05
       (ratio of smallest to largest eigenvalue)


RESIDUAL OUTPUT


     ESTIMATED MODEL AND RESIDUALS (OBSERVED - ESTIMATED) FOR CLASS 1


           Model Estimated Means
              CQ            MG            PQ            LEC           CG
              ________      ________      ________      ________      ________
                0.152         0.337         0.397         0.444         0.102


           Model Estimated Means
              WG            OG            SQ
              ________      ________      ________
                0.233         0.138         0.141


           Residuals for Means
              CQ            MG            PQ            LEC           CG
              ________      ________      ________      ________      ________
                0.000         0.000         0.000         0.000         0.000


           Residuals for Means
              WG            OG            SQ
              ________      ________      ________
                0.000         0.000         0.000


           Model Estimated Covariances
              CQ            MG            PQ            LEC           CG
              ________      ________      ________      ________      ________
 CQ             0.038
 MG             0.000         0.105
 PQ             0.000         0.000         0.105
 LEC            0.000         0.000         0.000         0.129
 CG             0.000         0.000         0.000         0.000         0.025
 WG             0.000         0.000         0.000         0.000         0.000
 OG             0.000         0.000         0.000         0.000         0.000
 SQ             0.000         0.000         0.000         0.000         0.000


           Model Estimated Covariances
              WG            OG            SQ
              ________      ________      ________
 WG             0.139
 OG             0.000         0.066
 SQ             0.000         0.000         0.028


           Residuals for Covariances
              CQ            MG            PQ            LEC           CG
              ________      ________      ________      ________      ________
 CQ             0.000
 MG            -0.026         0.000
 PQ            -0.007         0.015         0.000
 LEC            0.021        -0.091        -0.008         0.000
 CG             0.028        -0.015        -0.004         0.011         0.000
 WG            -0.033         0.087        -0.009        -0.086        -0.022
 OG            -0.013         0.023         0.012        -0.033        -0.009
 SQ            -0.005         0.012        -0.017        -0.014        -0.004


           Residuals for Covariances
              WG            OG            SQ
              ________      ________      ________
 WG             0.000
 OG            -0.020         0.000
 SQ             0.025        -0.001         0.000


     ESTIMATED MODEL AND RESIDUALS (OBSERVED - ESTIMATED) FOR CLASS 2


           Model Estimated Means
              CQ            MG            PQ            LEC           CG
              ________      ________      ________      ________      ________
                0.689         0.837         0.356         1.149        -0.324


           Model Estimated Means
              WG            OG            SQ
              ________      ________      ________
               -0.477        -1.558        -1.543


           Residuals for Means
              CQ            MG            PQ            LEC           CG
              ________      ________      ________      ________      ________
               -0.133        -0.837        -0.273        -0.205         0.324


           Residuals for Means
              WG            OG            SQ
              ________      ________      ________
                0.477         1.558         1.543


           Model Estimated Covariances
              CQ            MG            PQ            LEC           CG
              ________      ________      ________      ________      ________
 CQ             0.019
 MG             0.000         0.053
 PQ             0.000         0.000         0.053
 LEC            0.000         0.000         0.000         0.064
 CG             0.000         0.000         0.000         0.000         0.012
 WG             0.000         0.000         0.000         0.000         0.000
 OG             0.000         0.000         0.000         0.000         0.000
 SQ             0.000         0.000         0.000         0.000         0.000


           Model Estimated Covariances
              WG            OG            SQ
              ________      ________      ________
 WG             0.070
 OG             0.000         0.033
 SQ             0.000         0.000         0.014


           Residuals for Covariances
              CQ            MG            PQ            LEC           CG
              ________      ________      ________      ________      ________
 CQ            -0.019
 MG             0.000        -0.053
 PQ             0.000         0.000        -0.052
 LEC            0.000         0.000         0.000        -0.064
 CG             0.000         0.000         0.000         0.000        -0.012
 WG             0.000         0.000         0.000         0.000         0.000
 OG             0.000         0.000         0.000         0.000         0.000
 SQ             0.000         0.000         0.000         0.000         0.000


           Residuals for Covariances
              WG            OG            SQ
              ________      ________      ________
 WG            -0.070
 OG             0.000        -0.033
 SQ             0.000         0.000        -0.014


     ESTIMATED MODEL AND RESIDUALS (OBSERVED - ESTIMATED) FOR CLASS 3


           Model Estimated Means
              CQ            MG            PQ            LEC           CG
              ________      ________      ________      ________      ________
                0.239        -1.104         1.277        -0.724        -1.177


           Model Estimated Means
              WG            OG            SQ
              ________      ________      ________
               -1.116        -0.718        -0.087


           Residuals for Means
              CQ            MG            PQ            LEC           CG
              ________      ________      ________      ________      ________
               -0.144         1.105        -1.015         1.008         1.179


           Residuals for Means
              WG            OG            SQ
              ________      ________      ________
                1.116         0.721         0.112


           Model Estimated Covariances
              CQ            MG            PQ            LEC           CG
              ________      ________      ________      ________      ________
 CQ             0.019
 MG             0.000         0.053
 PQ             0.000         0.000         0.053
 LEC            0.000         0.000         0.000         0.064
 CG             0.000         0.000         0.000         0.000         0.012
 WG             0.000         0.000         0.000         0.000         0.000
 OG             0.000         0.000         0.000         0.000         0.000
 SQ             0.000         0.000         0.000         0.000         0.000


           Model Estimated Covariances
              WG            OG            SQ
              ________      ________      ________
 WG             0.070
 OG             0.000         0.033
 SQ             0.000         0.000         0.014


           Residuals for Covariances
              CQ            MG            PQ            LEC           CG
              ________      ________      ________      ________      ________
 CQ            -0.013
 MG             0.000        -0.053
 PQ             0.015         0.000        -0.007
 LEC            0.017         0.000         0.043        -0.013
 CG             0.000         0.000         0.001         0.000        -0.012
 WG             0.000         0.000         0.000         0.000         0.000
 OG             0.000         0.000         0.001         0.000         0.000
 SQ             0.001         0.000         0.006         0.003         0.000


           Residuals for Covariances
              WG            OG            SQ
              ________      ________      ________
 WG            -0.070
 OG             0.000        -0.033
 SQ             0.000         0.000        -0.013


     ESTIMATED MODEL AND RESIDUALS (OBSERVED - ESTIMATED) FOR CLASS 4


           Model Estimated Means
              CQ            MG            PQ            LEC           CG
              ________      ________      ________      ________      ________
                1.298         1.743         1.741         0.742        -1.366


           Model Estimated Means
              WG            OG            SQ
              ________      ________      ________
               -0.834         1.596        -1.189


           Residuals for Means
              CQ            MG            PQ            LEC           CG
              ________      ________      ________      ________      ________
               -0.556        -1.036        -1.432        -0.530         2.049


           Residuals for Means
              WG            OG            SQ
              ________      ________      ________
                0.953        -1.535         1.291


           Model Estimated Covariances
              CQ            MG            PQ            LEC           CG
              ________      ________      ________      ________      ________
 CQ             0.019
 MG             0.000         0.053
 PQ             0.000         0.000         0.053
 LEC            0.000         0.000         0.000         0.064
 CG             0.000         0.000         0.000         0.000         0.012
 WG             0.000         0.000         0.000         0.000         0.000
 OG             0.000         0.000         0.000         0.000         0.000
 SQ             0.000         0.000         0.000         0.000         0.000


           Model Estimated Covariances
              WG            OG            SQ
              ________      ________      ________
 WG             0.070
 OG             0.000         0.033
 SQ             0.000         0.000         0.014


           Residuals for Covariances
              CQ            MG            PQ            LEC           CG
              ________      ________      ________      ________      ________
 CQ             0.057
 MG             0.018        -0.004
 PQ            -0.010         0.002        -0.032
 LEC            0.016         0.016        -0.001        -0.057
 CG             0.067         0.033        -0.010         0.020         0.054
 WG            -0.088        -0.028         0.011        -0.021        -0.081
 OG            -0.045        -0.004         0.030        -0.009        -0.041
 SQ            -0.065        -0.033         0.004        -0.019        -0.064


           Residuals for Covariances
              WG            OG            SQ
              ________      ________      ________
 WG             0.035
 OG             0.053         0.024
 SQ             0.079         0.034         0.049


     ESTIMATED MODEL AND RESIDUALS (OBSERVED - ESTIMATED) FOR CLASS 5


           Model Estimated Means
              CQ            MG            PQ            LEC           CG
              ________      ________      ________      ________      ________
                1.240         1.177        -0.021         0.855        -0.691


           Model Estimated Means
              WG            OG            SQ
              ________      ________      ________
                1.634         1.781         1.479


           Residuals for Means
              CQ            MG            PQ            LEC           CG
              ________      ________      ________      ________      ________
               -1.240        -0.544         0.821        -0.788         0.691


           Residuals for Means
              WG            OG            SQ
              ________      ________      ________
               -0.634        -0.781        -0.812


           Model Estimated Covariances
              CQ            MG            PQ            LEC           CG
              ________      ________      ________      ________      ________
 CQ             0.019
 MG             0.000         0.053
 PQ             0.000         0.000         0.053
 LEC            0.000         0.000         0.000         0.064
 CG             0.000         0.000         0.000         0.000         0.012
 WG             0.000         0.000         0.000         0.000         0.000
 OG             0.000         0.000         0.000         0.000         0.000
 SQ             0.000         0.000         0.000         0.000         0.000


           Model Estimated Covariances
              WG            OG            SQ
              ________      ________      ________
 WG             0.070
 OG             0.000         0.033
 SQ             0.000         0.000         0.014


           Residuals for Covariances
              CQ            MG            PQ            LEC           CG
              ________      ________      ________      ________      ________
 CQ            -0.019
 MG             0.000        -0.053
 PQ             0.000         0.000        -0.053
 LEC            0.000         0.000         0.000        -0.064
 CG             0.000         0.000         0.000         0.000        -0.012
 WG             0.000         0.000         0.000         0.000         0.000
 OG             0.000         0.000         0.000         0.000         0.000
 SQ             0.000         0.000         0.000         0.000         0.000


           Residuals for Covariances
              WG            OG            SQ
              ________      ________      ________
 WG            -0.070
 OG             0.000        -0.033
 SQ             0.000         0.000        -0.014


     ESTIMATED MODEL AND RESIDUALS (OBSERVED - ESTIMATED) FOR CLASS 6


           Model Estimated Means
              CQ            MG            PQ            LEC           CG
              ________      ________      ________      ________      ________
               -0.767         0.244         2.288         2.702         1.396


           Model Estimated Means
              WG            OG            SQ
              ________      ________      ________
                1.081         1.376         1.546


           Residuals for Means
              CQ            MG            PQ            LEC           CG
              ________      ________      ________      ________      ________
                1.509         0.463        -1.979        -2.490        -0.714


           Residuals for Means
              WG            OG            SQ
              ________      ________      ________
               -0.962        -1.316        -1.444


           Model Estimated Covariances
              CQ            MG            PQ            LEC           CG
              ________      ________      ________      ________      ________
 CQ             0.019
 MG             0.000         0.053
 PQ             0.000         0.000         0.053
 LEC            0.000         0.000         0.000         0.064
 CG             0.000         0.000         0.000         0.000         0.012
 WG             0.000         0.000         0.000         0.000         0.000
 OG             0.000         0.000         0.000         0.000         0.000
 SQ             0.000         0.000         0.000         0.000         0.000


           Model Estimated Covariances
              WG            OG            SQ
              ________      ________      ________
 WG             0.070
 OG             0.000         0.033
 SQ             0.000         0.000         0.014


           Residuals for Covariances
              CQ            MG            PQ            LEC           CG
              ________      ________      ________      ________      ________
 CQ             0.057
 MG             0.018        -0.004
 PQ            -0.010         0.002        -0.032
 LEC            0.016         0.016        -0.001        -0.057
 CG             0.067         0.033        -0.010         0.020         0.054
 WG            -0.088        -0.028         0.011        -0.021        -0.081
 OG            -0.045        -0.004         0.030        -0.009        -0.041
 SQ            -0.065        -0.033         0.004        -0.019        -0.064


           Residuals for Covariances
              WG            OG            SQ
              ________      ________      ________
 WG             0.035
 OG             0.053         0.024
 SQ             0.079         0.034         0.049


TECHNICAL 11 OUTPUT

     Random Starts Specifications for the k-1 Class Analysis Model
        Number of initial stage random starts                 200
        Number of final stage optimizations                    50



     VUONG-LO-MENDELL-RUBIN LIKELIHOOD RATIO TEST FOR 5 (H0) VERSUS 6 CLASSES

          H0 Loglikelihood Value                         -101.474
          2 Times the Loglikelihood Difference              0.000
          Difference in the Number of Parameters               85
          Mean                                              0.000
          Standard Deviation                                0.000
          P-Value                                          0.5000

     LO-MENDELL-RUBIN ADJUSTED LRT TEST

          Value                                             0.000
          P-Value                                          0.5000


TECHNICAL 14 OUTPUT

     Random Starts Specifications for the k-1 Class Analysis Model
        Number of initial stage random starts                 200
        Number of final stage optimizations                    50

     Random Starts Specification for the k-1 Class Model for Generated Data
        Number of initial stage random starts                   0
        Number of final stage optimizations for the
           initial stage random starts                          0
     Random Starts Specification for the k Class Model for Generated Data
        Number of initial stage random starts                  40
        Number of final stage optimizations                     8
     Number of bootstrap draws requested                   Varies


     PARAMETRIC BOOTSTRAPPED LIKELIHOOD RATIO TEST FOR 5 (H0) VERSUS 6 CLASSES

          H0 Loglikelihood Value                         -101.474
          2 Times the Loglikelihood Difference              0.000
          Difference in the Number of Parameters               85
          Approximate P-Value                              1.0000
          Successful Bootstrap Draws                            2


PLOT INFORMATION

The following plots are available:

  Histograms (sample values)
  Scatterplots (sample values)
  Sample means
  Estimated means, medians, modes, and percentiles
  Sample and estimated means
  Observed individual values
  Estimated means and observed individual values
  Estimated overall and class-specific distributions

     Beginning Time:  14:36:06
        Ending Time:  14:36:14
       Elapsed Time:  00:00:08



MUTHEN & MUTHEN
3463 Stoner Ave.
Los Angeles, CA  90066

Tel: (310) 391-9971
Fax: (310) 391-8971
Web: www.StatModel.com
Support: Support@StatModel.com

Copyright (c) 1998-2024 Muthen & Muthen
