Mplus VERSION 8.11 (Mac)
MUTHEN & MUTHEN
03/26/2025   2:33 PM

INPUT INSTRUCTIONS

  TITLE:
  M1: Class2
  DATA:
  FILE = "/Users/MeaganSundstrom_1/Desktop/CALEP_Analysis_Github/m1_enum/
  c_lpa_m1.dat";
  VARIABLE:
  NAMES = CQ MG PQ Lec CG WG OG SQ Study Method Course;
   MISSING=.;
   usevar = CQ-SQ;
  classes = c(2);
  ANALYSIS:
  estimator = mlr;
      type = mixture;
      starts = 200 50;
      processors = 10;
  MODEL:
  !!!!!!!!!!!!!!!!!!!!!!!!!!!!!!!!!!!!!!!!!!!!!!!!!!!!!!!!!!!!!!!!!!!!!!!!!
       !!!          Syntax replicates default Mplus specification            !!!
       !!!!!!!!!!!!!!!!!!!!!!!!!!!!!!!!!!!!!!!!!!!!!!!!!!!!!!!!!!!!!!!!!!!!!!!!!

       %c#1%
       [CQ-SQ];     !!! means are are freely estimated  (default)
       CQ-SQ(1-8);  !!! variances are fixed to equality (default)
                                !!! covariances are fixed to zero   (default)
   %c#2%
   [CQ-SQ];
   CQ-SQ(1-8);

  ! %c#3%
  ! [CQ-SQ];
  ! CQ-SQ(1-8);

  ! %c#4%
  ! [CQ-SQ];
  ! CQ-SQ(1-8);

  ! %c#5%
  ! [CQ-SQ];
  ! CQ-SQ(1-8);

  ! %c#6%
  ! [CQ-SQ];
  ! CQ-SQ(1-8);
  OUTPUT:
  sampstat residual tech11 tech14;
  PLOT:
  type = plot3;
       series = CQ-SQ(*);



*** WARNING in MODEL command
  All variables are uncorrelated with all other variables within class.
  Check that this is what is intended.
   1 WARNING(S) FOUND IN THE INPUT INSTRUCTIONS




M1: Class2

SUMMARY OF ANALYSIS

Number of groups                                                 1
Number of observations                                         223

Number of dependent variables                                    8
Number of independent variables                                  0
Number of continuous latent variables                            0
Number of categorical latent variables                           1

Observed dependent variables

  Continuous
   CQ          MG          PQ          LEC         CG          WG
   OG          SQ

Categorical latent variables
   C


Estimator                                                      MLR
Information matrix                                        OBSERVED
Optimization Specifications for the Quasi-Newton Algorithm for
Continuous Outcomes
  Maximum number of iterations                                 100
  Convergence criterion                                  0.100D-05
Optimization Specifications for the EM Algorithm
  Maximum number of iterations                                 500
  Convergence criteria
    Loglikelihood change                                 0.100D-06
    Relative loglikelihood change                        0.100D-06
    Derivative                                           0.100D-05
Optimization Specifications for the M step of the EM Algorithm for
Categorical Latent variables
  Number of M step iterations                                    1
  M step convergence criterion                           0.100D-05
  Basis for M step termination                           ITERATION
Optimization Specifications for the M step of the EM Algorithm for
Censored, Binary or Ordered Categorical (Ordinal), Unordered
Categorical (Nominal) and Count Outcomes
  Number of M step iterations                                    1
  M step convergence criterion                           0.100D-05
  Basis for M step termination                           ITERATION
  Maximum value for logit thresholds                            15
  Minimum value for logit thresholds                           -15
  Minimum expected cell size for chi-square              0.100D-01
Maximum number of iterations for H1                           2000
Convergence criterion for H1                             0.100D-03
Optimization algorithm                                         EMA
Random Starts Specifications
  Number of initial stage random starts                        200
  Number of final stage optimizations                           50
  Number of initial stage iterations                            10
  Initial stage convergence criterion                    0.100D+01
  Random starts scale                                    0.500D+01
  Random seed for generating random starts                       0

Input data file(s)
  /Users/MeaganSundstrom_1/Desktop/CALEP_Analysis_Github/m1_enum/c_lpa_m1.dat
Input data format  FREE


SUMMARY OF DATA

     Number of missing data patterns             1
     Number of y missing data patterns           1
     Number of u missing data patterns           0


COVARIANCE COVERAGE OF DATA

Minimum covariance coverage value   0.100


     PROPORTION OF DATA PRESENT FOR Y


           Covariance Coverage
              CQ            MG            PQ            LEC           CG
              ________      ________      ________      ________      ________
 CQ             1.000
 MG             1.000         1.000
 PQ             1.000         1.000         1.000
 LEC            1.000         1.000         1.000         1.000
 CG             1.000         1.000         1.000         1.000         1.000
 WG             1.000         1.000         1.000         1.000         1.000
 OG             1.000         1.000         1.000         1.000         1.000
 SQ             1.000         1.000         1.000         1.000         1.000


           Covariance Coverage
              WG            OG            SQ
              ________      ________      ________
 WG             1.000
 OG             1.000         1.000
 SQ             1.000         1.000         1.000


SAMPLE STATISTICS


     ESTIMATED SAMPLE STATISTICS


           Means
              CQ            MG            PQ            LEC           CG
              ________      ________      ________      ________      ________
                0.152         0.337         0.397         0.444         0.102


           Means
              WG            OG            SQ
              ________      ________      ________
                0.233         0.138         0.141


           Covariances
              CQ            MG            PQ            LEC           CG
              ________      ________      ________      ________      ________
 CQ             0.038
 MG            -0.026         0.105
 PQ            -0.007         0.015         0.105
 LEC            0.021        -0.091        -0.008         0.129
 CG             0.028        -0.015        -0.004         0.011         0.025
 WG            -0.033         0.087        -0.009        -0.086        -0.022
 OG            -0.013         0.023         0.012        -0.033        -0.009
 SQ            -0.005         0.012        -0.017        -0.014        -0.004


           Covariances
              WG            OG            SQ
              ________      ________      ________
 WG             0.139
 OG            -0.020         0.066
 SQ             0.025        -0.001         0.028


           Correlations
              CQ            MG            PQ            LEC           CG
              ________      ________      ________      ________      ________
 CQ             1.000
 MG            -0.414         1.000
 PQ            -0.109         0.147         1.000
 LEC            0.300        -0.778        -0.068         1.000
 CG             0.901        -0.288        -0.083         0.190         1.000
 WG            -0.452         0.720        -0.073        -0.643        -0.377
 OG            -0.265         0.280         0.147        -0.355        -0.220
 SQ            -0.149         0.217        -0.315        -0.235        -0.136


           Correlations
              WG            OG            SQ
              ________      ________      ________
 WG             1.000
 OG            -0.211         1.000
 SQ             0.397        -0.027         1.000


     MAXIMUM LOG-LIKELIHOOD VALUE FOR THE UNRESTRICTED (H1) MODEL IS 483.025


UNIVARIATE SAMPLE STATISTICS


     UNIVARIATE HIGHER-ORDER MOMENT DESCRIPTIVE STATISTICS

         Variable/         Mean/     Skewness/   Minimum/ % with                Percentiles
        Sample Size      Variance    Kurtosis    Maximum  Min/Max      20%/60%    40%/80%    Median

     CQ                    0.152       1.385       0.000   47.98%       0.000      0.000      0.054
             223.000       0.038       1.763       1.000    0.45%       0.152      0.321
     MG                    0.337       0.519       0.000   30.04%       0.000      0.121      0.269
             223.000       0.105      -1.002       1.000    4.04%       0.435      0.630
     PQ                    0.397       0.385       0.000   15.25%       0.048      0.227      0.314
             223.000       0.105      -1.218       1.000    3.14%       0.429      0.767
     LEC                   0.444       0.186       0.000   16.14%       0.043      0.250      0.400
             223.000       0.129      -1.499       1.000    5.38%       0.571      0.849
     CG                    0.102       1.723       0.000   56.05%       0.000      0.000      0.000
             223.000       0.025       2.628       0.792    0.45%       0.050      0.200
     WG                    0.233       1.216       0.000   66.37%       0.000      0.000      0.000
             223.000       0.139      -0.227       1.000   11.66%       0.000      0.673
     OG                    0.138       2.198       0.000   56.50%       0.000      0.000      0.000
             223.000       0.066       3.833       1.000    0.90%       0.048      0.225
     SQ                    0.141       1.724       0.000   24.22%       0.000      0.053      0.091
             223.000       0.028       3.105       0.900    0.45%       0.127      0.231

RANDOM STARTS RESULTS RANKED FROM THE BEST TO THE WORST LOGLIKELIHOOD VALUES

Final stage loglikelihood values at local maxima, seeds, and initial stage start numbers:

             197.448  227563           63
             197.448  741888           138
             197.448  788796           145
             197.448  284109           82
             197.448  950604           172
             197.448  963053           43
             197.448  991329           182
             197.448  292884           103
             197.448  569131           26
             197.448  153942           31
             197.448  164305           128
             197.448  118421           139
             197.448  22089            143
             197.448  966014           37
             197.448  913639           162
             197.448  314084           81
             197.448  476498           179
             197.448  813779           92
             197.448  124999           96
             197.448  415502           194
             197.448  674171           195
             197.448  568859           49
             197.448  190339           102
             197.448  576220           115
             197.448  751054           117
             197.448  635245           121
             197.448  68985            17
             197.448  415931           10
             197.448  851945           18
             197.448  93468            3
             197.448  903420           5
             197.448  783165           170
             197.448  902278           21
             197.448  319144           176
             197.448  723775           97
             197.448  751153           110
             197.448  551639           55
             197.448  366706           29
             197.448  340112           126
             178.939  405079           68
             178.939  789985           67
             178.939  685657           69
             178.939  987090           70
             178.939  192071           142
             178.939  606576           151
             178.939  458181           189
             178.939  618000           190
             178.939  85462            51
             178.939  754100           56
             178.939  417035           149



THE BEST LOGLIKELIHOOD VALUE HAS BEEN REPLICATED.  RERUN WITH AT LEAST TWICE THE
RANDOM STARTS TO CHECK THAT THE BEST LOGLIKELIHOOD IS STILL OBTAINED AND REPLICATED.

     THE STANDARD ERRORS OF THE MODEL PARAMETER ESTIMATES MAY NOT BE
     TRUSTWORTHY FOR SOME PARAMETERS DUE TO A NON-POSITIVE DEFINITE
     FIRST-ORDER DERIVATIVE PRODUCT MATRIX.  THIS MAY BE DUE TO THE STARTING
     VALUES BUT MAY ALSO BE AN INDICATION OF MODEL NONIDENTIFICATION.  THE
     CONDITION NUMBER IS       0.675D-12.  PROBLEM INVOLVING THE FOLLOWING PARAMETER:
     Parameter 21, %C#2%: [ CG ]


THE MODEL ESTIMATION TERMINATED NORMALLY



MODEL FIT INFORMATION

Number of Free Parameters                       25

Loglikelihood

          H0 Value                         197.448
          H0 Scaling Correction Factor      1.2613
            for MLR

Information Criteria

          Akaike (AIC)                    -344.897
          Bayesian (BIC)                  -259.718
          Sample-Size Adjusted BIC        -338.946
            (n* = (n + 2) / 24)



FINAL CLASS COUNTS AND PROPORTIONS FOR THE LATENT CLASSES
BASED ON THE ESTIMATED MODEL

    Latent
   Classes

       1        169.49732          0.76008
       2         53.50268          0.23992


FINAL CLASS COUNTS AND PROPORTIONS FOR THE LATENT CLASSES
BASED ON ESTIMATED POSTERIOR PROBABILITIES

    Latent
   Classes

       1        169.49732          0.76008
       2         53.50268          0.23992


FINAL CLASS COUNTS AND PROPORTIONS FOR THE LATENT CLASSES
BASED ON THEIR MOST LIKELY LATENT CLASS MEMBERSHIP

Class Counts and Proportions

    Latent
   Classes

       1              170          0.76233
       2               53          0.23767


CLASSIFICATION QUALITY

     Entropy                         0.980


Average Latent Class Probabilities for Most Likely Latent Class Membership (Row)
by Latent Class (Column)

           1        2

    1   0.995    0.005
    2   0.005    0.995


Classification Probabilities for the Most Likely Latent Class Membership (Column)
by Latent Class (Row)

           1        2

    1   0.998    0.002
    2   0.014    0.986


Logits for the Classification Probabilities for the Most Likely Latent Class Membership (Column)
by Latent Class (Row)

              1        2

    1      6.467    0.000
    2     -4.232    0.000


MODEL RESULTS

                                                    Two-Tailed
                    Estimate       S.E.  Est./S.E.    P-Value

Latent Class 1

 Means
    CQ                 0.198      0.016     12.566      0.000
    MG                 0.213      0.020     10.452      0.000
    PQ                 0.403      0.022     18.379      0.000
    LEC                0.567      0.026     21.989      0.000
    CG                 0.133      0.013     10.301      0.000
    WG                 0.036      0.008      4.260      0.000
    OG                 0.168      0.022      7.792      0.000
    SQ                 0.109      0.009     12.755      0.000

 Variances
    CQ                 0.032      0.004      7.187      0.000
    MG                 0.057      0.005     10.574      0.000
    PQ                 0.105      0.006     16.419      0.000
    LEC                0.080      0.006     13.683      0.000
    CG                 0.021      0.003      6.850      0.000
    WG                 0.016      0.003      6.053      0.000
    OG                 0.064      0.010      6.249      0.000
    SQ                 0.024      0.003      8.046      0.000

Latent Class 2

 Means
    CQ                 0.003      0.004      0.858      0.391
    MG                 0.730      0.030     24.452      0.000
    PQ                 0.376      0.066      5.713      0.000
    LEC                0.053      0.014      3.811      0.000
    CG                 0.003      0.003      0.857      0.392
    WG                 0.858      0.035     24.411      0.000
    OG                 0.046      0.022      2.073      0.038
    SQ                 0.242      0.037      6.554      0.000

 Variances
    CQ                 0.032      0.004      7.187      0.000
    MG                 0.057      0.005     10.574      0.000
    PQ                 0.105      0.006     16.419      0.000
    LEC                0.080      0.006     13.683      0.000
    CG                 0.021      0.003      6.850      0.000
    WG                 0.016      0.003      6.053      0.000
    OG                 0.064      0.010      6.249      0.000
    SQ                 0.024      0.003      8.046      0.000

Categorical Latent Variables

 Means
    C#1                1.153      0.168      6.844      0.000


QUALITY OF NUMERICAL RESULTS

     Condition Number for the Information Matrix              0.675E-12
       (ratio of smallest to largest eigenvalue)


RESIDUAL OUTPUT


     ESTIMATED MODEL AND RESIDUALS (OBSERVED - ESTIMATED) FOR CLASS 1


           Model Estimated Means
              CQ            MG            PQ            LEC           CG
              ________      ________      ________      ________      ________
                0.198         0.213         0.403         0.567         0.133


           Model Estimated Means
              WG            OG            SQ
              ________      ________      ________
                0.036         0.168         0.109


           Residuals for Means
              CQ            MG            PQ            LEC           CG
              ________      ________      ________      ________      ________
                0.000         0.000         0.000         0.000         0.000


           Residuals for Means
              WG            OG            SQ
              ________      ________      ________
                0.000         0.000         0.000


           Model Estimated Covariances
              CQ            MG            PQ            LEC           CG
              ________      ________      ________      ________      ________
 CQ             0.032
 MG             0.000         0.057
 PQ             0.000         0.000         0.105
 LEC            0.000         0.000         0.000         0.080
 CG             0.000         0.000         0.000         0.000         0.021
 WG             0.000         0.000         0.000         0.000         0.000
 OG             0.000         0.000         0.000         0.000         0.000
 SQ             0.000         0.000         0.000         0.000         0.000


           Model Estimated Covariances
              WG            OG            SQ
              ________      ________      ________
 WG             0.016
 OG             0.000         0.064
 SQ             0.000         0.000         0.024


           Residuals for Covariances
              CQ            MG            PQ            LEC           CG
              ________      ________      ________      ________      ________
 CQ             0.010
 MG            -0.011         0.004
 PQ            -0.011         0.020        -0.027
 LEC            0.004        -0.054        -0.019         0.023
 CG             0.030        -0.003        -0.007        -0.002         0.007
 WG            -0.005         0.008         0.005        -0.009        -0.003
 OG            -0.024         0.046         0.009        -0.058        -0.016
 SQ             0.000        -0.001        -0.001         0.000         0.000


           Residuals for Covariances
              WG            OG            SQ
              ________      ________      ________
 WG            -0.005
 OG            -0.001         0.013
 SQ             0.000         0.001        -0.012


     ESTIMATED MODEL AND RESIDUALS (OBSERVED - ESTIMATED) FOR CLASS 2


           Model Estimated Means
              CQ            MG            PQ            LEC           CG
              ________      ________      ________      ________      ________
                0.003         0.730         0.376         0.053         0.003


           Model Estimated Means
              WG            OG            SQ
              ________      ________      ________
                0.858         0.046         0.242


           Residuals for Means
              CQ            MG            PQ            LEC           CG
              ________      ________      ________      ________      ________
                0.000         0.000         0.000         0.000         0.000


           Residuals for Means
              WG            OG            SQ
              ________      ________      ________
                0.000         0.000         0.000


           Model Estimated Covariances
              CQ            MG            PQ            LEC           CG
              ________      ________      ________      ________      ________
 CQ             0.032
 MG             0.000         0.057
 PQ             0.000         0.000         0.105
 LEC            0.000         0.000         0.000         0.080
 CG             0.000         0.000         0.000         0.000         0.021
 WG             0.000         0.000         0.000         0.000         0.000
 OG             0.000         0.000         0.000         0.000         0.000
 SQ             0.000         0.000         0.000         0.000         0.000


           Model Estimated Covariances
              WG            OG            SQ
              ________      ________      ________
 WG             0.016
 OG             0.000         0.064
 SQ             0.000         0.000         0.024


           Residuals for Covariances
              CQ            MG            PQ            LEC           CG
              ________      ________      ________      ________      ________
 CQ            -0.031
 MG             0.001        -0.012
 PQ             0.001         0.011         0.086
 LEC            0.000        -0.005         0.015        -0.072
 CG             0.001         0.001         0.001         0.000        -0.021
 WG            -0.001         0.015        -0.036        -0.008        -0.001
 OG             0.001         0.000         0.019         0.000         0.001
 SQ            -0.001         0.000        -0.065        -0.006        -0.001


           Residuals for Covariances
              WG            OG            SQ
              ________      ________      ________
 WG             0.016
 OG            -0.004        -0.040
 SQ             0.019         0.003         0.038


TECHNICAL 11 OUTPUT

     Random Starts Specifications for the k-1 Class Analysis Model
        Number of initial stage random starts                 200
        Number of final stage optimizations                    50



     VUONG-LO-MENDELL-RUBIN LIKELIHOOD RATIO TEST FOR 1 (H0) VERSUS 2 CLASSES

          H0 Loglikelihood Value                         -101.474
          2 Times the Loglikelihood Difference            597.845
          Difference in the Number of Parameters                9
          Mean                                             50.597
          Standard Deviation                               60.916
          P-Value                                          0.0001

     LO-MENDELL-RUBIN ADJUSTED LRT TEST

          Value                                           585.808
          P-Value                                          0.0001


TECHNICAL 14 OUTPUT

     Random Starts Specifications for the k-1 Class Analysis Model
        Number of initial stage random starts                 200
        Number of final stage optimizations                    50

     Random Starts Specification for the k-1 Class Model for Generated Data
        Number of initial stage random starts                   0
        Number of final stage optimizations for the
           initial stage random starts                          0
     Random Starts Specification for the k Class Model for Generated Data
        Number of initial stage random starts                  40
        Number of final stage optimizations                     8
     Number of bootstrap draws requested                   Varies


     PARAMETRIC BOOTSTRAPPED LIKELIHOOD RATIO TEST FOR 1 (H0) VERSUS 2 CLASSES

          H0 Loglikelihood Value                         -101.474
          2 Times the Loglikelihood Difference            597.845
          Difference in the Number of Parameters                9
          Approximate P-Value                              0.0000
          Successful Bootstrap Draws                            5


PLOT INFORMATION

The following plots are available:

  Histograms (sample values)
  Scatterplots (sample values)
  Sample means
  Estimated means, medians, modes, and percentiles
  Sample and estimated means
  Observed individual values
  Estimated means and observed individual values
  Estimated overall and class-specific distributions

     Beginning Time:  14:33:36
        Ending Time:  14:33:38
       Elapsed Time:  00:00:02



MUTHEN & MUTHEN
3463 Stoner Ave.
Los Angeles, CA  90066

Tel: (310) 391-9971
Fax: (310) 391-8971
Web: www.StatModel.com
Support: Support@StatModel.com

Copyright (c) 1998-2024 Muthen & Muthen
