Mplus VERSION 8.11 (Mac)
MUTHEN & MUTHEN
03/26/2025   2:33 PM

INPUT INSTRUCTIONS

  TITLE:
  M1: Class3
  DATA:
  FILE = "/Users/MeaganSundstrom_1/Desktop/CALEP_Analysis_Github/m1_enum/
  c_lpa_m1.dat";
  VARIABLE:
  NAMES = CQ MG PQ Lec CG WG OG SQ Study Method Course;
   MISSING=.;
   usevar = CQ-SQ;
  classes = c(3);
  ANALYSIS:
  estimator = mlr;
      type = mixture;
      starts = 200 50;
      processors = 10;
  MODEL:
  !!!!!!!!!!!!!!!!!!!!!!!!!!!!!!!!!!!!!!!!!!!!!!!!!!!!!!!!!!!!!!!!!!!!!!!!!
       !!!          Syntax replicates default Mplus specification            !!!
       !!!!!!!!!!!!!!!!!!!!!!!!!!!!!!!!!!!!!!!!!!!!!!!!!!!!!!!!!!!!!!!!!!!!!!!!!

       %c#1%
       [CQ-SQ];     !!! means are are freely estimated  (default)
       CQ-SQ(1-8);  !!! variances are fixed to equality (default)
                                !!! covariances are fixed to zero   (default)
   %c#2%
   [CQ-SQ];
   CQ-SQ(1-8);

   %c#3%
   [CQ-SQ];
   CQ-SQ(1-8);

  ! %c#4%
  ! [CQ-SQ];
  ! CQ-SQ(1-8);

  ! %c#5%
  ! [CQ-SQ];
  ! CQ-SQ(1-8);

  ! %c#6%
  ! [CQ-SQ];
  ! CQ-SQ(1-8);
  OUTPUT:
  sampstat residual tech11 tech14;
  PLOT:
  type = plot3;
       series = CQ-SQ(*);



*** WARNING in MODEL command
  All variables are uncorrelated with all other variables within class.
  Check that this is what is intended.
   1 WARNING(S) FOUND IN THE INPUT INSTRUCTIONS




M1: Class3

SUMMARY OF ANALYSIS

Number of groups                                                 1
Number of observations                                         223

Number of dependent variables                                    8
Number of independent variables                                  0
Number of continuous latent variables                            0
Number of categorical latent variables                           1

Observed dependent variables

  Continuous
   CQ          MG          PQ          LEC         CG          WG
   OG          SQ

Categorical latent variables
   C


Estimator                                                      MLR
Information matrix                                        OBSERVED
Optimization Specifications for the Quasi-Newton Algorithm for
Continuous Outcomes
  Maximum number of iterations                                 100
  Convergence criterion                                  0.100D-05
Optimization Specifications for the EM Algorithm
  Maximum number of iterations                                 500
  Convergence criteria
    Loglikelihood change                                 0.100D-06
    Relative loglikelihood change                        0.100D-06
    Derivative                                           0.100D-05
Optimization Specifications for the M step of the EM Algorithm for
Categorical Latent variables
  Number of M step iterations                                    1
  M step convergence criterion                           0.100D-05
  Basis for M step termination                           ITERATION
Optimization Specifications for the M step of the EM Algorithm for
Censored, Binary or Ordered Categorical (Ordinal), Unordered
Categorical (Nominal) and Count Outcomes
  Number of M step iterations                                    1
  M step convergence criterion                           0.100D-05
  Basis for M step termination                           ITERATION
  Maximum value for logit thresholds                            15
  Minimum value for logit thresholds                           -15
  Minimum expected cell size for chi-square              0.100D-01
Maximum number of iterations for H1                           2000
Convergence criterion for H1                             0.100D-03
Optimization algorithm                                         EMA
Random Starts Specifications
  Number of initial stage random starts                        200
  Number of final stage optimizations                           50
  Number of initial stage iterations                            10
  Initial stage convergence criterion                    0.100D+01
  Random starts scale                                    0.500D+01
  Random seed for generating random starts                       0

Input data file(s)
  /Users/MeaganSundstrom_1/Desktop/CALEP_Analysis_Github/m1_enum/c_lpa_m1.dat
Input data format  FREE


SUMMARY OF DATA

     Number of missing data patterns             1
     Number of y missing data patterns           1
     Number of u missing data patterns           0


COVARIANCE COVERAGE OF DATA

Minimum covariance coverage value   0.100


     PROPORTION OF DATA PRESENT FOR Y


           Covariance Coverage
              CQ            MG            PQ            LEC           CG
              ________      ________      ________      ________      ________
 CQ             1.000
 MG             1.000         1.000
 PQ             1.000         1.000         1.000
 LEC            1.000         1.000         1.000         1.000
 CG             1.000         1.000         1.000         1.000         1.000
 WG             1.000         1.000         1.000         1.000         1.000
 OG             1.000         1.000         1.000         1.000         1.000
 SQ             1.000         1.000         1.000         1.000         1.000


           Covariance Coverage
              WG            OG            SQ
              ________      ________      ________
 WG             1.000
 OG             1.000         1.000
 SQ             1.000         1.000         1.000


SAMPLE STATISTICS


     ESTIMATED SAMPLE STATISTICS


           Means
              CQ            MG            PQ            LEC           CG
              ________      ________      ________      ________      ________
                0.152         0.337         0.397         0.444         0.102


           Means
              WG            OG            SQ
              ________      ________      ________
                0.233         0.138         0.141


           Covariances
              CQ            MG            PQ            LEC           CG
              ________      ________      ________      ________      ________
 CQ             0.038
 MG            -0.026         0.105
 PQ            -0.007         0.015         0.105
 LEC            0.021        -0.091        -0.008         0.129
 CG             0.028        -0.015        -0.004         0.011         0.025
 WG            -0.033         0.087        -0.009        -0.086        -0.022
 OG            -0.013         0.023         0.012        -0.033        -0.009
 SQ            -0.005         0.012        -0.017        -0.014        -0.004


           Covariances
              WG            OG            SQ
              ________      ________      ________
 WG             0.139
 OG            -0.020         0.066
 SQ             0.025        -0.001         0.028


           Correlations
              CQ            MG            PQ            LEC           CG
              ________      ________      ________      ________      ________
 CQ             1.000
 MG            -0.414         1.000
 PQ            -0.109         0.147         1.000
 LEC            0.300        -0.778        -0.068         1.000
 CG             0.901        -0.288        -0.083         0.190         1.000
 WG            -0.452         0.720        -0.073        -0.643        -0.377
 OG            -0.265         0.280         0.147        -0.355        -0.220
 SQ            -0.149         0.217        -0.315        -0.235        -0.136


           Correlations
              WG            OG            SQ
              ________      ________      ________
 WG             1.000
 OG            -0.211         1.000
 SQ             0.397        -0.027         1.000


     MAXIMUM LOG-LIKELIHOOD VALUE FOR THE UNRESTRICTED (H1) MODEL IS 483.025


UNIVARIATE SAMPLE STATISTICS


     UNIVARIATE HIGHER-ORDER MOMENT DESCRIPTIVE STATISTICS

         Variable/         Mean/     Skewness/   Minimum/ % with                Percentiles
        Sample Size      Variance    Kurtosis    Maximum  Min/Max      20%/60%    40%/80%    Median

     CQ                    0.152       1.385       0.000   47.98%       0.000      0.000      0.054
             223.000       0.038       1.763       1.000    0.45%       0.152      0.321
     MG                    0.337       0.519       0.000   30.04%       0.000      0.121      0.269
             223.000       0.105      -1.002       1.000    4.04%       0.435      0.630
     PQ                    0.397       0.385       0.000   15.25%       0.048      0.227      0.314
             223.000       0.105      -1.218       1.000    3.14%       0.429      0.767
     LEC                   0.444       0.186       0.000   16.14%       0.043      0.250      0.400
             223.000       0.129      -1.499       1.000    5.38%       0.571      0.849
     CG                    0.102       1.723       0.000   56.05%       0.000      0.000      0.000
             223.000       0.025       2.628       0.792    0.45%       0.050      0.200
     WG                    0.233       1.216       0.000   66.37%       0.000      0.000      0.000
             223.000       0.139      -0.227       1.000   11.66%       0.000      0.673
     OG                    0.138       2.198       0.000   56.50%       0.000      0.000      0.000
             223.000       0.066       3.833       1.000    0.90%       0.048      0.225
     SQ                    0.141       1.724       0.000   24.22%       0.000      0.053      0.091
             223.000       0.028       3.105       0.900    0.45%       0.127      0.231

RANDOM STARTS RESULTS RANKED FROM THE BEST TO THE WORST LOGLIKELIHOOD VALUES

Final stage loglikelihood values at local maxima, seeds, and initial stage start numbers:

             414.305  751153           110
             414.305  284109           82
             414.305  259507           53
             414.305  458181           189
             414.305  372176           23
             414.305  93468            3
             414.305  851945           18
             414.305  415502           194
             414.305  85462            51
             413.000  685657           69
             413.000  848890           95
             413.000  761633           50
             413.000  576220           115
             413.000  260601           36
             413.000  268217           83
             413.000  131856           90
             351.442  383986           159
             351.442  297518           166
             351.442  741888           138
             351.442  966014           37
             351.442  246261           38
             351.442  609185           181
             351.442  247224           94
             351.442  190339           102
             351.442  100874           108
             351.442  804561           59
             351.442  68985            17
             351.442  789985           67
             351.442  848331           137
             351.442  948615           140
             351.442  471398           74
             351.442  695155           150
             351.442  972873           157
             351.442  696773           80
             351.442  950604           172
             351.442  793035           187
             351.442  618000           190
             351.442  366706           29
             351.442  587946           120
             351.442  608496           4
             344.416  468036           131
             344.416  150531           154
             344.416  957392           79
             344.416  967902           52
             344.416  415931           10
             292.405  783165           170

4 perturbed starting value run(s) did not converge or were rejected in the third stage.



THE BEST LOGLIKELIHOOD VALUE HAS BEEN REPLICATED.  RERUN WITH AT LEAST TWICE THE
RANDOM STARTS TO CHECK THAT THE BEST LOGLIKELIHOOD IS STILL OBTAINED AND REPLICATED.

     THE STANDARD ERRORS OF THE MODEL PARAMETER ESTIMATES MAY NOT BE
     TRUSTWORTHY FOR SOME PARAMETERS DUE TO A NON-POSITIVE DEFINITE
     FIRST-ORDER DERIVATIVE PRODUCT MATRIX.  THIS MAY BE DUE TO THE STARTING
     VALUES BUT MAY ALSO BE AN INDICATION OF MODEL NONIDENTIFICATION.  THE
     CONDITION NUMBER IS       0.964D-11.  PROBLEM INVOLVING THE FOLLOWING PARAMETER:
     Parameter 21, %C#2%: [ CG ]


THE MODEL ESTIMATION TERMINATED NORMALLY



MODEL FIT INFORMATION

Number of Free Parameters                       34

Loglikelihood

          H0 Value                         414.305
          H0 Scaling Correction Factor      1.5028
            for MLR

Information Criteria

          Akaike (AIC)                    -760.611
          Bayesian (BIC)                  -644.767
          Sample-Size Adjusted BIC        -752.517
            (n* = (n + 2) / 24)



FINAL CLASS COUNTS AND PROPORTIONS FOR THE LATENT CLASSES
BASED ON THE ESTIMATED MODEL

    Latent
   Classes

       1        135.48532          0.60756
       2         53.45653          0.23972
       3         34.05815          0.15273


FINAL CLASS COUNTS AND PROPORTIONS FOR THE LATENT CLASSES
BASED ON ESTIMATED POSTERIOR PROBABILITIES

    Latent
   Classes

       1        135.48532          0.60756
       2         53.45653          0.23972
       3         34.05815          0.15273


FINAL CLASS COUNTS AND PROPORTIONS FOR THE LATENT CLASSES
BASED ON THEIR MOST LIKELY LATENT CLASS MEMBERSHIP

Class Counts and Proportions

    Latent
   Classes

       1              136          0.60987
       2               53          0.23767
       3               34          0.15247


CLASSIFICATION QUALITY

     Entropy                         0.979


Average Latent Class Probabilities for Most Likely Latent Class Membership (Row)
by Latent Class (Column)

           1        2        3

    1   0.993    0.005    0.001
    2   0.000    0.991    0.009
    3   0.011    0.007    0.982


Classification Probabilities for the Most Likely Latent Class Membership (Column)
by Latent Class (Row)

           1        2        3

    1   0.997    0.000    0.003
    2   0.014    0.982    0.004
    3   0.005    0.015    0.981


Logits for the Classification Probabilities for the Most Likely Latent Class Membership (Column)
by Latent Class (Row)

              1        2        3

    1      5.906   -3.766    0.000
    2      1.117    5.403    0.000
    3     -5.290   -4.213    0.000


MODEL RESULTS

                                                    Two-Tailed
                    Estimate       S.E.  Est./S.E.    P-Value

Latent Class 1

 Means
    CQ                 0.241      0.018     13.728      0.000
    MG                 0.122      0.015      7.988      0.000
    PQ                 0.375      0.021     17.757      0.000
    LEC                0.674      0.024     28.404      0.000
    CG                 0.162      0.015     10.820      0.000
    WG                 0.028      0.009      3.249      0.001
    OG                 0.048      0.007      7.094      0.000
    SQ                 0.110      0.010     11.276      0.000

 Variances
    CQ                 0.026      0.004      6.563      0.000
    MG                 0.032      0.003      9.643      0.000
    PQ                 0.103      0.007     14.860      0.000
    LEC                0.046      0.005      9.444      0.000
    CG                 0.019      0.003      6.684      0.000
    WG                 0.016      0.003      5.403      0.000
    OG                 0.019      0.005      3.531      0.000
    SQ                 0.024      0.003      8.104      0.000

Latent Class 2

 Means
    CQ                 0.001      0.002      0.340      0.733
    MG                 0.724      0.034     21.160      0.000
    PQ                 0.377      0.077      4.883      0.000
    LEC                0.057      0.020      2.822      0.005
    CG                 0.001      0.002      0.330      0.742
    WG                 0.858      0.050     17.243      0.000
    OG                 0.042      0.021      2.027      0.043
    SQ                 0.243      0.042      5.827      0.000

 Variances
    CQ                 0.026      0.004      6.563      0.000
    MG                 0.032      0.003      9.643      0.000
    PQ                 0.103      0.007     14.860      0.000
    LEC                0.046      0.005      9.444      0.000
    CG                 0.019      0.003      6.684      0.000
    WG                 0.016      0.003      5.403      0.000
    OG                 0.019      0.005      3.531      0.000
    SQ                 0.024      0.003      8.104      0.000

Latent Class 3

 Means
    CQ                 0.033      0.016      2.095      0.036
    MG                 0.585      0.028     20.596      0.000
    PQ                 0.513      0.079      6.457      0.000
    LEC                0.134      0.017      7.737      0.000
    CG                 0.022      0.012      1.847      0.065
    WG                 0.069      0.041      1.714      0.087
    OG                 0.650      0.072      8.977      0.000
    SQ                 0.106      0.020      5.409      0.000

 Variances
    CQ                 0.026      0.004      6.563      0.000
    MG                 0.032      0.003      9.643      0.000
    PQ                 0.103      0.007     14.860      0.000
    LEC                0.046      0.005      9.444      0.000
    CG                 0.019      0.003      6.684      0.000
    WG                 0.016      0.003      5.403      0.000
    OG                 0.019      0.005      3.531      0.000
    SQ                 0.024      0.003      8.104      0.000

Categorical Latent Variables

 Means
    C#1                1.381      0.222      6.223      0.000
    C#2                0.451      0.286      1.578      0.115


QUALITY OF NUMERICAL RESULTS

     Condition Number for the Information Matrix              0.964E-11
       (ratio of smallest to largest eigenvalue)


RESIDUAL OUTPUT


     ESTIMATED MODEL AND RESIDUALS (OBSERVED - ESTIMATED) FOR CLASS 1


           Model Estimated Means
              CQ            MG            PQ            LEC           CG
              ________      ________      ________      ________      ________
                0.241         0.122         0.375         0.674         0.162


           Model Estimated Means
              WG            OG            SQ
              ________      ________      ________
                0.028         0.048         0.110


           Residuals for Means
              CQ            MG            PQ            LEC           CG
              ________      ________      ________      ________      ________
                0.000         0.000         0.000         0.000         0.000


           Residuals for Means
              WG            OG            SQ
              ________      ________      ________
                0.000         0.000         0.000


           Model Estimated Covariances
              CQ            MG            PQ            LEC           CG
              ________      ________      ________      ________      ________
 CQ             0.026
 MG             0.000         0.032
 PQ             0.000         0.000         0.103
 LEC            0.000         0.000         0.000         0.046
 CG             0.000         0.000         0.000         0.000         0.019
 WG             0.000         0.000         0.000         0.000         0.000
 OG             0.000         0.000         0.000         0.000         0.000
 SQ             0.000         0.000         0.000         0.000         0.000


           Model Estimated Covariances
              WG            OG            SQ
              ________      ________      ________
 WG             0.016
 OG             0.000         0.019
 SQ             0.000         0.000         0.024


           Residuals for Covariances
              CQ            MG            PQ            LEC           CG
              ________      ________      ________      ________      ________
 CQ             0.015
 MG             0.006        -0.003
 PQ            -0.007         0.007        -0.045
 LEC           -0.018        -0.018        -0.012         0.024
 CG             0.031         0.009        -0.004        -0.018         0.011
 WG            -0.004         0.006         0.002        -0.008        -0.002
 OG            -0.003         0.001         0.008        -0.004        -0.001
 SQ             0.001         0.000         0.005         0.001         0.000


           Residuals for Covariances
              WG            OG            SQ
              ________      ________      ________
 WG            -0.007
 OG            -0.001        -0.013
 SQ             0.000         0.000        -0.011


     ESTIMATED MODEL AND RESIDUALS (OBSERVED - ESTIMATED) FOR CLASS 2


           Model Estimated Means
              CQ            MG            PQ            LEC           CG
              ________      ________      ________      ________      ________
                0.001         0.724         0.377         0.057         0.001


           Model Estimated Means
              WG            OG            SQ
              ________      ________      ________
                0.858         0.042         0.243


           Residuals for Means
              CQ            MG            PQ            LEC           CG
              ________      ________      ________      ________      ________
                0.000         0.000         0.000         0.000         0.000


           Residuals for Means
              WG            OG            SQ
              ________      ________      ________
                0.000         0.000         0.000


           Model Estimated Covariances
              CQ            MG            PQ            LEC           CG
              ________      ________      ________      ________      ________
 CQ             0.026
 MG             0.000         0.032
 PQ             0.000         0.000         0.103
 LEC            0.000         0.000         0.000         0.046
 CG             0.000         0.000         0.000         0.000         0.019
 WG             0.000         0.000         0.000         0.000         0.000
 OG             0.000         0.000         0.000         0.000         0.000
 SQ             0.000         0.000         0.000         0.000         0.000


           Model Estimated Covariances
              WG            OG            SQ
              ________      ________      ________
 WG             0.016
 OG             0.000         0.019
 SQ             0.000         0.000         0.024


           Residuals for Covariances
              CQ            MG            PQ            LEC           CG
              ________      ________      ________      ________      ________
 CQ            -0.026
 MG             0.000         0.013
 PQ             0.000         0.008         0.088
 LEC            0.000        -0.006         0.016        -0.037
 CG             0.000         0.000         0.000         0.000        -0.019
 WG             0.000         0.018        -0.037        -0.009         0.000
 OG             0.000        -0.001         0.018         0.000         0.000
 SQ             0.000         0.002        -0.065        -0.007         0.000


           Residuals for Covariances
              WG            OG            SQ
              ________      ________      ________
 WG             0.016
 OG            -0.002         0.003
 SQ             0.019         0.004         0.038


     ESTIMATED MODEL AND RESIDUALS (OBSERVED - ESTIMATED) FOR CLASS 3


           Model Estimated Means
              CQ            MG            PQ            LEC           CG
              ________      ________      ________      ________      ________
                0.033         0.585         0.513         0.134         0.022


           Model Estimated Means
              WG            OG            SQ
              ________      ________      ________
                0.069         0.650         0.106


           Residuals for Means
              CQ            MG            PQ            LEC           CG
              ________      ________      ________      ________      ________
                0.000         0.000         0.000         0.000         0.000


           Residuals for Means
              WG            OG            SQ
              ________      ________      ________
                0.000         0.000         0.000


           Model Estimated Covariances
              CQ            MG            PQ            LEC           CG
              ________      ________      ________      ________      ________
 CQ             0.026
 MG             0.000         0.032
 PQ             0.000         0.000         0.103
 LEC            0.000         0.000         0.000         0.046
 CG             0.000         0.000         0.000         0.000         0.019
 WG             0.000         0.000         0.000         0.000         0.000
 OG             0.000         0.000         0.000         0.000         0.000
 SQ             0.000         0.000         0.000         0.000         0.000


           Model Estimated Covariances
              WG            OG            SQ
              ________      ________      ________
 WG             0.016
 OG             0.000         0.019
 SQ             0.000         0.000         0.024


           Residuals for Covariances
              CQ            MG            PQ            LEC           CG
              ________      ________      ________      ________      ________
 CQ            -0.018
 MG             0.000        -0.007
 PQ            -0.001         0.027         0.042
 LEC            0.001        -0.002         0.014        -0.037
 CG             0.005         0.001         0.000         0.001        -0.015
 WG             0.000         0.004         0.010         0.000         0.000
 OG            -0.008         0.004        -0.051        -0.014        -0.005
 SQ            -0.003        -0.006        -0.024        -0.004        -0.002


           Residuals for Covariances
              WG            OG            SQ
              ________      ________      ________
 WG             0.004
 OG            -0.023         0.048
 SQ             0.000         0.009        -0.014


TECHNICAL 11 OUTPUT

     Random Starts Specifications for the k-1 Class Analysis Model
        Number of initial stage random starts                 200
        Number of final stage optimizations                    50



     VUONG-LO-MENDELL-RUBIN LIKELIHOOD RATIO TEST FOR 2 (H0) VERSUS 3 CLASSES

          H0 Loglikelihood Value                          197.448
          2 Times the Loglikelihood Difference            433.714
          Difference in the Number of Parameters                9
          Mean                                            149.710
          Standard Deviation                              164.105
          P-Value                                          0.0607

     LO-MENDELL-RUBIN ADJUSTED LRT TEST

          Value                                           424.981
          P-Value                                          0.0639


TECHNICAL 14 OUTPUT

     Random Starts Specifications for the k-1 Class Analysis Model
        Number of initial stage random starts                 200
        Number of final stage optimizations                    50

     Random Starts Specification for the k-1 Class Model for Generated Data
        Number of initial stage random starts                   0
        Number of final stage optimizations for the
           initial stage random starts                          0
     Random Starts Specification for the k Class Model for Generated Data
        Number of initial stage random starts                  40
        Number of final stage optimizations                     8
     Number of bootstrap draws requested                   Varies


     PARAMETRIC BOOTSTRAPPED LIKELIHOOD RATIO TEST FOR 2 (H0) VERSUS 3 CLASSES

          H0 Loglikelihood Value                          197.448
          2 Times the Loglikelihood Difference            433.714
          Difference in the Number of Parameters                9
          Approximate P-Value                              0.0000
          Successful Bootstrap Draws                            5


PLOT INFORMATION

The following plots are available:

  Histograms (sample values)
  Scatterplots (sample values)
  Sample means
  Estimated means, medians, modes, and percentiles
  Sample and estimated means
  Observed individual values
  Estimated means and observed individual values
  Estimated overall and class-specific distributions

     Beginning Time:  14:33:38
        Ending Time:  14:33:42
       Elapsed Time:  00:00:04



MUTHEN & MUTHEN
3463 Stoner Ave.
Los Angeles, CA  90066

Tel: (310) 391-9971
Fax: (310) 391-8971
Web: www.StatModel.com
Support: Support@StatModel.com

Copyright (c) 1998-2024 Muthen & Muthen
