Mplus VERSION 8.11 (Mac)
MUTHEN & MUTHEN
03/26/2025   2:33 PM

INPUT INSTRUCTIONS

  TITLE:
  M1: Class4
  DATA:
  FILE = "/Users/MeaganSundstrom_1/Desktop/CALEP_Analysis_Github/m1_enum/
  c_lpa_m1.dat";
  VARIABLE:
  NAMES = CQ MG PQ Lec CG WG OG SQ Study Method Course;
   MISSING=.;
   usevar = CQ-SQ;
  classes = c(4);
  ANALYSIS:
  estimator = mlr;
      type = mixture;
      starts = 200 50;
      processors = 10;
  MODEL:
  !!!!!!!!!!!!!!!!!!!!!!!!!!!!!!!!!!!!!!!!!!!!!!!!!!!!!!!!!!!!!!!!!!!!!!!!!
       !!!          Syntax replicates default Mplus specification            !!!
       !!!!!!!!!!!!!!!!!!!!!!!!!!!!!!!!!!!!!!!!!!!!!!!!!!!!!!!!!!!!!!!!!!!!!!!!!

       %c#1%
       [CQ-SQ];     !!! means are are freely estimated  (default)
       CQ-SQ(1-8);  !!! variances are fixed to equality (default)
                                !!! covariances are fixed to zero   (default)
   %c#2%
   [CQ-SQ];
   CQ-SQ(1-8);

   %c#3%
   [CQ-SQ];
   CQ-SQ(1-8);

   %c#4%
   [CQ-SQ];
   CQ-SQ(1-8);

  ! %c#5%
  ! [CQ-SQ];
  ! CQ-SQ(1-8);

  ! %c#6%
  ! [CQ-SQ];
  ! CQ-SQ(1-8);
  OUTPUT:
  sampstat residual tech11 tech14;
  PLOT:
  type = plot3;
       series = CQ-SQ(*);



*** WARNING in MODEL command
  All variables are uncorrelated with all other variables within class.
  Check that this is what is intended.
   1 WARNING(S) FOUND IN THE INPUT INSTRUCTIONS




M1: Class4

SUMMARY OF ANALYSIS

Number of groups                                                 1
Number of observations                                         223

Number of dependent variables                                    8
Number of independent variables                                  0
Number of continuous latent variables                            0
Number of categorical latent variables                           1

Observed dependent variables

  Continuous
   CQ          MG          PQ          LEC         CG          WG
   OG          SQ

Categorical latent variables
   C


Estimator                                                      MLR
Information matrix                                        OBSERVED
Optimization Specifications for the Quasi-Newton Algorithm for
Continuous Outcomes
  Maximum number of iterations                                 100
  Convergence criterion                                  0.100D-05
Optimization Specifications for the EM Algorithm
  Maximum number of iterations                                 500
  Convergence criteria
    Loglikelihood change                                 0.100D-06
    Relative loglikelihood change                        0.100D-06
    Derivative                                           0.100D-05
Optimization Specifications for the M step of the EM Algorithm for
Categorical Latent variables
  Number of M step iterations                                    1
  M step convergence criterion                           0.100D-05
  Basis for M step termination                           ITERATION
Optimization Specifications for the M step of the EM Algorithm for
Censored, Binary or Ordered Categorical (Ordinal), Unordered
Categorical (Nominal) and Count Outcomes
  Number of M step iterations                                    1
  M step convergence criterion                           0.100D-05
  Basis for M step termination                           ITERATION
  Maximum value for logit thresholds                            15
  Minimum value for logit thresholds                           -15
  Minimum expected cell size for chi-square              0.100D-01
Maximum number of iterations for H1                           2000
Convergence criterion for H1                             0.100D-03
Optimization algorithm                                         EMA
Random Starts Specifications
  Number of initial stage random starts                        200
  Number of final stage optimizations                           50
  Number of initial stage iterations                            10
  Initial stage convergence criterion                    0.100D+01
  Random starts scale                                    0.500D+01
  Random seed for generating random starts                       0

Input data file(s)
  /Users/MeaganSundstrom_1/Desktop/CALEP_Analysis_Github/m1_enum/c_lpa_m1.dat
Input data format  FREE


SUMMARY OF DATA

     Number of missing data patterns             1
     Number of y missing data patterns           1
     Number of u missing data patterns           0


COVARIANCE COVERAGE OF DATA

Minimum covariance coverage value   0.100


     PROPORTION OF DATA PRESENT FOR Y


           Covariance Coverage
              CQ            MG            PQ            LEC           CG
              ________      ________      ________      ________      ________
 CQ             1.000
 MG             1.000         1.000
 PQ             1.000         1.000         1.000
 LEC            1.000         1.000         1.000         1.000
 CG             1.000         1.000         1.000         1.000         1.000
 WG             1.000         1.000         1.000         1.000         1.000
 OG             1.000         1.000         1.000         1.000         1.000
 SQ             1.000         1.000         1.000         1.000         1.000


           Covariance Coverage
              WG            OG            SQ
              ________      ________      ________
 WG             1.000
 OG             1.000         1.000
 SQ             1.000         1.000         1.000


SAMPLE STATISTICS


     ESTIMATED SAMPLE STATISTICS


           Means
              CQ            MG            PQ            LEC           CG
              ________      ________      ________      ________      ________
                0.152         0.337         0.397         0.444         0.102


           Means
              WG            OG            SQ
              ________      ________      ________
                0.233         0.138         0.141


           Covariances
              CQ            MG            PQ            LEC           CG
              ________      ________      ________      ________      ________
 CQ             0.038
 MG            -0.026         0.105
 PQ            -0.007         0.015         0.105
 LEC            0.021        -0.091        -0.008         0.129
 CG             0.028        -0.015        -0.004         0.011         0.025
 WG            -0.033         0.087        -0.009        -0.086        -0.022
 OG            -0.013         0.023         0.012        -0.033        -0.009
 SQ            -0.005         0.012        -0.017        -0.014        -0.004


           Covariances
              WG            OG            SQ
              ________      ________      ________
 WG             0.139
 OG            -0.020         0.066
 SQ             0.025        -0.001         0.028


           Correlations
              CQ            MG            PQ            LEC           CG
              ________      ________      ________      ________      ________
 CQ             1.000
 MG            -0.414         1.000
 PQ            -0.109         0.147         1.000
 LEC            0.300        -0.778        -0.068         1.000
 CG             0.901        -0.288        -0.083         0.190         1.000
 WG            -0.452         0.720        -0.073        -0.643        -0.377
 OG            -0.265         0.280         0.147        -0.355        -0.220
 SQ            -0.149         0.217        -0.315        -0.235        -0.136


           Correlations
              WG            OG            SQ
              ________      ________      ________
 WG             1.000
 OG            -0.211         1.000
 SQ             0.397        -0.027         1.000


     MAXIMUM LOG-LIKELIHOOD VALUE FOR THE UNRESTRICTED (H1) MODEL IS 483.025


UNIVARIATE SAMPLE STATISTICS


     UNIVARIATE HIGHER-ORDER MOMENT DESCRIPTIVE STATISTICS

         Variable/         Mean/     Skewness/   Minimum/ % with                Percentiles
        Sample Size      Variance    Kurtosis    Maximum  Min/Max      20%/60%    40%/80%    Median

     CQ                    0.152       1.385       0.000   47.98%       0.000      0.000      0.054
             223.000       0.038       1.763       1.000    0.45%       0.152      0.321
     MG                    0.337       0.519       0.000   30.04%       0.000      0.121      0.269
             223.000       0.105      -1.002       1.000    4.04%       0.435      0.630
     PQ                    0.397       0.385       0.000   15.25%       0.048      0.227      0.314
             223.000       0.105      -1.218       1.000    3.14%       0.429      0.767
     LEC                   0.444       0.186       0.000   16.14%       0.043      0.250      0.400
             223.000       0.129      -1.499       1.000    5.38%       0.571      0.849
     CG                    0.102       1.723       0.000   56.05%       0.000      0.000      0.000
             223.000       0.025       2.628       0.792    0.45%       0.050      0.200
     WG                    0.233       1.216       0.000   66.37%       0.000      0.000      0.000
             223.000       0.139      -0.227       1.000   11.66%       0.000      0.673
     OG                    0.138       2.198       0.000   56.50%       0.000      0.000      0.000
             223.000       0.066       3.833       1.000    0.90%       0.048      0.225
     SQ                    0.141       1.724       0.000   24.22%       0.000      0.053      0.091
             223.000       0.028       3.105       0.900    0.45%       0.127      0.231

RANDOM STARTS RESULTS RANKED FROM THE BEST TO THE WORST LOGLIKELIHOOD VALUES

Final stage loglikelihood values at local maxima, seeds, and initial stage start numbers:

             574.611  685657           69
             574.611  260601           36
             574.611  456213           160
             574.611  281558           184
             574.611  715561           125
             574.611  648555           113
             574.611  606576           151
             574.611  415931           10
             574.611  565819           65
             574.601  967237           48
             574.601  575700           100
             574.601  364676           27
             574.601  127215           9
             574.601  471398           74
             574.601  587946           120
             561.313  268217           83
             519.826  285380           1
             513.367  481835           57
             513.367  284109           82
             509.582  259507           53
             448.508  247224           94
             448.508  751054           117
             445.417  783165           170
             445.417  987090           70
             445.417  793035           187
             445.417  107446           12
             445.417  150531           154
             445.417  366706           29
             445.417  645664           39
             445.417  782200           84
             445.417  991329           182
             445.417  963053           43
             445.417  851945           18
             442.789  476498           179
             414.305  164305           128
             414.305  21345            199
             414.305  761633           50
             413.000  46437            153
             359.932  415502           194

11 perturbed starting value run(s) did not converge or were rejected in the third stage.



THE BEST LOGLIKELIHOOD VALUE HAS BEEN REPLICATED.  RERUN WITH AT LEAST TWICE THE
RANDOM STARTS TO CHECK THAT THE BEST LOGLIKELIHOOD IS STILL OBTAINED AND REPLICATED.


THE MODEL ESTIMATION TERMINATED NORMALLY



MODEL FIT INFORMATION

Number of Free Parameters                       43

Loglikelihood

          H0 Value                         574.611
          H0 Scaling Correction Factor      1.5256
            for MLR

Information Criteria

          Akaike (AIC)                   -1063.222
          Bayesian (BIC)                  -916.714
          Sample-Size Adjusted BIC       -1052.986
            (n* = (n + 2) / 24)



FINAL CLASS COUNTS AND PROPORTIONS FOR THE LATENT CLASSES
BASED ON THE ESTIMATED MODEL

    Latent
   Classes

       1         37.70642          0.16909
       2         29.72346          0.13329
       3         59.97357          0.26894
       4         95.59655          0.42868


FINAL CLASS COUNTS AND PROPORTIONS FOR THE LATENT CLASSES
BASED ON ESTIMATED POSTERIOR PROBABILITIES

    Latent
   Classes

       1         37.70642          0.16909
       2         29.72346          0.13329
       3         59.97357          0.26894
       4         95.59655          0.42868


FINAL CLASS COUNTS AND PROPORTIONS FOR THE LATENT CLASSES
BASED ON THEIR MOST LIKELY LATENT CLASS MEMBERSHIP

Class Counts and Proportions

    Latent
   Classes

       1               38          0.17040
       2               29          0.13004
       3               61          0.27354
       4               95          0.42601


CLASSIFICATION QUALITY

     Entropy                         0.968


Average Latent Class Probabilities for Most Likely Latent Class Membership (Row)
by Latent Class (Column)

           1        2        3        4

    1   0.974    0.000    0.000    0.026
    2   0.001    0.992    0.000    0.007
    3   0.000    0.015    0.977    0.008
    4   0.007    0.000    0.004    0.989


Classification Probabilities for the Most Likely Latent Class Membership (Column)
by Latent Class (Row)

           1        2        3        4

    1   0.982    0.000    0.000    0.018
    2   0.000    0.968    0.031    0.001
    3   0.000    0.000    0.993    0.007
    4   0.010    0.002    0.005    0.983


Logits for the Classification Probabilities for the Most Likely Latent Class Membership (Column)
by Latent Class (Row)

              1        2        3        4

    1      4.022   -3.720   -9.775    0.000
    2     -2.794    7.517    4.083    0.000
    3     -6.456   -3.407    5.024    0.000
    4     -4.571   -6.193   -5.228    0.000


MODEL RESULTS

                                                    Two-Tailed
                    Estimate       S.E.  Est./S.E.    P-Value

Latent Class 1

 Means
    CQ                 0.481      0.033     14.697      0.000
    MG                 0.218      0.035      6.297      0.000
    PQ                 0.325      0.033      9.952      0.000
    LEC                0.509      0.044     11.532      0.000
    CG                 0.398      0.029     13.646      0.000
    WG                 0.021      0.013      1.670      0.095
    OG                 0.047      0.014      3.241      0.001
    SQ                 0.115      0.019      6.019      0.000

 Variances
    CQ                 0.012      0.002      6.197      0.000
    MG                 0.031      0.003      9.992      0.000
    PQ                 0.103      0.006     16.673      0.000
    LEC                0.038      0.006      6.505      0.000
    CG                 0.006      0.001      6.042      0.000
    WG                 0.023      0.007      3.517      0.000
    OG                 0.014      0.003      4.450      0.000
    SQ                 0.025      0.003      7.535      0.000

Latent Class 2

 Means
    CQ                 0.024      0.015      1.653      0.098
    MG                 0.576      0.029     19.965      0.000
    PQ                 0.478      0.085      5.594      0.000
    LEC                0.125      0.016      7.939      0.000
    CG                 0.012      0.008      1.496      0.135
    WG                 0.061      0.049      1.236      0.217
    OG                 0.724      0.102      7.125      0.000
    SQ                 0.125      0.023      5.396      0.000

 Variances
    CQ                 0.012      0.002      6.197      0.000
    MG                 0.031      0.003      9.992      0.000
    PQ                 0.103      0.006     16.673      0.000
    LEC                0.038      0.006      6.505      0.000
    CG                 0.006      0.001      6.042      0.000
    WG                 0.023      0.007      3.517      0.000
    OG                 0.014      0.003      4.450      0.000
    SQ                 0.025      0.003      7.535      0.000

Latent Class 3

 Means
    CQ                 0.004      0.004      1.174      0.240
    MG                 0.704      0.036     19.402      0.000
    PQ                 0.418      0.066      6.322      0.000
    LEC                0.076      0.021      3.575      0.000
    CG                 0.004      0.003      1.126      0.260
    WG                 0.795      0.064     12.497      0.000
    OG                 0.045      0.024      1.840      0.066
    SQ                 0.220      0.032      6.785      0.000

 Variances
    CQ                 0.012      0.002      6.197      0.000
    MG                 0.031      0.003      9.992      0.000
    PQ                 0.103      0.006     16.673      0.000
    LEC                0.038      0.006      6.505      0.000
    CG                 0.006      0.001      6.042      0.000
    WG                 0.023      0.007      3.517      0.000
    OG                 0.014      0.003      4.450      0.000
    SQ                 0.025      0.003      7.535      0.000

Latent Class 4

 Means
    CQ                 0.154      0.015     10.227      0.000
    MG                 0.080      0.016      5.032      0.000
    PQ                 0.386      0.026     14.605      0.000
    LEC                0.748      0.030     24.627      0.000
    CG                 0.075      0.010      7.856      0.000
    WG                 0.019      0.010      1.940      0.052
    OG                 0.051      0.009      5.940      0.000
    SQ                 0.107      0.012      9.334      0.000

 Variances
    CQ                 0.012      0.002      6.197      0.000
    MG                 0.031      0.003      9.992      0.000
    PQ                 0.103      0.006     16.673      0.000
    LEC                0.038      0.006      6.505      0.000
    CG                 0.006      0.001      6.042      0.000
    WG                 0.023      0.007      3.517      0.000
    OG                 0.014      0.003      4.450      0.000
    SQ                 0.025      0.003      7.535      0.000

Categorical Latent Variables

 Means
    C#1               -0.930      0.217     -4.278      0.000
    C#2               -1.168      0.281     -4.154      0.000
    C#3               -0.466      0.208     -2.245      0.025


QUALITY OF NUMERICAL RESULTS

     Condition Number for the Information Matrix              0.163E-08
       (ratio of smallest to largest eigenvalue)


RESIDUAL OUTPUT


     ESTIMATED MODEL AND RESIDUALS (OBSERVED - ESTIMATED) FOR CLASS 1


           Model Estimated Means
              CQ            MG            PQ            LEC           CG
              ________      ________      ________      ________      ________
                0.481         0.218         0.325         0.509         0.398


           Model Estimated Means
              WG            OG            SQ
              ________      ________      ________
                0.021         0.047         0.115


           Residuals for Means
              CQ            MG            PQ            LEC           CG
              ________      ________      ________      ________      ________
                0.000         0.000         0.000         0.000         0.000


           Residuals for Means
              WG            OG            SQ
              ________      ________      ________
                0.000         0.000         0.000


           Model Estimated Covariances
              CQ            MG            PQ            LEC           CG
              ________      ________      ________      ________      ________
 CQ             0.012
 MG             0.000         0.031
 PQ             0.000         0.000         0.103
 LEC            0.000         0.000         0.000         0.038
 CG             0.000         0.000         0.000         0.000         0.006
 WG             0.000         0.000         0.000         0.000         0.000
 OG             0.000         0.000         0.000         0.000         0.000
 SQ             0.000         0.000         0.000         0.000         0.000


           Model Estimated Covariances
              WG            OG            SQ
              ________      ________      ________
 WG             0.023
 OG             0.000         0.014
 SQ             0.000         0.000         0.025


           Residuals for Covariances
              CQ            MG            PQ            LEC           CG
              ________      ________      ________      ________      ________
 CQ             0.014
 MG             0.000         0.012
 PQ            -0.002         0.006        -0.067
 LEC           -0.012        -0.015         0.003         0.023
 CG             0.014         0.005        -0.004        -0.008         0.010
 WG            -0.002         0.001        -0.004        -0.003        -0.002
 OG            -0.005         0.004         0.005        -0.002        -0.003
 SQ            -0.001        -0.007         0.003         0.013        -0.003


           Residuals for Covariances
              WG            OG            SQ
              ________      ________      ________
 WG            -0.018
 OG            -0.001        -0.006
 SQ            -0.001         0.000        -0.012


     ESTIMATED MODEL AND RESIDUALS (OBSERVED - ESTIMATED) FOR CLASS 2


           Model Estimated Means
              CQ            MG            PQ            LEC           CG
              ________      ________      ________      ________      ________
                0.024         0.576         0.478         0.125         0.012


           Model Estimated Means
              WG            OG            SQ
              ________      ________      ________
                0.061         0.724         0.125


           Residuals for Means
              CQ            MG            PQ            LEC           CG
              ________      ________      ________      ________      ________
                0.000         0.000         0.000         0.000         0.000


           Residuals for Means
              WG            OG            SQ
              ________      ________      ________
                0.000         0.000         0.000


           Model Estimated Covariances
              CQ            MG            PQ            LEC           CG
              ________      ________      ________      ________      ________
 CQ             0.012
 MG             0.000         0.031
 PQ             0.000         0.000         0.103
 LEC            0.000         0.000         0.000         0.038
 CG             0.000         0.000         0.000         0.000         0.006
 WG             0.000         0.000         0.000         0.000         0.000
 OG             0.000         0.000         0.000         0.000         0.000
 SQ             0.000         0.000         0.000         0.000         0.000


           Model Estimated Covariances
              WG            OG            SQ
              ________      ________      ________
 WG             0.023
 OG             0.000         0.014
 SQ             0.000         0.000         0.025


           Residuals for Covariances
              CQ            MG            PQ            LEC           CG
              ________      ________      ________      ________      ________
 CQ            -0.006
 MG            -0.002        -0.007
 PQ            -0.002         0.028         0.043
 LEC            0.001        -0.002         0.013        -0.031
 CG             0.003         0.000        -0.001         0.001        -0.004
 WG            -0.001         0.002         0.009        -0.002        -0.001
 OG            -0.006         0.009        -0.035        -0.013        -0.003
 SQ            -0.003        -0.004        -0.021        -0.005        -0.001


           Residuals for Covariances
              WG            OG            SQ
              ________      ________      ________
 WG             0.015
 OG             0.000         0.040
 SQ             0.018         0.016        -0.006


     ESTIMATED MODEL AND RESIDUALS (OBSERVED - ESTIMATED) FOR CLASS 3


           Model Estimated Means
              CQ            MG            PQ            LEC           CG
              ________      ________      ________      ________      ________
                0.004         0.704         0.418         0.076         0.004


           Model Estimated Means
              WG            OG            SQ
              ________      ________      ________
                0.795         0.045         0.220


           Residuals for Means
              CQ            MG            PQ            LEC           CG
              ________      ________      ________      ________      ________
                0.000         0.000         0.000         0.000         0.000


           Residuals for Means
              WG            OG            SQ
              ________      ________      ________
                0.000         0.000         0.000


           Model Estimated Covariances
              CQ            MG            PQ            LEC           CG
              ________      ________      ________      ________      ________
 CQ             0.012
 MG             0.000         0.031
 PQ             0.000         0.000         0.103
 LEC            0.000         0.000         0.000         0.038
 CG             0.000         0.000         0.000         0.000         0.006
 WG             0.000         0.000         0.000         0.000         0.000
 OG             0.000         0.000         0.000         0.000         0.000
 SQ             0.000         0.000         0.000         0.000         0.000


           Model Estimated Covariances
              WG            OG            SQ
              ________      ________      ________
 WG             0.023
 OG             0.000         0.014
 SQ             0.000         0.000         0.025


           Residuals for Covariances
              CQ            MG            PQ            LEC           CG
              ________      ________      ________      ________      ________
 CQ            -0.011
 MG             0.000         0.017
 PQ             0.002         0.001         0.087
 LEC            0.000        -0.010         0.021        -0.025
 CG             0.001         0.000         0.001         0.000        -0.005
 WG            -0.002         0.026        -0.055        -0.016        -0.001
 OG             0.001         0.000         0.016         0.001         0.001
 SQ            -0.001         0.003        -0.067        -0.008        -0.001


           Residuals for Covariances
              WG            OG            SQ
              ________      ________      ________
 WG             0.031
 OG            -0.013        -0.005
 SQ             0.021        -0.006         0.031


     ESTIMATED MODEL AND RESIDUALS (OBSERVED - ESTIMATED) FOR CLASS 4


           Model Estimated Means
              CQ            MG            PQ            LEC           CG
              ________      ________      ________      ________      ________
                0.154         0.080         0.386         0.748         0.075


           Model Estimated Means
              WG            OG            SQ
              ________      ________      ________
                0.019         0.051         0.107


           Residuals for Means
              CQ            MG            PQ            LEC           CG
              ________      ________      ________      ________      ________
                0.000         0.000         0.000         0.000         0.000


           Residuals for Means
              WG            OG            SQ
              ________      ________      ________
                0.000         0.000         0.000


           Model Estimated Covariances
              CQ            MG            PQ            LEC           CG
              ________      ________      ________      ________      ________
 CQ             0.012
 MG             0.000         0.031
 PQ             0.000         0.000         0.103
 LEC            0.000         0.000         0.000         0.038
 CG             0.000         0.000         0.000         0.000         0.006
 WG             0.000         0.000         0.000         0.000         0.000
 OG             0.000         0.000         0.000         0.000         0.000
 SQ             0.000         0.000         0.000         0.000         0.000


           Model Estimated Covariances
              WG            OG            SQ
              ________      ________      ________
 WG             0.023
 OG             0.000         0.014
 SQ             0.000         0.000         0.025


           Residuals for Covariances
              CQ            MG            PQ            LEC           CG
              ________      ________      ________      ________      ________
 CQ             0.004
 MG            -0.002        -0.013
 PQ            -0.001         0.007        -0.042
 LEC           -0.002        -0.009        -0.019         0.016
 CG             0.007         0.000         0.003        -0.003         0.001
 WG            -0.002         0.005         0.001        -0.005        -0.001
 OG            -0.001         0.002         0.010        -0.006         0.000
 SQ             0.001         0.002         0.006        -0.004         0.000


           Residuals for Covariances
              WG            OG            SQ
              ________      ________      ________
 WG            -0.017
 OG             0.000        -0.007
 SQ             0.001         0.000        -0.013


TECHNICAL 11 OUTPUT

     Random Starts Specifications for the k-1 Class Analysis Model
        Number of initial stage random starts                 200
        Number of final stage optimizations                    50



     VUONG-LO-MENDELL-RUBIN LIKELIHOOD RATIO TEST FOR 3 (H0) VERSUS 4 CLASSES

          H0 Loglikelihood Value                          414.305
          2 Times the Loglikelihood Difference            320.611
          Difference in the Number of Parameters                9
          Mean                                            104.812
          Standard Deviation                              264.080
          P-Value                                          0.1472

     LO-MENDELL-RUBIN ADJUSTED LRT TEST

          Value                                           314.156
          P-Value                                          0.1514


TECHNICAL 14 OUTPUT

     Random Starts Specifications for the k-1 Class Analysis Model
        Number of initial stage random starts                 200
        Number of final stage optimizations                    50

     Random Starts Specification for the k-1 Class Model for Generated Data
        Number of initial stage random starts                   0
        Number of final stage optimizations for the
           initial stage random starts                          0
     Random Starts Specification for the k Class Model for Generated Data
        Number of initial stage random starts                  40
        Number of final stage optimizations                     8
     Number of bootstrap draws requested                   Varies


     PARAMETRIC BOOTSTRAPPED LIKELIHOOD RATIO TEST FOR 3 (H0) VERSUS 4 CLASSES

          H0 Loglikelihood Value                          414.305
          2 Times the Loglikelihood Difference            320.611
          Difference in the Number of Parameters                9
          Approximate P-Value                              0.0000
          Successful Bootstrap Draws                            5


PLOT INFORMATION

The following plots are available:

  Histograms (sample values)
  Scatterplots (sample values)
  Sample means
  Estimated means, medians, modes, and percentiles
  Sample and estimated means
  Observed individual values
  Estimated means and observed individual values
  Estimated overall and class-specific distributions

     Beginning Time:  14:33:42
        Ending Time:  14:33:48
       Elapsed Time:  00:00:06



MUTHEN & MUTHEN
3463 Stoner Ave.
Los Angeles, CA  90066

Tel: (310) 391-9971
Fax: (310) 391-8971
Web: www.StatModel.com
Support: Support@StatModel.com

Copyright (c) 1998-2024 Muthen & Muthen
