Mplus VERSION 8.11 (Mac)
MUTHEN & MUTHEN
03/27/2025  11:56 AM

INPUT INSTRUCTIONS

  TITLE:
  M1: Class4
  DATA:
  FILE = "step1_3step.dat";
  VARIABLE:
  NAMES = CQ MG PQ Lec CG WG OG SQ Study Method Course;
   MISSING=.;
   usevar = CQ-SQ;
  classes = c(4);
  ANALYSIS:
  estimator = mlr;
      type = mixture;
      starts = 200 50;
      processors = 10;
      optseed = 565819;
  SAVEDATA:
  !!! This saved dataset will contain class probabilities and modal assignment columns !!!
      File=3step_savedata.dat;
      Save=cprob;
      Missflag= 999;



*** WARNING in MODEL command
  All variables are uncorrelated with all other variables within class.
  Check that this is what is intended.
   1 WARNING(S) FOUND IN THE INPUT INSTRUCTIONS




M1: Class4

SUMMARY OF ANALYSIS

Number of groups                                                 1
Number of observations                                         223

Number of dependent variables                                    8
Number of independent variables                                  0
Number of continuous latent variables                            0
Number of categorical latent variables                           1

Observed dependent variables

  Continuous
   CQ          MG          PQ          LEC         CG          WG
   OG          SQ

Categorical latent variables
   C


Estimator                                                      MLR
Information matrix                                        OBSERVED
Optimization Specifications for the Quasi-Newton Algorithm for
Continuous Outcomes
  Maximum number of iterations                                 100
  Convergence criterion                                  0.100D-05
Optimization Specifications for the EM Algorithm
  Maximum number of iterations                                 500
  Convergence criteria
    Loglikelihood change                                 0.100D-06
    Relative loglikelihood change                        0.100D-06
    Derivative                                           0.100D-05
Optimization Specifications for the M step of the EM Algorithm for
Categorical Latent variables
  Number of M step iterations                                    1
  M step convergence criterion                           0.100D-05
  Basis for M step termination                           ITERATION
Optimization Specifications for the M step of the EM Algorithm for
Censored, Binary or Ordered Categorical (Ordinal), Unordered
Categorical (Nominal) and Count Outcomes
  Number of M step iterations                                    1
  M step convergence criterion                           0.100D-05
  Basis for M step termination                           ITERATION
  Maximum value for logit thresholds                            15
  Minimum value for logit thresholds                           -15
  Minimum expected cell size for chi-square              0.100D-01
Maximum number of iterations for H1                           2000
Convergence criterion for H1                             0.100D-03
Optimization algorithm                                         EMA
Random Starts Specifications
  Random seed for analysis                                  565819

Input data file(s)
  step1_3step.dat
Input data format  FREE


SUMMARY OF DATA

     Number of missing data patterns             1
     Number of y missing data patterns           1
     Number of u missing data patterns           0


COVARIANCE COVERAGE OF DATA

Minimum covariance coverage value   0.100


     PROPORTION OF DATA PRESENT FOR Y


           Covariance Coverage
              CQ            MG            PQ            LEC           CG
              ________      ________      ________      ________      ________
 CQ             1.000
 MG             1.000         1.000
 PQ             1.000         1.000         1.000
 LEC            1.000         1.000         1.000         1.000
 CG             1.000         1.000         1.000         1.000         1.000
 WG             1.000         1.000         1.000         1.000         1.000
 OG             1.000         1.000         1.000         1.000         1.000
 SQ             1.000         1.000         1.000         1.000         1.000


           Covariance Coverage
              WG            OG            SQ
              ________      ________      ________
 WG             1.000
 OG             1.000         1.000
 SQ             1.000         1.000         1.000



UNIVARIATE SAMPLE STATISTICS


     UNIVARIATE HIGHER-ORDER MOMENT DESCRIPTIVE STATISTICS

         Variable/         Mean/     Skewness/   Minimum/ % with                Percentiles
        Sample Size      Variance    Kurtosis    Maximum  Min/Max      20%/60%    40%/80%    Median

     CQ                    0.152       1.385       0.000   47.98%       0.000      0.000      0.054
             223.000       0.038       1.763       1.000    0.45%       0.152      0.321
     MG                    0.337       0.519       0.000   30.04%       0.000      0.121      0.269
             223.000       0.105      -1.002       1.000    4.04%       0.435      0.630
     PQ                    0.397       0.385       0.000   15.25%       0.048      0.227      0.314
             223.000       0.105      -1.218       1.000    3.14%       0.429      0.767
     LEC                   0.444       0.186       0.000   16.14%       0.043      0.250      0.400
             223.000       0.129      -1.499       1.000    5.38%       0.571      0.849
     CG                    0.102       1.723       0.000   56.05%       0.000      0.000      0.000
             223.000       0.025       2.628       0.792    0.45%       0.050      0.200
     WG                    0.233       1.216       0.000   66.37%       0.000      0.000      0.000
             223.000       0.139      -0.227       1.000   11.66%       0.000      0.673
     OG                    0.138       2.198       0.000   56.50%       0.000      0.000      0.000
             223.000       0.066       3.833       1.000    0.90%       0.048      0.225
     SQ                    0.141       1.724       0.000   24.22%       0.000      0.053      0.091
             223.000       0.028       3.105       0.900    0.45%       0.127      0.231


THE MODEL ESTIMATION TERMINATED NORMALLY



MODEL FIT INFORMATION

Number of Free Parameters                       43

Loglikelihood

          H0 Value                         574.611
          H0 Scaling Correction Factor      1.5256
            for MLR

Information Criteria

          Akaike (AIC)                   -1063.222
          Bayesian (BIC)                  -916.714
          Sample-Size Adjusted BIC       -1052.986
            (n* = (n + 2) / 24)



FINAL CLASS COUNTS AND PROPORTIONS FOR THE LATENT CLASSES
BASED ON THE ESTIMATED MODEL

    Latent
   Classes

       1         95.59655          0.42868
       2         37.70642          0.16909
       3         29.72345          0.13329
       4         59.97358          0.26894


FINAL CLASS COUNTS AND PROPORTIONS FOR THE LATENT CLASSES
BASED ON ESTIMATED POSTERIOR PROBABILITIES

    Latent
   Classes

       1         95.59655          0.42868
       2         37.70642          0.16909
       3         29.72345          0.13329
       4         59.97358          0.26894


FINAL CLASS COUNTS AND PROPORTIONS FOR THE LATENT CLASSES
BASED ON THEIR MOST LIKELY LATENT CLASS MEMBERSHIP

Class Counts and Proportions

    Latent
   Classes

       1               95          0.42601
       2               38          0.17040
       3               29          0.13004
       4               61          0.27354


CLASSIFICATION QUALITY

     Entropy                         0.968


Average Latent Class Probabilities for Most Likely Latent Class Membership (Row)
by Latent Class (Column)

           1        2        3        4

    1   0.989    0.007    0.000    0.004
    2   0.026    0.974    0.000    0.000
    3   0.007    0.001    0.992    0.000
    4   0.008    0.000    0.015    0.977


Classification Probabilities for the Most Likely Latent Class Membership (Column)
by Latent Class (Row)

           1        2        3        4

    1   0.983    0.010    0.002    0.005
    2   0.018    0.982    0.000    0.000
    3   0.001    0.000    0.968    0.031
    4   0.007    0.000    0.000    0.993


Logits for the Classification Probabilities for the Most Likely Latent Class Membership (Column)
by Latent Class (Row)

              1        2        3        4

    1      5.228    0.656   -0.966    0.000
    2      9.775   13.797    6.056    0.000
    3     -4.083   -6.877    3.435    0.000
    4     -5.024  -11.480   -8.431    0.000


MODEL RESULTS

                                                    Two-Tailed
                    Estimate       S.E.  Est./S.E.    P-Value

Latent Class 1

 Means
    CQ                 0.154      0.015     10.227      0.000
    MG                 0.080      0.016      5.032      0.000
    PQ                 0.386      0.026     14.605      0.000
    LEC                0.748      0.030     24.627      0.000
    CG                 0.075      0.010      7.856      0.000
    WG                 0.019      0.010      1.940      0.052
    OG                 0.051      0.009      5.940      0.000
    SQ                 0.107      0.012      9.334      0.000

 Variances
    CQ                 0.012      0.002      6.197      0.000
    MG                 0.031      0.003      9.992      0.000
    PQ                 0.103      0.006     16.673      0.000
    LEC                0.038      0.006      6.505      0.000
    CG                 0.006      0.001      6.042      0.000
    WG                 0.023      0.007      3.517      0.000
    OG                 0.014      0.003      4.450      0.000
    SQ                 0.025      0.003      7.535      0.000

Latent Class 2

 Means
    CQ                 0.481      0.033     14.697      0.000
    MG                 0.218      0.035      6.297      0.000
    PQ                 0.325      0.033      9.952      0.000
    LEC                0.509      0.044     11.532      0.000
    CG                 0.398      0.029     13.646      0.000
    WG                 0.021      0.013      1.670      0.095
    OG                 0.047      0.014      3.241      0.001
    SQ                 0.115      0.019      6.019      0.000

 Variances
    CQ                 0.012      0.002      6.197      0.000
    MG                 0.031      0.003      9.992      0.000
    PQ                 0.103      0.006     16.673      0.000
    LEC                0.038      0.006      6.505      0.000
    CG                 0.006      0.001      6.042      0.000
    WG                 0.023      0.007      3.517      0.000
    OG                 0.014      0.003      4.450      0.000
    SQ                 0.025      0.003      7.535      0.000

Latent Class 3

 Means
    CQ                 0.024      0.015      1.653      0.098
    MG                 0.576      0.029     19.965      0.000
    PQ                 0.478      0.085      5.594      0.000
    LEC                0.125      0.016      7.939      0.000
    CG                 0.012      0.008      1.496      0.135
    WG                 0.061      0.049      1.236      0.217
    OG                 0.724      0.102      7.125      0.000
    SQ                 0.125      0.023      5.396      0.000

 Variances
    CQ                 0.012      0.002      6.197      0.000
    MG                 0.031      0.003      9.992      0.000
    PQ                 0.103      0.006     16.673      0.000
    LEC                0.038      0.006      6.505      0.000
    CG                 0.006      0.001      6.042      0.000
    WG                 0.023      0.007      3.517      0.000
    OG                 0.014      0.003      4.450      0.000
    SQ                 0.025      0.003      7.535      0.000

Latent Class 4

 Means
    CQ                 0.004      0.004      1.174      0.240
    MG                 0.704      0.036     19.402      0.000
    PQ                 0.418      0.066      6.322      0.000
    LEC                0.076      0.021      3.575      0.000
    CG                 0.004      0.003      1.126      0.260
    WG                 0.795      0.064     12.497      0.000
    OG                 0.045      0.024      1.840      0.066
    SQ                 0.220      0.032      6.785      0.000

 Variances
    CQ                 0.012      0.002      6.197      0.000
    MG                 0.031      0.003      9.992      0.000
    PQ                 0.103      0.006     16.673      0.000
    LEC                0.038      0.006      6.505      0.000
    CG                 0.006      0.001      6.042      0.000
    WG                 0.023      0.007      3.517      0.000
    OG                 0.014      0.003      4.450      0.000
    SQ                 0.025      0.003      7.535      0.000

Categorical Latent Variables

 Means
    C#1                0.466      0.208      2.245      0.025
    C#2               -0.464      0.245     -1.897      0.058
    C#3               -0.702      0.366     -1.917      0.055


QUALITY OF NUMERICAL RESULTS

     Condition Number for the Information Matrix              0.163E-08
       (ratio of smallest to largest eigenvalue)


SAVEDATA INFORMATION


  Save file
    3step_savedata.dat

  Order and format of variables

    CQ             F10.3
    MG             F10.3
    PQ             F10.3
    LEC            F10.3
    CG             F10.3
    WG             F10.3
    OG             F10.3
    SQ             F10.3
    CPROB1         F10.3
    CPROB2         F10.3
    CPROB3         F10.3
    CPROB4         F10.3
    C              F10.3

  Save file format
    13F10.3

  Save file record length    10000

  Save missing symbol        999


     Beginning Time:  11:56:46
        Ending Time:  11:56:46
       Elapsed Time:  00:00:00



MUTHEN & MUTHEN
3463 Stoner Ave.
Los Angeles, CA  90066

Tel: (310) 391-9971
Fax: (310) 391-8971
Web: www.StatModel.com
Support: Support@StatModel.com

Copyright (c) 1998-2024 Muthen & Muthen
