Mplus VERSION 8.11 (Mac)
MUTHEN & MUTHEN
03/26/2025   2:41 PM

INPUT INSTRUCTIONS

  TITLE:
  M4: Class2
  DATA:
  FILE = "/Users/MeaganSundstrom_1/Desktop/CALEP_Analysis_Github/m4_enum/
  c_lpa_m4.dat";
  VARIABLE:
  NAMES = CQ MG PQ Lec CG WG OG SQ Study Method Course;
   MISSING=.;
   usevar = CQ-SQ;
  classes = c(2);
  ANALYSIS:
  estimator = mlr;
      type = mixture;
      starts = 200 50;
      processors = 10;
  MODEL:
  %c#1%
      [CQ-SQ];          !!! means are freely estimated
      CQ-SQ;       !!! variances are fixed to equality
      CG with WG;       !!! covariances are freely estimated
      CG with OG;
      CG with SQ;
      CG with Lec;
      CG with PQ;
      CG with CQ;
      CG with MG;
      WG with OG;
      WG with SQ;
      WG with Lec;
      WG with PQ;
      WG with CQ;
      WG with MG;
      OG with SQ;
      OG with Lec;
      OG with PQ;
      OG with CQ;
      OG with MG;
      SQ with Lec;
      SQ with PQ;
      SQ with CQ;
      SQ with MG;
      Lec with PQ;
      Lec with CQ;
      Lec with MG;
      PQ with CQ;
      PQ with MG;
      CQ with MG;

   %c#2%
   [CQ-SQ];
   CQ-SQ;
   CG with WG;
   CG with OG;
   CG with SQ;
   CG with Lec;
   CG with PQ;
   CG with CQ;
   CG with MG;
   WG with OG;
   WG with SQ;
   WG with Lec;
   WG with PQ;
   WG with CQ;
   WG with MG;
   OG with SQ;
   OG with Lec;
   OG with PQ;
   OG with CQ;
   OG with MG;
   SQ with Lec;
   SQ with PQ;
   SQ with CQ;
   SQ with MG;
   Lec with PQ;
   Lec with CQ;
   Lec with MG;
   PQ with CQ;
   PQ with MG;
   CQ with MG;

  ! %c#3%
  ! [CQ-SQ];
  ! CQ-SQ;
  ! CG with WG;
  ! CG with OG;
  ! CG with SQ;
  ! CG with Lec;
  ! CG with PQ;
  ! CG with CQ;
  ! CG with MG;
  ! WG with OG;
  ! WG with SQ;
  ! WG with Lec;
  ! WG with PQ;
  ! WG with CQ;
  ! WG with MG;
  ! OG with SQ;
  ! OG with Lec;
  ! OG with PQ;
  ! OG with CQ;
  ! OG with MG;
  ! SQ with Lec;
  ! SQ with PQ;
  ! SQ with CQ;
  ! SQ with MG;
  ! Lec with PQ;
  ! Lec with CQ;
  ! Lec with MG;
  ! PQ with CQ;
  ! PQ with MG;
  ! CQ with MG;

  ! %c#3%
  ! [CQ-SQ];
  ! CQ-SQ;
  ! CG with WG;
  ! CG with OG;
  ! CG with SQ;
  ! CG with Lec;
  ! CG with PQ;
  ! CG with CQ;
  ! CG with MG;
  ! WG with OG;
  ! WG with SQ;
  ! WG with Lec;
  ! WG with PQ;
  ! WG with CQ;
  ! WG with MG;
  ! OG with SQ;
  ! OG with Lec;
  ! OG with PQ;
  ! OG with CQ;
  ! OG with MG;
  ! SQ with Lec;
  ! SQ with PQ;
  ! SQ with CQ;
  ! SQ with MG;
  ! Lec with PQ;
  ! Lec with CQ;
  ! Lec with MG;
  ! PQ with CQ;
  ! PQ with MG;
  ! CQ with MG;

  ! %c#3%
  ! [CQ-SQ];
  ! CQ-SQ;
  ! CG with WG;
  ! CG with OG;
  ! CG with SQ;
  ! CG with Lec;
  ! CG with PQ;
  ! CG with CQ;
  ! CG with MG;
  ! WG with OG;
  ! WG with SQ;
  ! WG with Lec;
  ! WG with PQ;
  ! WG with CQ;
  ! WG with MG;
  ! OG with SQ;
  ! OG with Lec;
  ! OG with PQ;
  ! OG with CQ;
  ! OG with MG;
  ! SQ with Lec;
  ! SQ with PQ;
  ! SQ with CQ;
  ! SQ with MG;
  ! Lec with PQ;
  ! Lec with CQ;
  ! Lec with MG;
  ! PQ with CQ;
  ! PQ with MG;
  ! CQ with MG;

  ! %c#3%
  ! [CQ-SQ];
  ! CQ-SQ;
  ! CG with WG;
  ! CG with OG;
  ! CG with SQ;
  ! CG with Lec;
  ! CG with PQ;
  ! CG with CQ;
  ! CG with MG;
  ! WG with OG;
  ! WG with SQ;
  ! WG with Lec;
  ! WG with PQ;
  ! WG with CQ;
  ! WG with MG;
  ! OG with SQ;
  ! OG with Lec;
  ! OG with PQ;
  ! OG with CQ;
  ! OG with MG;
  ! SQ with Lec;
  ! SQ with PQ;
  ! SQ with CQ;
  ! SQ with MG;
  ! Lec with PQ;
  ! Lec with CQ;
  ! Lec with MG;
  ! PQ with CQ;
  ! PQ with MG;
  ! CQ with MG;
  OUTPUT:
  sampstat residual tech11 tech14;
  PLOT:
  type = plot3;
       series = CQ-SQ(*);



*** WARNING in MODEL command
  All variables are uncorrelated with all other variables within class.
  Check that this is what is intended.
   1 WARNING(S) FOUND IN THE INPUT INSTRUCTIONS




M4: Class2

SUMMARY OF ANALYSIS

Number of groups                                                 1
Number of observations                                         223

Number of dependent variables                                    8
Number of independent variables                                  0
Number of continuous latent variables                            0
Number of categorical latent variables                           1

Observed dependent variables

  Continuous
   CQ          MG          PQ          LEC         CG          WG
   OG          SQ

Categorical latent variables
   C


Estimator                                                      MLR
Information matrix                                        OBSERVED
Optimization Specifications for the Quasi-Newton Algorithm for
Continuous Outcomes
  Maximum number of iterations                                 100
  Convergence criterion                                  0.100D-05
Optimization Specifications for the EM Algorithm
  Maximum number of iterations                                 500
  Convergence criteria
    Loglikelihood change                                 0.100D-06
    Relative loglikelihood change                        0.100D-06
    Derivative                                           0.100D-05
Optimization Specifications for the M step of the EM Algorithm for
Categorical Latent variables
  Number of M step iterations                                    1
  M step convergence criterion                           0.100D-05
  Basis for M step termination                           ITERATION
Optimization Specifications for the M step of the EM Algorithm for
Censored, Binary or Ordered Categorical (Ordinal), Unordered
Categorical (Nominal) and Count Outcomes
  Number of M step iterations                                    1
  M step convergence criterion                           0.100D-05
  Basis for M step termination                           ITERATION
  Maximum value for logit thresholds                            15
  Minimum value for logit thresholds                           -15
  Minimum expected cell size for chi-square              0.100D-01
Maximum number of iterations for H1                           2000
Convergence criterion for H1                             0.100D-03
Optimization algorithm                                         EMA
Random Starts Specifications
  Number of initial stage random starts                        200
  Number of final stage optimizations                           50
  Number of initial stage iterations                            10
  Initial stage convergence criterion                    0.100D+01
  Random starts scale                                    0.500D+01
  Random seed for generating random starts                       0

Input data file(s)
  /Users/MeaganSundstrom_1/Desktop/CALEP_Analysis_Github/m4_enum/c_lpa_m4.dat
Input data format  FREE


SUMMARY OF DATA

     Number of missing data patterns             1
     Number of y missing data patterns           1
     Number of u missing data patterns           0


COVARIANCE COVERAGE OF DATA

Minimum covariance coverage value   0.100


     PROPORTION OF DATA PRESENT FOR Y


           Covariance Coverage
              CQ            MG            PQ            LEC           CG
              ________      ________      ________      ________      ________
 CQ             1.000
 MG             1.000         1.000
 PQ             1.000         1.000         1.000
 LEC            1.000         1.000         1.000         1.000
 CG             1.000         1.000         1.000         1.000         1.000
 WG             1.000         1.000         1.000         1.000         1.000
 OG             1.000         1.000         1.000         1.000         1.000
 SQ             1.000         1.000         1.000         1.000         1.000


           Covariance Coverage
              WG            OG            SQ
              ________      ________      ________
 WG             1.000
 OG             1.000         1.000
 SQ             1.000         1.000         1.000


SAMPLE STATISTICS


     ESTIMATED SAMPLE STATISTICS


           Means
              CQ            MG            PQ            LEC           CG
              ________      ________      ________      ________      ________
                0.152         0.337         0.397         0.444         0.102


           Means
              WG            OG            SQ
              ________      ________      ________
                0.233         0.138         0.141


           Covariances
              CQ            MG            PQ            LEC           CG
              ________      ________      ________      ________      ________
 CQ             0.038
 MG            -0.026         0.105
 PQ            -0.007         0.015         0.105
 LEC            0.021        -0.091        -0.008         0.129
 CG             0.028        -0.015        -0.004         0.011         0.025
 WG            -0.033         0.087        -0.009        -0.086        -0.022
 OG            -0.013         0.023         0.012        -0.033        -0.009
 SQ            -0.005         0.012        -0.017        -0.014        -0.004


           Covariances
              WG            OG            SQ
              ________      ________      ________
 WG             0.139
 OG            -0.020         0.066
 SQ             0.025        -0.001         0.028


           Correlations
              CQ            MG            PQ            LEC           CG
              ________      ________      ________      ________      ________
 CQ             1.000
 MG            -0.414         1.000
 PQ            -0.109         0.147         1.000
 LEC            0.300        -0.778        -0.068         1.000
 CG             0.901        -0.288        -0.083         0.190         1.000
 WG            -0.452         0.720        -0.073        -0.643        -0.377
 OG            -0.265         0.280         0.147        -0.355        -0.220
 SQ            -0.149         0.217        -0.315        -0.235        -0.136


           Correlations
              WG            OG            SQ
              ________      ________      ________
 WG             1.000
 OG            -0.211         1.000
 SQ             0.397        -0.027         1.000


     MAXIMUM LOG-LIKELIHOOD VALUE FOR THE UNRESTRICTED (H1) MODEL IS 483.025


UNIVARIATE SAMPLE STATISTICS


     UNIVARIATE HIGHER-ORDER MOMENT DESCRIPTIVE STATISTICS

         Variable/         Mean/     Skewness/   Minimum/ % with                Percentiles
        Sample Size      Variance    Kurtosis    Maximum  Min/Max      20%/60%    40%/80%    Median

     CQ                    0.152       1.385       0.000   47.98%       0.000      0.000      0.054
             223.000       0.038       1.763       1.000    0.45%       0.152      0.321
     MG                    0.337       0.519       0.000   30.04%       0.000      0.121      0.269
             223.000       0.105      -1.002       1.000    4.04%       0.435      0.630
     PQ                    0.397       0.385       0.000   15.25%       0.048      0.227      0.314
             223.000       0.105      -1.218       1.000    3.14%       0.429      0.767
     LEC                   0.444       0.186       0.000   16.14%       0.043      0.250      0.400
             223.000       0.129      -1.499       1.000    5.38%       0.571      0.849
     CG                    0.102       1.723       0.000   56.05%       0.000      0.000      0.000
             223.000       0.025       2.628       0.792    0.45%       0.050      0.200
     WG                    0.233       1.216       0.000   66.37%       0.000      0.000      0.000
             223.000       0.139      -0.227       1.000   11.66%       0.000      0.673
     OG                    0.138       2.198       0.000   56.50%       0.000      0.000      0.000
             223.000       0.066       3.833       1.000    0.90%       0.048      0.225
     SQ                    0.141       1.724       0.000   24.22%       0.000      0.053      0.091
             223.000       0.028       3.105       0.900    0.45%       0.127      0.231

RANDOM STARTS RESULTS RANKED FROM THE BEST TO THE WORST LOGLIKELIHOOD VALUES


148 perturbed starting value run(s) did not converge or were rejected in the third stage.
Final stage loglikelihood values at local maxima, seeds, and initial stage start numbers:

             858.588  415502           194
             824.706  804561           59
             760.690  509733           130
             756.043  544048           87
             747.559  127215           9
             729.394  476498           179
             483.025  784664           75
             483.025  46437            153
             483.025  887676           22
             483.025  100874           108
             483.025  153942           31
             483.025  606576           151
             483.025  314084           81
             483.025  848969           173
             483.025  318230           46
             483.025  848163           47
             483.025  202790           198
             483.025  466971           109
             483.025  903420           5
             483.025  253358           2
             483.025  479273           156
             483.025  458181           189

Unperturbed starting value run did not converge or was rejected in the third stage.

27 perturbed starting value run(s) did not converge or were rejected in the third stage.



     WARNING:  THE BEST LOGLIKELIHOOD VALUE WAS NOT REPLICATED.  THE
     SOLUTION MAY NOT BE TRUSTWORTHY DUE TO LOCAL MAXIMA.  INCREASE THE
     NUMBER OF RANDOM STARTS.


THE MODEL ESTIMATION TERMINATED NORMALLY



MODEL FIT INFORMATION

Number of Free Parameters                       89

Loglikelihood

          H0 Value                         858.588
          H0 Scaling Correction Factor      1.6248
            for MLR

Information Criteria

          Akaike (AIC)                   -1539.176
          Bayesian (BIC)                 -1235.938
          Sample-Size Adjusted BIC       -1517.990
            (n* = (n + 2) / 24)



FINAL CLASS COUNTS AND PROPORTIONS FOR THE LATENT CLASSES
BASED ON THE ESTIMATED MODEL

    Latent
   Classes

       1        139.31597          0.62474
       2         83.68403          0.37526


FINAL CLASS COUNTS AND PROPORTIONS FOR THE LATENT CLASSES
BASED ON ESTIMATED POSTERIOR PROBABILITIES

    Latent
   Classes

       1        139.31597          0.62474
       2         83.68403          0.37526


FINAL CLASS COUNTS AND PROPORTIONS FOR THE LATENT CLASSES
BASED ON THEIR MOST LIKELY LATENT CLASS MEMBERSHIP

Class Counts and Proportions

    Latent
   Classes

       1              141          0.63229
       2               82          0.36771


CLASSIFICATION QUALITY

     Entropy                         0.921


Average Latent Class Probabilities for Most Likely Latent Class Membership (Row)
by Latent Class (Column)

           1        2

    1   0.979    0.021
    2   0.015    0.985


Classification Probabilities for the Most Likely Latent Class Membership (Column)
by Latent Class (Row)

           1        2

    1   0.991    0.009
    2   0.035    0.965


Logits for the Classification Probabilities for the Most Likely Latent Class Membership (Column)
by Latent Class (Row)

              1        2

    1      4.731    0.000
    2     -3.327    0.000


MODEL RESULTS

                                                    Two-Tailed
                    Estimate       S.E.  Est./S.E.    P-Value

Latent Class 1

 CG       WITH
    WG                -0.030      0.005     -5.800      0.000
    OG                 0.001      0.001      2.704      0.007
    SQ                -0.008      0.003     -3.338      0.001
    LEC                0.001      0.005      0.259      0.796
    PQ                 0.012      0.003      3.786      0.000
    CQ                 0.033      0.005      6.494      0.000
    MG                -0.010      0.005     -2.010      0.044

 WG       WITH
    OG                -0.004      0.001     -3.390      0.001
    SQ                 0.043      0.009      4.601      0.000
    LEC               -0.113      0.016     -6.906      0.000
    PQ                -0.050      0.007     -7.105      0.000
    CQ                -0.046      0.007     -6.329      0.000
    MG                 0.100      0.015      6.763      0.000

 OG       WITH
    SQ                -0.001      0.001     -1.919      0.055
    LEC                0.001      0.001      0.675      0.500
    PQ                 0.004      0.002      2.112      0.035
    CQ                 0.002      0.001      3.039      0.002
    MG                -0.001      0.001     -1.040      0.298

 SQ       WITH
    LEC               -0.029      0.007     -3.998      0.000
    PQ                -0.011      0.004     -3.003      0.003
    CQ                -0.012      0.003     -3.668      0.000
    MG                 0.029      0.007      4.120      0.000

 LEC      WITH
    PQ                 0.031      0.008      3.776      0.000
    CQ                 0.011      0.008      1.447      0.148
    MG                -0.086      0.011     -7.518      0.000

 PQ       WITH
    CQ                 0.016      0.004      3.936      0.000
    MG                -0.028      0.006     -4.721      0.000

 CQ       WITH
    MG                -0.022      0.006     -3.453      0.001

 Means
    CQ                 0.219      0.019     11.813      0.000
    MG                 0.254      0.029      8.664      0.000
    PQ                 0.254      0.037      6.860      0.000
    LEC                0.552      0.033     16.799      0.000
    CG                 0.147      0.015      9.768      0.000
    WG                 0.222      0.038      5.838      0.000
    OG                 0.019      0.006      3.131      0.002
    SQ                 0.166      0.016     10.152      0.000

 Variances
    CQ                 0.045      0.007      6.682      0.000
    MG                 0.097      0.012      7.899      0.000
    PQ                 0.050      0.012      3.991      0.000
    LEC                0.129      0.010     12.340      0.000
    CG                 0.031      0.005      6.441      0.000
    WG                 0.153      0.020      7.623      0.000
    OG                 0.001      0.001      2.771      0.006
    SQ                 0.034      0.006      5.618      0.000

Latent Class 2

 CG       WITH
    WG                -0.006      0.003     -1.701      0.089
    OG                -0.002      0.003     -0.790      0.429
    SQ                 0.000      0.001     -0.394      0.693
    LEC                0.005      0.003      1.434      0.152
    PQ                -0.002      0.002     -1.422      0.155
    CQ                 0.005      0.003      1.611      0.107
    MG                -0.006      0.005     -1.182      0.237

 WG       WITH
    OG                -0.053      0.017     -3.083      0.002
    SQ                -0.004      0.006     -0.663      0.508
    LEC               -0.036      0.010     -3.461      0.001
    PQ                 0.053      0.012      4.243      0.000
    CQ                -0.008      0.005     -1.552      0.121
    MG                 0.061      0.012      4.915      0.000

 OG       WITH
    SQ                 0.012      0.007      1.777      0.076
    LEC               -0.031      0.011     -2.881      0.004
    PQ                -0.050      0.016     -3.043      0.002
    CQ                -0.003      0.004     -0.688      0.491
    MG                 0.020      0.012      1.573      0.116

 SQ       WITH
    LEC               -0.001      0.004     -0.221      0.825
    PQ                -0.010      0.005     -2.249      0.025
    CQ                 0.000      0.001     -0.421      0.674
    MG                -0.008      0.004     -2.349      0.019

 LEC      WITH
    PQ                -0.005      0.010     -0.463      0.643
    CQ                 0.006      0.004      1.529      0.126
    MG                -0.059      0.016     -3.660      0.000

 PQ       WITH
    CQ                -0.003      0.003     -1.166      0.243
    MG                 0.035      0.011      3.221      0.001

 CQ       WITH
    MG                -0.009      0.007     -1.197      0.231

 Means
    CQ                 0.040      0.026      1.516      0.130
    MG                 0.475      0.058      8.220      0.000
    PQ                 0.634      0.037     17.318      0.000
    LEC                0.263      0.053      4.922      0.000
    CG                 0.027      0.016      1.661      0.097
    WG                 0.252      0.050      5.010      0.000
    OG                 0.338      0.048      7.085      0.000
    SQ                 0.100      0.014      7.232      0.000

 Variances
    CQ                 0.007      0.006      1.323      0.186
    MG                 0.089      0.014      6.550      0.000
    PQ                 0.108      0.017      6.338      0.000
    LEC                0.077      0.021      3.628      0.000
    CG                 0.004      0.002      1.789      0.074
    WG                 0.115      0.018      6.325      0.000
    OG                 0.111      0.016      7.111      0.000
    SQ                 0.014      0.004      3.373      0.001

Categorical Latent Variables

 Means
    C#1                0.510      0.212      2.406      0.016


QUALITY OF NUMERICAL RESULTS

     Condition Number for the Information Matrix              0.215E-07
       (ratio of smallest to largest eigenvalue)


RESIDUAL OUTPUT


     ESTIMATED MODEL AND RESIDUALS (OBSERVED - ESTIMATED) FOR CLASS 1


           Model Estimated Means
              CQ            MG            PQ            LEC           CG
              ________      ________      ________      ________      ________
                0.219         0.254         0.254         0.552         0.147


           Model Estimated Means
              WG            OG            SQ
              ________      ________      ________
                0.222         0.019         0.166


           Residuals for Means
              CQ            MG            PQ            LEC           CG
              ________      ________      ________      ________      ________
                0.000         0.000         0.000         0.000         0.000


           Residuals for Means
              WG            OG            SQ
              ________      ________      ________
                0.000         0.000         0.000


           Model Estimated Covariances
              CQ            MG            PQ            LEC           CG
              ________      ________      ________      ________      ________
 CQ             0.045
 MG            -0.022         0.097
 PQ             0.016        -0.028         0.050
 LEC            0.011        -0.086         0.031         0.129
 CG             0.033        -0.010         0.012         0.001         0.031
 WG            -0.046         0.100        -0.050        -0.113        -0.030
 OG             0.002        -0.001         0.004         0.001         0.001
 SQ            -0.012         0.029        -0.011        -0.029        -0.008


           Model Estimated Covariances
              WG            OG            SQ
              ________      ________      ________
 WG             0.153
 OG            -0.004         0.001
 SQ             0.043        -0.001         0.034


           Residuals for Covariances
              CQ            MG            PQ            LEC           CG
              ________      ________      ________      ________      ________
 CQ             0.000
 MG             0.000         0.000
 PQ             0.000         0.000         0.000
 LEC            0.000         0.000         0.000         0.000
 CG             0.000         0.000         0.000         0.000         0.000
 WG             0.000         0.000         0.000         0.000         0.000
 OG             0.000         0.000         0.000         0.000         0.000
 SQ             0.000         0.000         0.000         0.000         0.000


           Residuals for Covariances
              WG            OG            SQ
              ________      ________      ________
 WG             0.000
 OG             0.000         0.000
 SQ             0.000         0.000         0.000


     ESTIMATED MODEL AND RESIDUALS (OBSERVED - ESTIMATED) FOR CLASS 2


           Model Estimated Means
              CQ            MG            PQ            LEC           CG
              ________      ________      ________      ________      ________
                0.040         0.475         0.634         0.263         0.027


           Model Estimated Means
              WG            OG            SQ
              ________      ________      ________
                0.252         0.338         0.100


           Residuals for Means
              CQ            MG            PQ            LEC           CG
              ________      ________      ________      ________      ________
                0.000         0.000         0.000         0.000         0.000


           Residuals for Means
              WG            OG            SQ
              ________      ________      ________
                0.000         0.000         0.000


           Model Estimated Covariances
              CQ            MG            PQ            LEC           CG
              ________      ________      ________      ________      ________
 CQ             0.007
 MG            -0.009         0.089
 PQ            -0.003         0.035         0.108
 LEC            0.006        -0.059        -0.005         0.077
 CG             0.005        -0.006        -0.002         0.005         0.004
 WG            -0.008         0.061         0.053        -0.036        -0.006
 OG            -0.003         0.020        -0.050        -0.031        -0.002
 SQ             0.000        -0.008        -0.010        -0.001         0.000


           Model Estimated Covariances
              WG            OG            SQ
              ________      ________      ________
 WG             0.115
 OG            -0.053         0.111
 SQ            -0.004         0.012         0.014


           Residuals for Covariances
              CQ            MG            PQ            LEC           CG
              ________      ________      ________      ________      ________
 CQ             0.000
 MG             0.000         0.000
 PQ             0.000         0.000         0.000
 LEC            0.000         0.000         0.000         0.000
 CG             0.000         0.000         0.000         0.000         0.000
 WG             0.000         0.000         0.000         0.000         0.000
 OG             0.000         0.000         0.000         0.000         0.000
 SQ             0.000         0.000         0.000         0.000         0.000


           Residuals for Covariances
              WG            OG            SQ
              ________      ________      ________
 WG             0.000
 OG             0.000         0.000
 SQ             0.000         0.000         0.000


TECHNICAL 11 OUTPUT

     Random Starts Specifications for the k-1 Class Analysis Model
        Number of initial stage random starts                 200
        Number of final stage optimizations                    50



     VUONG-LO-MENDELL-RUBIN LIKELIHOOD RATIO TEST FOR 1 (H0) VERSUS 2 CLASSES

          H0 Loglikelihood Value                          483.025
          2 Times the Loglikelihood Difference            751.126
          Difference in the Number of Parameters               45
          Mean                                           1006.157
          Standard Deviation                              958.121
          P-Value                                          0.6049

     LO-MENDELL-RUBIN ADJUSTED LRT TEST

          Value                                           748.052
          P-Value                                          0.6062


TECHNICAL 14 OUTPUT

     Random Starts Specifications for the k-1 Class Analysis Model
        Number of initial stage random starts                 200
        Number of final stage optimizations                    50

     Random Starts Specification for the k-1 Class Model for Generated Data
        Number of initial stage random starts                   0
        Number of final stage optimizations for the
           initial stage random starts                          0
     Random Starts Specification for the k Class Model for Generated Data
        Number of initial stage random starts                  40
        Number of final stage optimizations                     8
     Number of bootstrap draws requested                   Varies


     PARAMETRIC BOOTSTRAPPED LIKELIHOOD RATIO TEST FOR 1 (H0) VERSUS 2 CLASSES

          H0 Loglikelihood Value                          483.025
          2 Times the Loglikelihood Difference            751.126
          Difference in the Number of Parameters               45
          Approximate P-Value                              0.0000
          Successful Bootstrap Draws                            5

     WARNING:  OF THE 5 BOOTSTRAP DRAWS, 5 DRAWS HAD BOTH A SMALLER LRT VALUE THAN THE
     OBSERVED LRT VALUE AND NOT A REPLICATED BEST LOGLIKELIHOOD VALUE FOR THE 2-CLASS MODEL.
     THIS MEANS THAT THE P-VALUE MAY NOT BE TRUSTWORTHY DUE TO LOCAL MAXIMA.
     INCREASE THE NUMBER OF RANDOM STARTS USING THE LRTSTARTS OPTION.



PLOT INFORMATION

The following plots are available:

  Histograms (sample values)
  Scatterplots (sample values)
  Sample means
  Estimated means, medians, modes, and percentiles
  Sample and estimated means
  Observed individual values
  Estimated means and observed individual values
  Estimated overall and class-specific distributions

     Beginning Time:  14:41:09
        Ending Time:  14:41:16
       Elapsed Time:  00:00:07



MUTHEN & MUTHEN
3463 Stoner Ave.
Los Angeles, CA  90066

Tel: (310) 391-9971
Fax: (310) 391-8971
Web: www.StatModel.com
Support: Support@StatModel.com

Copyright (c) 1998-2024 Muthen & Muthen
