Mplus VERSION 8.11 (Mac)
MUTHEN & MUTHEN
03/26/2025   2:41 PM

INPUT INSTRUCTIONS

  TITLE:
  M4: Class3
  DATA:
  FILE = "/Users/MeaganSundstrom_1/Desktop/CALEP_Analysis_Github/m4_enum/
  c_lpa_m4.dat";
  VARIABLE:
  NAMES = CQ MG PQ Lec CG WG OG SQ Study Method Course;
   MISSING=.;
   usevar = CQ-SQ;
  classes = c(3);
  ANALYSIS:
  estimator = mlr;
      type = mixture;
      starts = 200 50;
      processors = 10;
  MODEL:
  %c#1%
      [CQ-SQ];          !!! means are freely estimated
      CQ-SQ;       !!! variances are fixed to equality
      CG with WG;       !!! covariances are freely estimated
      CG with OG;
      CG with SQ;
      CG with Lec;
      CG with PQ;
      CG with CQ;
      CG with MG;
      WG with OG;
      WG with SQ;
      WG with Lec;
      WG with PQ;
      WG with CQ;
      WG with MG;
      OG with SQ;
      OG with Lec;
      OG with PQ;
      OG with CQ;
      OG with MG;
      SQ with Lec;
      SQ with PQ;
      SQ with CQ;
      SQ with MG;
      Lec with PQ;
      Lec with CQ;
      Lec with MG;
      PQ with CQ;
      PQ with MG;
      CQ with MG;

   %c#2%
   [CQ-SQ];
   CQ-SQ;
   CG with WG;
   CG with OG;
   CG with SQ;
   CG with Lec;
   CG with PQ;
   CG with CQ;
   CG with MG;
   WG with OG;
   WG with SQ;
   WG with Lec;
   WG with PQ;
   WG with CQ;
   WG with MG;
   OG with SQ;
   OG with Lec;
   OG with PQ;
   OG with CQ;
   OG with MG;
   SQ with Lec;
   SQ with PQ;
   SQ with CQ;
   SQ with MG;
   Lec with PQ;
   Lec with CQ;
   Lec with MG;
   PQ with CQ;
   PQ with MG;
   CQ with MG;

   %c#3%
   [CQ-SQ];
   CQ-SQ;
   CG with WG;
   CG with OG;
   CG with SQ;
   CG with Lec;
   CG with PQ;
   CG with CQ;
   CG with MG;
   WG with OG;
   WG with SQ;
   WG with Lec;
   WG with PQ;
   WG with CQ;
   WG with MG;
   OG with SQ;
   OG with Lec;
   OG with PQ;
   OG with CQ;
   OG with MG;
   SQ with Lec;
   SQ with PQ;
   SQ with CQ;
   SQ with MG;
   Lec with PQ;
   Lec with CQ;
   Lec with MG;
   PQ with CQ;
   PQ with MG;
   CQ with MG;

  ! %c#3%
  ! [CQ-SQ];
  ! CQ-SQ;
  ! CG with WG;
  ! CG with OG;
  ! CG with SQ;
  ! CG with Lec;
  ! CG with PQ;
  ! CG with CQ;
  ! CG with MG;
  ! WG with OG;
  ! WG with SQ;
  ! WG with Lec;
  ! WG with PQ;
  ! WG with CQ;
  ! WG with MG;
  ! OG with SQ;
  ! OG with Lec;
  ! OG with PQ;
  ! OG with CQ;
  ! OG with MG;
  ! SQ with Lec;
  ! SQ with PQ;
  ! SQ with CQ;
  ! SQ with MG;
  ! Lec with PQ;
  ! Lec with CQ;
  ! Lec with MG;
  ! PQ with CQ;
  ! PQ with MG;
  ! CQ with MG;

  ! %c#3%
  ! [CQ-SQ];
  ! CQ-SQ;
  ! CG with WG;
  ! CG with OG;
  ! CG with SQ;
  ! CG with Lec;
  ! CG with PQ;
  ! CG with CQ;
  ! CG with MG;
  ! WG with OG;
  ! WG with SQ;
  ! WG with Lec;
  ! WG with PQ;
  ! WG with CQ;
  ! WG with MG;
  ! OG with SQ;
  ! OG with Lec;
  ! OG with PQ;
  ! OG with CQ;
  ! OG with MG;
  ! SQ with Lec;
  ! SQ with PQ;
  ! SQ with CQ;
  ! SQ with MG;
  ! Lec with PQ;
  ! Lec with CQ;
  ! Lec with MG;
  ! PQ with CQ;
  ! PQ with MG;
  ! CQ with MG;

  ! %c#3%
  ! [CQ-SQ];
  ! CQ-SQ;
  ! CG with WG;
  ! CG with OG;
  ! CG with SQ;
  ! CG with Lec;
  ! CG with PQ;
  ! CG with CQ;
  ! CG with MG;
  ! WG with OG;
  ! WG with SQ;
  ! WG with Lec;
  ! WG with PQ;
  ! WG with CQ;
  ! WG with MG;
  ! OG with SQ;
  ! OG with Lec;
  ! OG with PQ;
  ! OG with CQ;
  ! OG with MG;
  ! SQ with Lec;
  ! SQ with PQ;
  ! SQ with CQ;
  ! SQ with MG;
  ! Lec with PQ;
  ! Lec with CQ;
  ! Lec with MG;
  ! PQ with CQ;
  ! PQ with MG;
  ! CQ with MG;
  OUTPUT:
  sampstat residual tech11 tech14;
  PLOT:
  type = plot3;
       series = CQ-SQ(*);



*** WARNING in MODEL command
  All variables are uncorrelated with all other variables within class.
  Check that this is what is intended.
   1 WARNING(S) FOUND IN THE INPUT INSTRUCTIONS




M4: Class3

SUMMARY OF ANALYSIS

Number of groups                                                 1
Number of observations                                         223

Number of dependent variables                                    8
Number of independent variables                                  0
Number of continuous latent variables                            0
Number of categorical latent variables                           1

Observed dependent variables

  Continuous
   CQ          MG          PQ          LEC         CG          WG
   OG          SQ

Categorical latent variables
   C


Estimator                                                      MLR
Information matrix                                        OBSERVED
Optimization Specifications for the Quasi-Newton Algorithm for
Continuous Outcomes
  Maximum number of iterations                                 100
  Convergence criterion                                  0.100D-05
Optimization Specifications for the EM Algorithm
  Maximum number of iterations                                 500
  Convergence criteria
    Loglikelihood change                                 0.100D-06
    Relative loglikelihood change                        0.100D-06
    Derivative                                           0.100D-05
Optimization Specifications for the M step of the EM Algorithm for
Categorical Latent variables
  Number of M step iterations                                    1
  M step convergence criterion                           0.100D-05
  Basis for M step termination                           ITERATION
Optimization Specifications for the M step of the EM Algorithm for
Censored, Binary or Ordered Categorical (Ordinal), Unordered
Categorical (Nominal) and Count Outcomes
  Number of M step iterations                                    1
  M step convergence criterion                           0.100D-05
  Basis for M step termination                           ITERATION
  Maximum value for logit thresholds                            15
  Minimum value for logit thresholds                           -15
  Minimum expected cell size for chi-square              0.100D-01
Maximum number of iterations for H1                           2000
Convergence criterion for H1                             0.100D-03
Optimization algorithm                                         EMA
Random Starts Specifications
  Number of initial stage random starts                        200
  Number of final stage optimizations                           50
  Number of initial stage iterations                            10
  Initial stage convergence criterion                    0.100D+01
  Random starts scale                                    0.500D+01
  Random seed for generating random starts                       0

Input data file(s)
  /Users/MeaganSundstrom_1/Desktop/CALEP_Analysis_Github/m4_enum/c_lpa_m4.dat
Input data format  FREE


SUMMARY OF DATA

     Number of missing data patterns             1
     Number of y missing data patterns           1
     Number of u missing data patterns           0


COVARIANCE COVERAGE OF DATA

Minimum covariance coverage value   0.100


     PROPORTION OF DATA PRESENT FOR Y


           Covariance Coverage
              CQ            MG            PQ            LEC           CG
              ________      ________      ________      ________      ________
 CQ             1.000
 MG             1.000         1.000
 PQ             1.000         1.000         1.000
 LEC            1.000         1.000         1.000         1.000
 CG             1.000         1.000         1.000         1.000         1.000
 WG             1.000         1.000         1.000         1.000         1.000
 OG             1.000         1.000         1.000         1.000         1.000
 SQ             1.000         1.000         1.000         1.000         1.000


           Covariance Coverage
              WG            OG            SQ
              ________      ________      ________
 WG             1.000
 OG             1.000         1.000
 SQ             1.000         1.000         1.000


SAMPLE STATISTICS


     ESTIMATED SAMPLE STATISTICS


           Means
              CQ            MG            PQ            LEC           CG
              ________      ________      ________      ________      ________
                0.152         0.337         0.397         0.444         0.102


           Means
              WG            OG            SQ
              ________      ________      ________
                0.233         0.138         0.141


           Covariances
              CQ            MG            PQ            LEC           CG
              ________      ________      ________      ________      ________
 CQ             0.038
 MG            -0.026         0.105
 PQ            -0.007         0.015         0.105
 LEC            0.021        -0.091        -0.008         0.129
 CG             0.028        -0.015        -0.004         0.011         0.025
 WG            -0.033         0.087        -0.009        -0.086        -0.022
 OG            -0.013         0.023         0.012        -0.033        -0.009
 SQ            -0.005         0.012        -0.017        -0.014        -0.004


           Covariances
              WG            OG            SQ
              ________      ________      ________
 WG             0.139
 OG            -0.020         0.066
 SQ             0.025        -0.001         0.028


           Correlations
              CQ            MG            PQ            LEC           CG
              ________      ________      ________      ________      ________
 CQ             1.000
 MG            -0.414         1.000
 PQ            -0.109         0.147         1.000
 LEC            0.300        -0.778        -0.068         1.000
 CG             0.901        -0.288        -0.083         0.190         1.000
 WG            -0.452         0.720        -0.073        -0.643        -0.377
 OG            -0.265         0.280         0.147        -0.355        -0.220
 SQ            -0.149         0.217        -0.315        -0.235        -0.136


           Correlations
              WG            OG            SQ
              ________      ________      ________
 WG             1.000
 OG            -0.211         1.000
 SQ             0.397        -0.027         1.000


     MAXIMUM LOG-LIKELIHOOD VALUE FOR THE UNRESTRICTED (H1) MODEL IS 483.025


UNIVARIATE SAMPLE STATISTICS


     UNIVARIATE HIGHER-ORDER MOMENT DESCRIPTIVE STATISTICS

         Variable/         Mean/     Skewness/   Minimum/ % with                Percentiles
        Sample Size      Variance    Kurtosis    Maximum  Min/Max      20%/60%    40%/80%    Median

     CQ                    0.152       1.385       0.000   47.98%       0.000      0.000      0.054
             223.000       0.038       1.763       1.000    0.45%       0.152      0.321
     MG                    0.337       0.519       0.000   30.04%       0.000      0.121      0.269
             223.000       0.105      -1.002       1.000    4.04%       0.435      0.630
     PQ                    0.397       0.385       0.000   15.25%       0.048      0.227      0.314
             223.000       0.105      -1.218       1.000    3.14%       0.429      0.767
     LEC                   0.444       0.186       0.000   16.14%       0.043      0.250      0.400
             223.000       0.129      -1.499       1.000    5.38%       0.571      0.849
     CG                    0.102       1.723       0.000   56.05%       0.000      0.000      0.000
             223.000       0.025       2.628       0.792    0.45%       0.050      0.200
     WG                    0.233       1.216       0.000   66.37%       0.000      0.000      0.000
             223.000       0.139      -0.227       1.000   11.66%       0.000      0.673
     OG                    0.138       2.198       0.000   56.50%       0.000      0.000      0.000
             223.000       0.066       3.833       1.000    0.90%       0.048      0.225
     SQ                    0.141       1.724       0.000   24.22%       0.000      0.053      0.091
             223.000       0.028       3.105       0.900    0.45%       0.127      0.231

RANDOM STARTS RESULTS RANKED FROM THE BEST TO THE WORST LOGLIKELIHOOD VALUES


169 perturbed starting value run(s) did not converge or were rejected in the third stage.
Final stage loglikelihood values at local maxima, seeds, and initial stage start numbers:

             861.979  22089            143
             773.143  100874           108
             767.522  268896           124
             483.025  645664           39
             483.025  247224           94
             483.025  848163           47
             483.025  674171           195
             483.025  76337            76
             483.025  903420           5
             483.025  939021           8
             483.025  51375            148
             483.025  606576           151
             483.025  966014           37
             483.025  120506           45
             483.025  347515           24
             483.025  443917           60
             483.025  93468            3
             483.025  479273           156
             483.025  466971           109
             483.025  345070           114
             483.025  202790           198

29 perturbed starting value run(s) did not converge or were rejected in the third stage.



     WARNING:  THE BEST LOGLIKELIHOOD VALUE WAS NOT REPLICATED.  THE
     SOLUTION MAY NOT BE TRUSTWORTHY DUE TO LOCAL MAXIMA.  INCREASE THE
     NUMBER OF RANDOM STARTS.

     ONE OR MORE PARAMETERS WERE FIXED TO AVOID SINGULARITY OF THE
     INFORMATION MATRIX. THE SINGULARITY IS MOST LIKELY BECAUSE THE
     MODEL IS NOT IDENTIFIED, OR BECAUSE OF EMPTY CELLS IN THE JOINT
     DISTRIBUTION OF THE CATEGORICAL VARIABLES IN THE MODEL.
     THE FOLLOWING PARAMETERS WERE FIXED:
     Parameter 1, %C#1%: [ CQ ]
     Parameter 2, %C#1%: [ MG ]
     Parameter 3, %C#1%: [ PQ ]
     Parameter 4, %C#1%: [ LEC ]
     Parameter 5, %C#1%: [ CG ]
     Parameter 6, %C#1%: [ WG ]
     Parameter 7, %C#1%: [ OG ]
     Parameter 8, %C#1%: [ SQ ]
     Parameter 9, %C#1%: CQ
     Parameter 10, %C#1%: MG WITH CQ
     Parameter 11, %C#1%: MG
     Parameter 12, %C#1%: PQ WITH CQ
     Parameter 13, %C#1%: PQ WITH MG
     Parameter 14, %C#1%: PQ
     Parameter 15, %C#1%: LEC WITH CQ
     Parameter 16, %C#1%: LEC WITH MG
     Parameter 17, %C#1%: LEC WITH PQ
     Parameter 18, %C#1%: LEC
     Parameter 19, %C#1%: CG WITH CQ
     Parameter 20, %C#1%: CG WITH MG
     Parameter 21, %C#1%: CG WITH PQ
     Parameter 22, %C#1%: CG WITH LEC
     Parameter 23, %C#1%: CG
     Parameter 24, %C#1%: WG WITH CQ
     Parameter 25, %C#1%: WG WITH MG
     Parameter 26, %C#1%: WG WITH PQ
     Parameter 27, %C#1%: WG WITH LEC
     Parameter 28, %C#1%: WG WITH CG
     Parameter 29, %C#1%: WG
     Parameter 30, %C#1%: OG WITH CQ
     Parameter 31, %C#1%: OG WITH MG
     Parameter 32, %C#1%: OG WITH PQ
     Parameter 33, %C#1%: OG WITH LEC
     Parameter 34, %C#1%: OG WITH CG
     Parameter 35, %C#1%: OG WITH WG
     Parameter 36, %C#1%: OG
     Parameter 37, %C#1%: SQ WITH CQ
     Parameter 38, %C#1%: SQ WITH MG
     Parameter 39, %C#1%: SQ WITH PQ
     Parameter 40, %C#1%: SQ WITH LEC
     Parameter 41, %C#1%: SQ WITH CG
     Parameter 42, %C#1%: SQ WITH WG
     Parameter 43, %C#1%: SQ WITH OG
     Parameter 44, %C#1%: SQ
     Parameter 133, [ C#1 ]


THE MODEL ESTIMATION TERMINATED NORMALLY



MODEL FIT INFORMATION

Number of Free Parameters                      134

Loglikelihood

          H0 Value                         861.979
          H0 Scaling Correction Factor      1.0529
            for MLR

Information Criteria

          Akaike (AIC)                   -1455.958
          Bayesian (BIC)                  -999.397
          Sample-Size Adjusted BIC       -1424.060
            (n* = (n + 2) / 24)



FINAL CLASS COUNTS AND PROPORTIONS FOR THE LATENT CLASSES
BASED ON THE ESTIMATED MODEL

    Latent
   Classes

       1          0.00000          0.00000
       2         79.11863          0.35479
       3        143.88137          0.64521


FINAL CLASS COUNTS AND PROPORTIONS FOR THE LATENT CLASSES
BASED ON ESTIMATED POSTERIOR PROBABILITIES

    Latent
   Classes

       1          0.00000          0.00000
       2         79.11863          0.35479
       3        143.88137          0.64521


FINAL CLASS COUNTS AND PROPORTIONS FOR THE LATENT CLASSES
BASED ON THEIR MOST LIKELY LATENT CLASS MEMBERSHIP

Class Counts and Proportions

    Latent
   Classes

       1                0          0.00000
       2               78          0.34978
       3              145          0.65022


CLASSIFICATION QUALITY

     Entropy                         0.955


Average Latent Class Probabilities for Most Likely Latent Class Membership (Row)
by Latent Class (Column)

           1        2        3

    1   0.000    0.000    0.000
    2   0.000    0.981    0.019
    3   0.000    0.018    0.982


Classification Probabilities for the Most Likely Latent Class Membership (Column)
by Latent Class (Row)

           1        2        3

    1   0.000    0.000    0.000
    2   0.000    0.968    0.032
    3   0.000    0.010    0.990


Logits for the Classification Probabilities for the Most Likely Latent Class Membership (Column)
by Latent Class (Row)

              1        2        3

    1      0.000    0.000    0.000
    2    -10.387    3.396    0.000
    3    -13.805   -4.589    0.000


MODEL RESULTS

                                                    Two-Tailed
                    Estimate       S.E.  Est./S.E.    P-Value

Latent Class 1

 CG       WITH
    WG                 0.000      0.000    999.000    999.000
    OG                 0.000      0.000    999.000    999.000
    SQ                 0.000      0.000    999.000    999.000
    LEC                0.000      0.000    999.000    999.000
    PQ                 0.000      0.000    999.000    999.000
    CQ                 0.000      0.000    999.000    999.000
    MG                 0.000      0.000    999.000    999.000

 WG       WITH
    OG                 0.000      0.000    999.000    999.000
    SQ                 0.000      0.000    999.000    999.000
    LEC                0.000      0.000    999.000    999.000
    PQ                 0.000      0.000    999.000    999.000
    CQ                 0.000      0.000    999.000    999.000
    MG                 0.000      0.000    999.000    999.000

 OG       WITH
    SQ                 0.000      0.000    999.000    999.000
    LEC                0.000      0.000    999.000    999.000
    PQ                 0.000      0.000    999.000    999.000
    CQ                 0.000      0.000    999.000    999.000
    MG                 0.000      0.000    999.000    999.000

 SQ       WITH
    LEC                0.000      0.000    999.000    999.000
    PQ                 0.000      0.000    999.000    999.000
    CQ                 0.000      0.000    999.000    999.000
    MG                 0.000      0.000    999.000    999.000

 LEC      WITH
    PQ                 0.000      0.000    999.000    999.000
    CQ                 0.000      0.000    999.000    999.000
    MG                 0.000      0.000    999.000    999.000

 PQ       WITH
    CQ                 0.000      0.000    999.000    999.000
    MG                 0.000      0.000    999.000    999.000

 CQ       WITH
    MG                 0.000      0.000    999.000    999.000

 Means
    CQ                -1.625      0.000    999.000    999.000
    MG                -1.097      0.000    999.000    999.000
    PQ                -0.771      0.000    999.000    999.000
    LEC               -1.109      0.000    999.000    999.000
    CG                 0.031      0.000    999.000    999.000
    WG                 0.988      0.000    999.000    999.000
    OG                -0.944      0.000    999.000    999.000
    SQ                 0.909      0.000    999.000    999.000

 Variances
    CQ                 0.019      0.000    999.000    999.000
    MG                 0.053      0.000    999.000    999.000
    PQ                 0.053      0.000    999.000    999.000
    LEC                0.064      0.000    999.000    999.000
    CG                 0.012      0.000    999.000    999.000
    WG                 0.070      0.000    999.000    999.000
    OG                 0.033      0.000    999.000    999.000
    SQ                 0.014      0.000    999.000    999.000

Latent Class 2

 CG       WITH
    WG                -0.004      0.002     -2.212      0.027
    OG                -0.001      0.001     -0.857      0.392
    SQ                 0.000      0.001     -0.312      0.755
    LEC                0.003      0.002      1.290      0.197
    PQ                -0.002      0.002     -0.906      0.365
    CQ                 0.003      0.002      2.252      0.024
    MG                -0.002      0.002     -1.179      0.238

 WG       WITH
    OG                -0.061      0.017     -3.684      0.000
    SQ                -0.004      0.006     -0.670      0.503
    LEC               -0.034      0.013     -2.518      0.012
    PQ                 0.053      0.014      3.755      0.000
    CQ                -0.006      0.002     -2.385      0.017
    MG                 0.057      0.013      4.406      0.000

 OG       WITH
    SQ                 0.013      0.007      1.812      0.070
    LEC               -0.027      0.014     -1.928      0.054
    PQ                -0.051      0.018     -2.781      0.005
    CQ                -0.001      0.001     -0.660      0.509
    MG                 0.015      0.012      1.171      0.242

 SQ       WITH
    LEC                0.000      0.004     -0.083      0.934
    PQ                -0.011      0.005     -2.264      0.024
    CQ                 0.000      0.001     -0.515      0.607
    MG                -0.009      0.004     -2.388      0.017

 LEC      WITH
    PQ                -0.003      0.012     -0.242      0.809
    CQ                 0.003      0.002      1.301      0.193
    MG                -0.052      0.023     -2.280      0.023

 PQ       WITH
    CQ                -0.002      0.003     -0.832      0.406
    MG                 0.035      0.010      3.402      0.001

 CQ       WITH
    MG                -0.003      0.002     -1.458      0.145

 Means
    CQ                 0.027      0.010      2.773      0.006
    MG                 0.507      0.051      9.947      0.000
    PQ                 0.632      0.041     15.333      0.000
    LEC                0.240      0.064      3.775      0.000
    CG                 0.019      0.007      2.599      0.009
    WG                 0.273      0.048      5.688      0.000
    OG                 0.348      0.046      7.505      0.000
    SQ                 0.100      0.015      6.741      0.000

 Variances
    CQ                 0.005      0.002      2.118      0.034
    MG                 0.079      0.015      5.241      0.000
    PQ                 0.114      0.016      7.088      0.000
    LEC                0.071      0.031      2.309      0.021
    CG                 0.003      0.001      2.134      0.033
    WG                 0.119      0.017      6.940      0.000
    OG                 0.115      0.015      7.894      0.000
    SQ                 0.015      0.004      3.418      0.001

Latent Class 3

 CG       WITH
    WG                -0.029      0.005     -5.574      0.000
    OG                 0.002      0.001      2.286      0.022
    SQ                -0.008      0.002     -3.338      0.001
    LEC                0.001      0.006      0.114      0.910
    PQ                 0.011      0.004      3.111      0.002
    CQ                 0.032      0.005      7.035      0.000
    MG                -0.009      0.005     -1.882      0.060

 WG       WITH
    OG                -0.005      0.001     -4.656      0.000
    SQ                 0.042      0.009      4.607      0.000
    LEC               -0.108      0.014     -7.453      0.000
    PQ                -0.051      0.007     -7.172      0.000
    CQ                -0.044      0.007     -5.983      0.000
    MG                 0.098      0.014      6.802      0.000

 OG       WITH
    SQ                -0.001      0.001     -2.548      0.011
    LEC                0.000      0.001      0.344      0.731
    PQ                 0.005      0.001      4.116      0.000
    CQ                 0.002      0.001      2.789      0.005
    MG                -0.002      0.001     -1.932      0.053

 SQ       WITH
    LEC               -0.029      0.007     -4.167      0.000
    PQ                -0.012      0.004     -2.996      0.003
    CQ                -0.012      0.003     -3.607      0.000
    MG                 0.029      0.007      4.171      0.000

 LEC      WITH
    PQ                 0.030      0.007      4.150      0.000
    CQ                 0.009      0.008      1.183      0.237
    MG                -0.082      0.010     -8.028      0.000

 PQ       WITH
    CQ                 0.016      0.005      3.287      0.001
    MG                -0.029      0.006     -5.064      0.000

 CQ       WITH
    MG                -0.021      0.006     -3.275      0.001

 Means
    CQ                 0.220      0.019     11.898      0.000
    MG                 0.244      0.029      8.555      0.000
    PQ                 0.267      0.028      9.623      0.000
    LEC                0.556      0.034     16.168      0.000
    CG                 0.148      0.015      9.775      0.000
    WG                 0.211      0.037      5.771      0.000
    OG                 0.023      0.005      4.954      0.000
    SQ                 0.164      0.015     10.686      0.000

 Variances
    CQ                 0.044      0.006      7.218      0.000
    MG                 0.095      0.012      8.053      0.000
    PQ                 0.053      0.009      5.801      0.000
    LEC                0.125      0.009     13.192      0.000
    CG                 0.031      0.004      6.946      0.000
    WG                 0.149      0.020      7.474      0.000
    OG                 0.002      0.001      3.631      0.000
    SQ                 0.033      0.006      5.770      0.000

Categorical Latent Variables

 Means
    C#1             -660.257      0.000    999.000    999.000
    C#2               -0.598      0.175     -3.416      0.001


QUALITY OF NUMERICAL RESULTS

     Condition Number for the Information Matrix              0.346E-07
       (ratio of smallest to largest eigenvalue)


RESIDUAL OUTPUT


     ESTIMATED MODEL AND RESIDUALS (OBSERVED - ESTIMATED) FOR CLASS 1


           Model Estimated Means
              CQ            MG            PQ            LEC           CG
              ________      ________      ________      ________      ________
               -1.625        -1.097        -0.771        -1.109         0.031


           Model Estimated Means
              WG            OG            SQ
              ________      ________      ________
                0.988        -0.944         0.909


           Residuals for Means
              CQ            MG            PQ            LEC           CG
              ________      ________      ________      ________      ________
                1.999         1.602         0.962         1.245         0.130


           Residuals for Means
              WG            OG            SQ
              ________      ________      ________
               -0.949         1.436        -0.884


           Model Estimated Covariances
              CQ            MG            PQ            LEC           CG
              ________      ________      ________      ________      ________
 CQ             0.019
 MG             0.000         0.053
 PQ             0.000         0.000         0.053
 LEC            0.000         0.000         0.000         0.064
 CG             0.000         0.000         0.000         0.000         0.012
 WG             0.000         0.000         0.000         0.000         0.000
 OG             0.000         0.000         0.000         0.000         0.000
 SQ             0.000         0.000         0.000         0.000         0.000


           Model Estimated Covariances
              WG            OG            SQ
              ________      ________      ________
 WG             0.070
 OG             0.000         0.033
 SQ             0.000         0.000         0.014


           Residuals for Covariances
              CQ            MG            PQ            LEC           CG
              ________      ________      ________      ________      ________
 CQ            -0.014
 MG            -0.002        -0.052
 PQ            -0.009         0.003        -0.038
 LEC            0.001         0.000        -0.002        -0.064
 CG             0.002        -0.001        -0.004         0.000        -0.011
 WG            -0.014         0.005         0.023        -0.003        -0.006
 OG            -0.008         0.003         0.012        -0.001        -0.003
 SQ            -0.010         0.003         0.016        -0.002        -0.004


           Residuals for Covariances
              WG            OG            SQ
              ________      ________      ________
 WG            -0.032
 OG             0.020        -0.023
 SQ             0.025         0.013         0.003


     ESTIMATED MODEL AND RESIDUALS (OBSERVED - ESTIMATED) FOR CLASS 2


           Model Estimated Means
              CQ            MG            PQ            LEC           CG
              ________      ________      ________      ________      ________
                0.027         0.507         0.632         0.240         0.019


           Model Estimated Means
              WG            OG            SQ
              ________      ________      ________
                0.273         0.348         0.100


           Residuals for Means
              CQ            MG            PQ            LEC           CG
              ________      ________      ________      ________      ________
                0.000         0.000         0.000         0.000         0.000


           Residuals for Means
              WG            OG            SQ
              ________      ________      ________
                0.000         0.000         0.000


           Model Estimated Covariances
              CQ            MG            PQ            LEC           CG
              ________      ________      ________      ________      ________
 CQ             0.005
 MG            -0.003         0.079
 PQ            -0.002         0.035         0.114
 LEC            0.003        -0.052        -0.003         0.071
 CG             0.003        -0.002        -0.002         0.003         0.003
 WG            -0.006         0.057         0.053        -0.034        -0.004
 OG            -0.001         0.015        -0.051        -0.027        -0.001
 SQ             0.000        -0.009        -0.011         0.000         0.000


           Model Estimated Covariances
              WG            OG            SQ
              ________      ________      ________
 WG             0.119
 OG            -0.061         0.115
 SQ            -0.004         0.013         0.015


           Residuals for Covariances
              CQ            MG            PQ            LEC           CG
              ________      ________      ________      ________      ________
 CQ             0.000
 MG             0.000         0.000
 PQ             0.000         0.000         0.000
 LEC            0.000         0.000         0.000         0.000
 CG             0.000         0.000         0.000         0.000         0.000
 WG             0.000         0.000         0.000         0.000         0.000
 OG             0.000         0.000         0.000         0.000         0.000
 SQ             0.000         0.000         0.000         0.000         0.000


           Residuals for Covariances
              WG            OG            SQ
              ________      ________      ________
 WG             0.000
 OG             0.000         0.000
 SQ             0.000         0.000         0.000


     ESTIMATED MODEL AND RESIDUALS (OBSERVED - ESTIMATED) FOR CLASS 3


           Model Estimated Means
              CQ            MG            PQ            LEC           CG
              ________      ________      ________      ________      ________
                0.220         0.244         0.267         0.556         0.148


           Model Estimated Means
              WG            OG            SQ
              ________      ________      ________
                0.211         0.023         0.164


           Residuals for Means
              CQ            MG            PQ            LEC           CG
              ________      ________      ________      ________      ________
                0.000         0.000         0.000         0.000         0.000


           Residuals for Means
              WG            OG            SQ
              ________      ________      ________
                0.000         0.000         0.000


           Model Estimated Covariances
              CQ            MG            PQ            LEC           CG
              ________      ________      ________      ________      ________
 CQ             0.044
 MG            -0.021         0.095
 PQ             0.016        -0.029         0.053
 LEC            0.009        -0.082         0.030         0.125
 CG             0.032        -0.009         0.011         0.001         0.031
 WG            -0.044         0.098        -0.051        -0.108        -0.029
 OG             0.002        -0.002         0.005         0.000         0.002
 SQ            -0.012         0.029        -0.012        -0.029        -0.008


           Model Estimated Covariances
              WG            OG            SQ
              ________      ________      ________
 WG             0.149
 OG            -0.005         0.002
 SQ             0.042        -0.001         0.033


           Residuals for Covariances
              CQ            MG            PQ            LEC           CG
              ________      ________      ________      ________      ________
 CQ             0.000
 MG             0.000         0.000
 PQ             0.000         0.000         0.000
 LEC            0.000         0.000         0.000         0.000
 CG             0.000         0.000         0.000         0.000         0.000
 WG             0.000         0.000         0.000         0.000         0.000
 OG             0.000         0.000         0.000         0.000         0.000
 SQ             0.000         0.000         0.000         0.000         0.000


           Residuals for Covariances
              WG            OG            SQ
              ________      ________      ________
 WG             0.000
 OG             0.000         0.000
 SQ             0.000         0.000         0.000


TECHNICAL 11 OUTPUT

     Random Starts Specifications for the k-1 Class Analysis Model
        Number of initial stage random starts                 200
        Number of final stage optimizations                    50



     VUONG-LO-MENDELL-RUBIN LIKELIHOOD RATIO TEST FOR 2 (H0) VERSUS 3 CLASSES

          H0 Loglikelihood Value                          861.979
          2 Times the Loglikelihood Difference              0.000
          Difference in the Number of Parameters               45
          Mean                                              0.000
          Standard Deviation                                0.000
          P-Value                                          0.5000

     LO-MENDELL-RUBIN ADJUSTED LRT TEST

          Value                                             0.000
          P-Value                                          0.5000


TECHNICAL 14 OUTPUT

     Random Starts Specifications for the k-1 Class Analysis Model
        Number of initial stage random starts                 200
        Number of final stage optimizations                    50

     Random Starts Specification for the k-1 Class Model for Generated Data
        Number of initial stage random starts                   0
        Number of final stage optimizations for the
           initial stage random starts                          0
     Random Starts Specification for the k Class Model for Generated Data
        Number of initial stage random starts                  40
        Number of final stage optimizations                     8
     Number of bootstrap draws requested                   Varies


     PARAMETRIC BOOTSTRAPPED LIKELIHOOD RATIO TEST FOR 2 (H0) VERSUS 3 CLASSES

          H0 Loglikelihood Value                          861.979
          2 Times the Loglikelihood Difference              0.000
          Difference in the Number of Parameters               45
          Approximate P-Value                              1.0000
          Successful Bootstrap Draws                            2


PLOT INFORMATION

The following plots are available:

  Histograms (sample values)
  Scatterplots (sample values)
  Sample means
  Estimated means, medians, modes, and percentiles
  Sample and estimated means
  Observed individual values
  Estimated means and observed individual values
  Estimated overall and class-specific distributions

     Beginning Time:  14:41:16
        Ending Time:  14:41:28
       Elapsed Time:  00:00:12



MUTHEN & MUTHEN
3463 Stoner Ave.
Los Angeles, CA  90066

Tel: (310) 391-9971
Fax: (310) 391-8971
Web: www.StatModel.com
Support: Support@StatModel.com

Copyright (c) 1998-2024 Muthen & Muthen
