Mplus VERSION 8.11 (Mac)
MUTHEN & MUTHEN
03/26/2025   2:38 PM

INPUT INSTRUCTIONS

  TITLE:
  M3: Class2
  DATA:
  FILE = "/Users/MeaganSundstrom_1/Desktop/CALEP_Analysis_Github/m3_enum/
  c_lpa_m3.dat";
  VARIABLE:
  NAMES = CQ MG PQ Lec CG WG OG SQ Study Method Course;
   MISSING=.;
   usevar = CQ-SQ;
  classes = c(2);
  ANALYSIS:
  estimator = mlr;
      type = mixture;
      starts = 200 50;
      processors = 10;
  MODEL:
  %c#1%
      [CQ-SQ];          !!! means are freely estimated
      CQ-SQ(1-8);       !!! variances are fixed to equality
      CG with WG;       !!! covariances are freely estimated
      CG with OG;
      CG with SQ;
      CG with Lec;
      CG with PQ;
      CG with CQ;
      CG with MG;
      WG with OG;
      WG with SQ;
      WG with Lec;
      WG with PQ;
      WG with CQ;
      WG with MG;
      OG with SQ;
      OG with Lec;
      OG with PQ;
      OG with CQ;
      OG with MG;
      SQ with Lec;
      SQ with PQ;
      SQ with CQ;
      SQ with MG;
      Lec with PQ;
      Lec with CQ;
      Lec with MG;
      PQ with CQ;
      PQ with MG;
      CQ with MG;

   %c#2%
   [CQ-SQ];
   CQ-SQ(1-8);
   CG with WG;
   CG with OG;
   CG with SQ;
   CG with Lec;
   CG with PQ;
   CG with CQ;
   CG with MG;
   WG with OG;
   WG with SQ;
   WG with Lec;
   WG with PQ;
   WG with CQ;
   WG with MG;
   OG with SQ;
   OG with Lec;
   OG with PQ;
   OG with CQ;
   OG with MG;
   SQ with Lec;
   SQ with PQ;
   SQ with CQ;
   SQ with MG;
   Lec with PQ;
   Lec with CQ;
   Lec with MG;
   PQ with CQ;
   PQ with MG;
   CQ with MG;

  ! %c#3%
  ! [CQ-SQ];
  ! CQ-SQ(1-8);
  ! CG with WG;
  ! CG with OG;
  ! CG with SQ;
  ! CG with Lec;
  ! CG with PQ;
  ! CG with CQ;
  ! CG with MG;
  ! WG with OG;
  ! WG with SQ;
  ! WG with Lec;
  ! WG with PQ;
  ! WG with CQ;
  ! WG with MG;
  ! OG with SQ;
  ! OG with Lec;
  ! OG with PQ;
  ! OG with CQ;
  ! OG with MG;
  ! SQ with Lec;
  ! SQ with PQ;
  ! SQ with CQ;
  ! SQ with MG;
  ! Lec with PQ;
  ! Lec with CQ;
  ! Lec with MG;
  ! PQ with CQ;
  ! PQ with MG;
  ! CQ with MG;

  ! %c#3%
  ! [CQ-SQ];
  ! CQ-SQ(1-8);
  ! CG with WG;
  ! CG with OG;
  ! CG with SQ;
  ! CG with Lec;
  ! CG with PQ;
  ! CG with CQ;
  ! CG with MG;
  ! WG with OG;
  ! WG with SQ;
  ! WG with Lec;
  ! WG with PQ;
  ! WG with CQ;
  ! WG with MG;
  ! OG with SQ;
  ! OG with Lec;
  ! OG with PQ;
  ! OG with CQ;
  ! OG with MG;
  ! SQ with Lec;
  ! SQ with PQ;
  ! SQ with CQ;
  ! SQ with MG;
  ! Lec with PQ;
  ! Lec with CQ;
  ! Lec with MG;
  ! PQ with CQ;
  ! PQ with MG;
  ! CQ with MG;

  ! %c#3%
  ! [CQ-SQ];
  ! CQ-SQ(1-8);
  ! CG with WG;
  ! CG with OG;
  ! CG with SQ;
  ! CG with Lec;
  ! CG with PQ;
  ! CG with CQ;
  ! CG with MG;
  ! WG with OG;
  ! WG with SQ;
  ! WG with Lec;
  ! WG with PQ;
  ! WG with CQ;
  ! WG with MG;
  ! OG with SQ;
  ! OG with Lec;
  ! OG with PQ;
  ! OG with CQ;
  ! OG with MG;
  ! SQ with Lec;
  ! SQ with PQ;
  ! SQ with CQ;
  ! SQ with MG;
  ! Lec with PQ;
  ! Lec with CQ;
  ! Lec with MG;
  ! PQ with CQ;
  ! PQ with MG;
  ! CQ with MG;

  ! %c#3%
  ! [CQ-SQ];
  ! CQ-SQ(1-8);
  ! CG with WG;
  ! CG with OG;
  ! CG with SQ;
  ! CG with Lec;
  ! CG with PQ;
  ! CG with CQ;
  ! CG with MG;
  ! WG with OG;
  ! WG with SQ;
  ! WG with Lec;
  ! WG with PQ;
  ! WG with CQ;
  ! WG with MG;
  ! OG with SQ;
  ! OG with Lec;
  ! OG with PQ;
  ! OG with CQ;
  ! OG with MG;
  ! SQ with Lec;
  ! SQ with PQ;
  ! SQ with CQ;
  ! SQ with MG;
  ! Lec with PQ;
  ! Lec with CQ;
  ! Lec with MG;
  ! PQ with CQ;
  ! PQ with MG;
  ! CQ with MG;
  OUTPUT:
  sampstat residual tech11 tech14;
  PLOT:
  type = plot3;
       series = CQ-SQ(*);



*** WARNING in MODEL command
  All variables are uncorrelated with all other variables within class.
  Check that this is what is intended.
   1 WARNING(S) FOUND IN THE INPUT INSTRUCTIONS




M3: Class2

SUMMARY OF ANALYSIS

Number of groups                                                 1
Number of observations                                         223

Number of dependent variables                                    8
Number of independent variables                                  0
Number of continuous latent variables                            0
Number of categorical latent variables                           1

Observed dependent variables

  Continuous
   CQ          MG          PQ          LEC         CG          WG
   OG          SQ

Categorical latent variables
   C


Estimator                                                      MLR
Information matrix                                        OBSERVED
Optimization Specifications for the Quasi-Newton Algorithm for
Continuous Outcomes
  Maximum number of iterations                                 100
  Convergence criterion                                  0.100D-05
Optimization Specifications for the EM Algorithm
  Maximum number of iterations                                 500
  Convergence criteria
    Loglikelihood change                                 0.100D-06
    Relative loglikelihood change                        0.100D-06
    Derivative                                           0.100D-05
Optimization Specifications for the M step of the EM Algorithm for
Categorical Latent variables
  Number of M step iterations                                    1
  M step convergence criterion                           0.100D-05
  Basis for M step termination                           ITERATION
Optimization Specifications for the M step of the EM Algorithm for
Censored, Binary or Ordered Categorical (Ordinal), Unordered
Categorical (Nominal) and Count Outcomes
  Number of M step iterations                                    1
  M step convergence criterion                           0.100D-05
  Basis for M step termination                           ITERATION
  Maximum value for logit thresholds                            15
  Minimum value for logit thresholds                           -15
  Minimum expected cell size for chi-square              0.100D-01
Maximum number of iterations for H1                           2000
Convergence criterion for H1                             0.100D-03
Optimization algorithm                                         EMA
Random Starts Specifications
  Number of initial stage random starts                        200
  Number of final stage optimizations                           50
  Number of initial stage iterations                            10
  Initial stage convergence criterion                    0.100D+01
  Random starts scale                                    0.500D+01
  Random seed for generating random starts                       0

Input data file(s)
  /Users/MeaganSundstrom_1/Desktop/CALEP_Analysis_Github/m3_enum/c_lpa_m3.dat
Input data format  FREE


SUMMARY OF DATA

     Number of missing data patterns             1
     Number of y missing data patterns           1
     Number of u missing data patterns           0


COVARIANCE COVERAGE OF DATA

Minimum covariance coverage value   0.100


     PROPORTION OF DATA PRESENT FOR Y


           Covariance Coverage
              CQ            MG            PQ            LEC           CG
              ________      ________      ________      ________      ________
 CQ             1.000
 MG             1.000         1.000
 PQ             1.000         1.000         1.000
 LEC            1.000         1.000         1.000         1.000
 CG             1.000         1.000         1.000         1.000         1.000
 WG             1.000         1.000         1.000         1.000         1.000
 OG             1.000         1.000         1.000         1.000         1.000
 SQ             1.000         1.000         1.000         1.000         1.000


           Covariance Coverage
              WG            OG            SQ
              ________      ________      ________
 WG             1.000
 OG             1.000         1.000
 SQ             1.000         1.000         1.000


SAMPLE STATISTICS


     ESTIMATED SAMPLE STATISTICS


           Means
              CQ            MG            PQ            LEC           CG
              ________      ________      ________      ________      ________
                0.152         0.337         0.397         0.444         0.102


           Means
              WG            OG            SQ
              ________      ________      ________
                0.233         0.138         0.141


           Covariances
              CQ            MG            PQ            LEC           CG
              ________      ________      ________      ________      ________
 CQ             0.038
 MG            -0.026         0.105
 PQ            -0.007         0.015         0.105
 LEC            0.021        -0.091        -0.008         0.129
 CG             0.028        -0.015        -0.004         0.011         0.025
 WG            -0.033         0.087        -0.009        -0.086        -0.022
 OG            -0.013         0.023         0.012        -0.033        -0.009
 SQ            -0.005         0.012        -0.017        -0.014        -0.004


           Covariances
              WG            OG            SQ
              ________      ________      ________
 WG             0.139
 OG            -0.020         0.066
 SQ             0.025        -0.001         0.028


           Correlations
              CQ            MG            PQ            LEC           CG
              ________      ________      ________      ________      ________
 CQ             1.000
 MG            -0.414         1.000
 PQ            -0.109         0.147         1.000
 LEC            0.300        -0.778        -0.068         1.000
 CG             0.901        -0.288        -0.083         0.190         1.000
 WG            -0.452         0.720        -0.073        -0.643        -0.377
 OG            -0.265         0.280         0.147        -0.355        -0.220
 SQ            -0.149         0.217        -0.315        -0.235        -0.136


           Correlations
              WG            OG            SQ
              ________      ________      ________
 WG             1.000
 OG            -0.211         1.000
 SQ             0.397        -0.027         1.000


     MAXIMUM LOG-LIKELIHOOD VALUE FOR THE UNRESTRICTED (H1) MODEL IS 483.025


UNIVARIATE SAMPLE STATISTICS


     UNIVARIATE HIGHER-ORDER MOMENT DESCRIPTIVE STATISTICS

         Variable/         Mean/     Skewness/   Minimum/ % with                Percentiles
        Sample Size      Variance    Kurtosis    Maximum  Min/Max      20%/60%    40%/80%    Median

     CQ                    0.152       1.385       0.000   47.98%       0.000      0.000      0.054
             223.000       0.038       1.763       1.000    0.45%       0.152      0.321
     MG                    0.337       0.519       0.000   30.04%       0.000      0.121      0.269
             223.000       0.105      -1.002       1.000    4.04%       0.435      0.630
     PQ                    0.397       0.385       0.000   15.25%       0.048      0.227      0.314
             223.000       0.105      -1.218       1.000    3.14%       0.429      0.767
     LEC                   0.444       0.186       0.000   16.14%       0.043      0.250      0.400
             223.000       0.129      -1.499       1.000    5.38%       0.571      0.849
     CG                    0.102       1.723       0.000   56.05%       0.000      0.000      0.000
             223.000       0.025       2.628       0.792    0.45%       0.050      0.200
     WG                    0.233       1.216       0.000   66.37%       0.000      0.000      0.000
             223.000       0.139      -0.227       1.000   11.66%       0.000      0.673
     OG                    0.138       2.198       0.000   56.50%       0.000      0.000      0.000
             223.000       0.066       3.833       1.000    0.90%       0.048      0.225
     SQ                    0.141       1.724       0.000   24.22%       0.000      0.053      0.091
             223.000       0.028       3.105       0.900    0.45%       0.127      0.231

RANDOM STARTS RESULTS RANKED FROM THE BEST TO THE WORST LOGLIKELIHOOD VALUES


114 perturbed starting value run(s) did not converge or were rejected in the third stage.
Final stage loglikelihood values at local maxima, seeds, and initial stage start numbers:

             814.521  749453           33
             802.429  85462            51
             800.369  863094           147
             799.205  unperturbed      0
             799.205  931874           141
             790.026  297518           166
             790.026  467339           66
             765.691  21345            199
             765.691  165853           105
             765.591  696773           80
             763.600  372176           23
             762.464  728038           177
             761.742  609185           181
             760.649  576220           115
             757.640  626891           32
             736.154  509733           130
             684.358  957392           79
             597.636  68985            17

32 perturbed starting value run(s) did not converge or were rejected in the third stage.



     WARNING:  THE BEST LOGLIKELIHOOD VALUE WAS NOT REPLICATED.  THE
     SOLUTION MAY NOT BE TRUSTWORTHY DUE TO LOCAL MAXIMA.  INCREASE THE
     NUMBER OF RANDOM STARTS.

     THE STANDARD ERRORS OF THE MODEL PARAMETER ESTIMATES MAY NOT BE
     TRUSTWORTHY FOR SOME PARAMETERS DUE TO A NON-POSITIVE DEFINITE
     FIRST-ORDER DERIVATIVE PRODUCT MATRIX.  THIS MAY BE DUE TO THE STARTING
     VALUES BUT MAY ALSO BE AN INDICATION OF MODEL NONIDENTIFICATION.  THE
     CONDITION NUMBER IS       0.691D-11.  PROBLEM INVOLVING THE FOLLOWING PARAMETER:
     Parameter 41, %C#1%: SQ WITH CG


THE MODEL ESTIMATION TERMINATED NORMALLY



MODEL FIT INFORMATION

Number of Free Parameters                       81

Loglikelihood

          H0 Value                         814.521
          H0 Scaling Correction Factor      1.2592
            for MLR

Information Criteria

          Akaike (AIC)                   -1467.042
          Bayesian (BIC)                 -1191.062
          Sample-Size Adjusted BIC       -1447.761
            (n* = (n + 2) / 24)



FINAL CLASS COUNTS AND PROPORTIONS FOR THE LATENT CLASSES
BASED ON THE ESTIMATED MODEL

    Latent
   Classes

       1         77.40944          0.34713
       2        145.59056          0.65287


FINAL CLASS COUNTS AND PROPORTIONS FOR THE LATENT CLASSES
BASED ON ESTIMATED POSTERIOR PROBABILITIES

    Latent
   Classes

       1         77.40944          0.34713
       2        145.59056          0.65287


FINAL CLASS COUNTS AND PROPORTIONS FOR THE LATENT CLASSES
BASED ON THEIR MOST LIKELY LATENT CLASS MEMBERSHIP

Class Counts and Proportions

    Latent
   Classes

       1               78          0.34978
       2              145          0.65022


CLASSIFICATION QUALITY

     Entropy                         0.981


Average Latent Class Probabilities for Most Likely Latent Class Membership (Row)
by Latent Class (Column)

           1        2

    1   0.991    0.009
    2   0.001    0.999


Classification Probabilities for the Most Likely Latent Class Membership (Column)
by Latent Class (Row)

           1        2

    1   0.999    0.001
    2   0.005    0.995


Logits for the Classification Probabilities for the Most Likely Latent Class Membership (Column)
by Latent Class (Row)

              1        2

    1      6.766    0.000
    2     -5.362    0.000


MODEL RESULTS

                                                    Two-Tailed
                    Estimate       S.E.  Est./S.E.    P-Value

Latent Class 1

 CG       WITH
    WG                -0.012      0.019     -0.609      0.542
    OG                -0.009      0.016     -0.592      0.554
    SQ                -0.002      0.008     -0.211      0.833
    LEC               -0.008      0.010     -0.853      0.394
    PQ                -0.005      0.016     -0.307      0.759
    CQ                 0.023      0.004      5.675      0.000
    MG                -0.007      0.012     -0.582      0.560

 WG       WITH
    OG                 0.108      0.011      9.906      0.000
    SQ                 0.054      0.007      7.347      0.000
    LEC               -0.054      0.016     -3.341      0.001
    PQ                 0.096      0.010      9.129      0.000
    CQ                -0.015      0.012     -1.250      0.211
    MG                 0.081      0.006     14.605      0.000

 OG       WITH
    SQ                 0.048      0.008      6.270      0.000
    LEC               -0.049      0.015     -3.216      0.001
    PQ                 0.087      0.009      9.914      0.000
    CQ                -0.014      0.010     -1.308      0.191
    MG                 0.070      0.006     10.818      0.000

 SQ       WITH
    LEC               -0.027      0.008     -3.360      0.001
    PQ                 0.047      0.006      7.946      0.000
    CQ                -0.002      0.005     -0.410      0.682
    MG                 0.035      0.005      7.535      0.000

 LEC      WITH
    PQ                -0.050      0.013     -3.841      0.000
    CQ                -0.010      0.009     -1.069      0.285
    MG                -0.035      0.010     -3.391      0.001

 PQ       WITH
    CQ                -0.012      0.010     -1.201      0.230
    MG                 0.062      0.007      8.385      0.000

 CQ       WITH
    MG                -0.009      0.007     -1.233      0.217

 Means
    CQ                 0.228      0.023      9.847      0.000
    MG                 0.013      0.008      1.540      0.124
    PQ                 0.322      0.027     11.785      0.000
    LEC                0.763      0.032     23.829      0.000
    CG                 0.134      0.018      7.304      0.000
    WG                 0.013      0.013      1.007      0.314
    OG                 0.045      0.016      2.753      0.006
    SQ                 0.115      0.014      8.034      0.000

 Variances
    CQ                 0.034      0.005      7.452      0.000
    MG                 0.052      0.004     13.536      0.000
    PQ                 0.121      0.009     12.879      0.000
    LEC                0.074      0.009      8.401      0.000
    CG                 0.024      0.004      6.078      0.000
    WG                 0.126      0.009     14.780      0.000
    OG                 0.097      0.016      6.198      0.000
    SQ                 0.034      0.005      6.609      0.000

Latent Class 2

 CG       WITH
    WG                -0.020      0.003     -6.824      0.000
    OG                -0.017      0.004     -4.263      0.000
    SQ                -0.006      0.002     -3.413      0.001
    LEC                0.015      0.003      4.525      0.000
    PQ                -0.006      0.003     -1.905      0.057
    CQ                 0.028      0.004      6.632      0.000
    MG                -0.010      0.002     -4.142      0.000

 WG       WITH
    OG                -0.048      0.007     -6.838      0.000
    SQ                 0.023      0.006      3.961      0.000
    LEC               -0.047      0.006     -8.529      0.000
    PQ                -0.024      0.009     -2.593      0.010
    CQ                -0.026      0.003     -7.542      0.000
    MG                 0.045      0.006      7.392      0.000

 OG       WITH
    SQ                -0.006      0.004     -1.738      0.082
    LEC               -0.031      0.008     -4.169      0.000
    PQ                 0.005      0.010      0.512      0.609
    CQ                -0.020      0.005     -4.205      0.000
    MG                 0.012      0.004      2.728      0.006

 SQ       WITH
    LEC               -0.007      0.004     -1.720      0.085
    PQ                -0.031      0.005     -6.112      0.000
    CQ                -0.007      0.002     -3.333      0.001
    MG                 0.005      0.004      1.428      0.153

 LEC      WITH
    PQ                 0.013      0.006      1.929      0.054
    CQ                 0.021      0.004      4.743      0.000
    MG                -0.038      0.004     -8.740      0.000

 PQ       WITH
    CQ                -0.005      0.004     -1.331      0.183
    MG                 0.003      0.006      0.445      0.656

 CQ       WITH
    MG                -0.014      0.003     -5.054      0.000

 Means
    CQ                 0.111      0.015      7.433      0.000
    MG                 0.510      0.024     21.666      0.000
    PQ                 0.436      0.030     14.478      0.000
    LEC                0.274      0.025     11.167      0.000
    CG                 0.085      0.013      6.730      0.000
    WG                 0.350      0.034     10.229      0.000
    OG                 0.188      0.024      7.686      0.000
    SQ                 0.155      0.015     10.105      0.000

 Variances
    CQ                 0.034      0.005      7.452      0.000
    MG                 0.052      0.004     13.536      0.000
    PQ                 0.121      0.009     12.879      0.000
    LEC                0.074      0.009      8.401      0.000
    CG                 0.024      0.004      6.078      0.000
    WG                 0.126      0.009     14.780      0.000
    OG                 0.097      0.016      6.198      0.000
    SQ                 0.034      0.005      6.609      0.000

Categorical Latent Variables

 Means
    C#1               -0.632      0.144     -4.375      0.000


QUALITY OF NUMERICAL RESULTS

     Condition Number for the Information Matrix              0.691E-11
       (ratio of smallest to largest eigenvalue)


RESIDUAL OUTPUT


     ESTIMATED MODEL AND RESIDUALS (OBSERVED - ESTIMATED) FOR CLASS 1


           Model Estimated Means
              CQ            MG            PQ            LEC           CG
              ________      ________      ________      ________      ________
                0.228         0.013         0.322         0.763         0.134


           Model Estimated Means
              WG            OG            SQ
              ________      ________      ________
                0.013         0.045         0.115


           Residuals for Means
              CQ            MG            PQ            LEC           CG
              ________      ________      ________      ________      ________
                0.000         0.000         0.000         0.000         0.000


           Residuals for Means
              WG            OG            SQ
              ________      ________      ________
                0.000         0.000         0.000


           Model Estimated Covariances
              CQ            MG            PQ            LEC           CG
              ________      ________      ________      ________      ________
 CQ             0.034
 MG            -0.009         0.052
 PQ            -0.012         0.062         0.121
 LEC           -0.010        -0.035        -0.050         0.074
 CG             0.023        -0.007        -0.005        -0.008         0.024
 WG            -0.015         0.081         0.096        -0.054        -0.012
 OG            -0.014         0.070         0.087        -0.049        -0.009
 SQ            -0.002         0.035         0.047        -0.027        -0.002


           Model Estimated Covariances
              WG            OG            SQ
              ________      ________      ________
 WG             0.126
 OG             0.108         0.097
 SQ             0.054         0.048         0.034


           Residuals for Covariances
              CQ            MG            PQ            LEC           CG
              ________      ________      ________      ________      ________
 CQ             0.007
 MG             0.008        -0.047
 PQ             0.009        -0.058        -0.074
 LEC           -0.010         0.029         0.036        -0.012
 CG             0.004         0.006         0.007        -0.007         0.002
 WG             0.012        -0.073        -0.089         0.045         0.010
 OG             0.010        -0.062        -0.076         0.038         0.008
 SQ             0.006        -0.030        -0.038         0.018         0.005


           Residuals for Covariances
              WG            OG            SQ
              ________      ________      ________
 WG            -0.113
 OG            -0.096        -0.082
 SQ            -0.047        -0.040        -0.019


     ESTIMATED MODEL AND RESIDUALS (OBSERVED - ESTIMATED) FOR CLASS 2


           Model Estimated Means
              CQ            MG            PQ            LEC           CG
              ________      ________      ________      ________      ________
                0.111         0.510         0.436         0.274         0.085


           Model Estimated Means
              WG            OG            SQ
              ________      ________      ________
                0.350         0.188         0.155


           Residuals for Means
              CQ            MG            PQ            LEC           CG
              ________      ________      ________      ________      ________
                0.000         0.000         0.000         0.000         0.000


           Residuals for Means
              WG            OG            SQ
              ________      ________      ________
                0.000         0.000         0.000


           Model Estimated Covariances
              CQ            MG            PQ            LEC           CG
              ________      ________      ________      ________      ________
 CQ             0.034
 MG            -0.014         0.052
 PQ            -0.005         0.003         0.121
 LEC            0.021        -0.038         0.013         0.074
 CG             0.028        -0.010        -0.006         0.015         0.024
 WG            -0.026         0.045        -0.024        -0.047        -0.020
 OG            -0.020         0.012         0.005        -0.031        -0.017
 SQ            -0.007         0.005        -0.031        -0.007        -0.006


           Model Estimated Covariances
              WG            OG            SQ
              ________      ________      ________
 WG             0.126
 OG            -0.048         0.097
 SQ             0.023        -0.006         0.034


           Residuals for Covariances
              CQ            MG            PQ            LEC           CG
              ________      ________      ________      ________      ________
 CQ            -0.002
 MG            -0.005         0.021
 PQ             0.001        -0.001         0.011
 LEC            0.001        -0.014         0.002         0.006
 CG            -0.002        -0.003         0.000         0.001        -0.002
 WG            -0.009         0.026        -0.006        -0.022        -0.007
 OG             0.008        -0.005         0.002         0.011         0.006
 SQ             0.000         0.003        -0.002        -0.003         0.000


           Residuals for Covariances
              WG            OG            SQ
              ________      ________      ________
 WG             0.041
 OG            -0.006        -0.011
 SQ             0.006        -0.002        -0.001


TECHNICAL 11 OUTPUT

     Random Starts Specifications for the k-1 Class Analysis Model
        Number of initial stage random starts                 200
        Number of final stage optimizations                    50



     VUONG-LO-MENDELL-RUBIN LIKELIHOOD RATIO TEST FOR 1 (H0) VERSUS 2 CLASSES

          H0 Loglikelihood Value                          483.025
          2 Times the Loglikelihood Difference            662.993
          Difference in the Number of Parameters               37
          Mean                                             28.932
          Standard Deviation                              233.934
          P-Value                                          0.0034

     LO-MENDELL-RUBIN ADJUSTED LRT TEST

          Value                                           659.695
          P-Value                                          0.0035


TECHNICAL 14 OUTPUT

     Random Starts Specifications for the k-1 Class Analysis Model
        Number of initial stage random starts                 200
        Number of final stage optimizations                    50

     Random Starts Specification for the k-1 Class Model for Generated Data
        Number of initial stage random starts                   0
        Number of final stage optimizations for the
           initial stage random starts                          0
     Random Starts Specification for the k Class Model for Generated Data
        Number of initial stage random starts                  40
        Number of final stage optimizations                     8
     Number of bootstrap draws requested                   Varies


     PARAMETRIC BOOTSTRAPPED LIKELIHOOD RATIO TEST FOR 1 (H0) VERSUS 2 CLASSES

          H0 Loglikelihood Value                          483.025
          2 Times the Loglikelihood Difference            662.993
          Difference in the Number of Parameters               37
          Approximate P-Value                              0.0000
          Successful Bootstrap Draws                            5

     WARNING:  OF THE 5 BOOTSTRAP DRAWS, 5 DRAWS HAD BOTH A SMALLER LRT VALUE THAN THE
     OBSERVED LRT VALUE AND NOT A REPLICATED BEST LOGLIKELIHOOD VALUE FOR THE 2-CLASS MODEL.
     THIS MEANS THAT THE P-VALUE MAY NOT BE TRUSTWORTHY DUE TO LOCAL MAXIMA.
     INCREASE THE NUMBER OF RANDOM STARTS USING THE LRTSTARTS OPTION.



PLOT INFORMATION

The following plots are available:

  Histograms (sample values)
  Scatterplots (sample values)
  Sample means
  Estimated means, medians, modes, and percentiles
  Sample and estimated means
  Observed individual values
  Estimated means and observed individual values
  Estimated overall and class-specific distributions

     Beginning Time:  14:38:57
        Ending Time:  14:39:05
       Elapsed Time:  00:00:08



MUTHEN & MUTHEN
3463 Stoner Ave.
Los Angeles, CA  90066

Tel: (310) 391-9971
Fax: (310) 391-8971
Web: www.StatModel.com
Support: Support@StatModel.com

Copyright (c) 1998-2024 Muthen & Muthen
