Mplus VERSION 8.11 (Mac)
MUTHEN & MUTHEN
03/26/2025   2:39 PM

INPUT INSTRUCTIONS

  TITLE:
  M3: Class3
  DATA:
  FILE = "/Users/MeaganSundstrom_1/Desktop/CALEP_Analysis_Github/m3_enum/
  c_lpa_m3.dat";
  VARIABLE:
  NAMES = CQ MG PQ Lec CG WG OG SQ Study Method Course;
   MISSING=.;
   usevar = CQ-SQ;
  classes = c(3);
  ANALYSIS:
  estimator = mlr;
      type = mixture;
      starts = 200 50;
      processors = 10;
  MODEL:
  %c#1%
      [CQ-SQ];          !!! means are freely estimated
      CQ-SQ(1-8);       !!! variances are fixed to equality
      CG with WG;       !!! covariances are freely estimated
      CG with OG;
      CG with SQ;
      CG with Lec;
      CG with PQ;
      CG with CQ;
      CG with MG;
      WG with OG;
      WG with SQ;
      WG with Lec;
      WG with PQ;
      WG with CQ;
      WG with MG;
      OG with SQ;
      OG with Lec;
      OG with PQ;
      OG with CQ;
      OG with MG;
      SQ with Lec;
      SQ with PQ;
      SQ with CQ;
      SQ with MG;
      Lec with PQ;
      Lec with CQ;
      Lec with MG;
      PQ with CQ;
      PQ with MG;
      CQ with MG;

   %c#2%
   [CQ-SQ];
   CQ-SQ(1-8);
   CG with WG;
   CG with OG;
   CG with SQ;
   CG with Lec;
   CG with PQ;
   CG with CQ;
   CG with MG;
   WG with OG;
   WG with SQ;
   WG with Lec;
   WG with PQ;
   WG with CQ;
   WG with MG;
   OG with SQ;
   OG with Lec;
   OG with PQ;
   OG with CQ;
   OG with MG;
   SQ with Lec;
   SQ with PQ;
   SQ with CQ;
   SQ with MG;
   Lec with PQ;
   Lec with CQ;
   Lec with MG;
   PQ with CQ;
   PQ with MG;
   CQ with MG;

   %c#3%
   [CQ-SQ];
   CQ-SQ(1-8);
   CG with WG;
   CG with OG;
   CG with SQ;
   CG with Lec;
   CG with PQ;
   CG with CQ;
   CG with MG;
   WG with OG;
   WG with SQ;
   WG with Lec;
   WG with PQ;
   WG with CQ;
   WG with MG;
   OG with SQ;
   OG with Lec;
   OG with PQ;
   OG with CQ;
   OG with MG;
   SQ with Lec;
   SQ with PQ;
   SQ with CQ;
   SQ with MG;
   Lec with PQ;
   Lec with CQ;
   Lec with MG;
   PQ with CQ;
   PQ with MG;
   CQ with MG;

  ! %c#3%
  ! [CQ-SQ];
  ! CQ-SQ(1-8);
  ! CG with WG;
  ! CG with OG;
  ! CG with SQ;
  ! CG with Lec;
  ! CG with PQ;
  ! CG with CQ;
  ! CG with MG;
  ! WG with OG;
  ! WG with SQ;
  ! WG with Lec;
  ! WG with PQ;
  ! WG with CQ;
  ! WG with MG;
  ! OG with SQ;
  ! OG with Lec;
  ! OG with PQ;
  ! OG with CQ;
  ! OG with MG;
  ! SQ with Lec;
  ! SQ with PQ;
  ! SQ with CQ;
  ! SQ with MG;
  ! Lec with PQ;
  ! Lec with CQ;
  ! Lec with MG;
  ! PQ with CQ;
  ! PQ with MG;
  ! CQ with MG;

  ! %c#3%
  ! [CQ-SQ];
  ! CQ-SQ(1-8);
  ! CG with WG;
  ! CG with OG;
  ! CG with SQ;
  ! CG with Lec;
  ! CG with PQ;
  ! CG with CQ;
  ! CG with MG;
  ! WG with OG;
  ! WG with SQ;
  ! WG with Lec;
  ! WG with PQ;
  ! WG with CQ;
  ! WG with MG;
  ! OG with SQ;
  ! OG with Lec;
  ! OG with PQ;
  ! OG with CQ;
  ! OG with MG;
  ! SQ with Lec;
  ! SQ with PQ;
  ! SQ with CQ;
  ! SQ with MG;
  ! Lec with PQ;
  ! Lec with CQ;
  ! Lec with MG;
  ! PQ with CQ;
  ! PQ with MG;
  ! CQ with MG;

  ! %c#3%
  ! [CQ-SQ];
  ! CQ-SQ(1-8);
  ! CG with WG;
  ! CG with OG;
  ! CG with SQ;
  ! CG with Lec;
  ! CG with PQ;
  ! CG with CQ;
  ! CG with MG;
  ! WG with OG;
  ! WG with SQ;
  ! WG with Lec;
  ! WG with PQ;
  ! WG with CQ;
  ! WG with MG;
  ! OG with SQ;
  ! OG with Lec;
  ! OG with PQ;
  ! OG with CQ;
  ! OG with MG;
  ! SQ with Lec;
  ! SQ with PQ;
  ! SQ with CQ;
  ! SQ with MG;
  ! Lec with PQ;
  ! Lec with CQ;
  ! Lec with MG;
  ! PQ with CQ;
  ! PQ with MG;
  ! CQ with MG;
  OUTPUT:
  sampstat residual tech11 tech14;
  PLOT:
  type = plot3;
       series = CQ-SQ(*);



*** WARNING in MODEL command
  All variables are uncorrelated with all other variables within class.
  Check that this is what is intended.
   1 WARNING(S) FOUND IN THE INPUT INSTRUCTIONS




M3: Class3

SUMMARY OF ANALYSIS

Number of groups                                                 1
Number of observations                                         223

Number of dependent variables                                    8
Number of independent variables                                  0
Number of continuous latent variables                            0
Number of categorical latent variables                           1

Observed dependent variables

  Continuous
   CQ          MG          PQ          LEC         CG          WG
   OG          SQ

Categorical latent variables
   C


Estimator                                                      MLR
Information matrix                                        OBSERVED
Optimization Specifications for the Quasi-Newton Algorithm for
Continuous Outcomes
  Maximum number of iterations                                 100
  Convergence criterion                                  0.100D-05
Optimization Specifications for the EM Algorithm
  Maximum number of iterations                                 500
  Convergence criteria
    Loglikelihood change                                 0.100D-06
    Relative loglikelihood change                        0.100D-06
    Derivative                                           0.100D-05
Optimization Specifications for the M step of the EM Algorithm for
Categorical Latent variables
  Number of M step iterations                                    1
  M step convergence criterion                           0.100D-05
  Basis for M step termination                           ITERATION
Optimization Specifications for the M step of the EM Algorithm for
Censored, Binary or Ordered Categorical (Ordinal), Unordered
Categorical (Nominal) and Count Outcomes
  Number of M step iterations                                    1
  M step convergence criterion                           0.100D-05
  Basis for M step termination                           ITERATION
  Maximum value for logit thresholds                            15
  Minimum value for logit thresholds                           -15
  Minimum expected cell size for chi-square              0.100D-01
Maximum number of iterations for H1                           2000
Convergence criterion for H1                             0.100D-03
Optimization algorithm                                         EMA
Random Starts Specifications
  Number of initial stage random starts                        200
  Number of final stage optimizations                           50
  Number of initial stage iterations                            10
  Initial stage convergence criterion                    0.100D+01
  Random starts scale                                    0.500D+01
  Random seed for generating random starts                       0

Input data file(s)
  /Users/MeaganSundstrom_1/Desktop/CALEP_Analysis_Github/m3_enum/c_lpa_m3.dat
Input data format  FREE


SUMMARY OF DATA

     Number of missing data patterns             1
     Number of y missing data patterns           1
     Number of u missing data patterns           0


COVARIANCE COVERAGE OF DATA

Minimum covariance coverage value   0.100


     PROPORTION OF DATA PRESENT FOR Y


           Covariance Coverage
              CQ            MG            PQ            LEC           CG
              ________      ________      ________      ________      ________
 CQ             1.000
 MG             1.000         1.000
 PQ             1.000         1.000         1.000
 LEC            1.000         1.000         1.000         1.000
 CG             1.000         1.000         1.000         1.000         1.000
 WG             1.000         1.000         1.000         1.000         1.000
 OG             1.000         1.000         1.000         1.000         1.000
 SQ             1.000         1.000         1.000         1.000         1.000


           Covariance Coverage
              WG            OG            SQ
              ________      ________      ________
 WG             1.000
 OG             1.000         1.000
 SQ             1.000         1.000         1.000


SAMPLE STATISTICS


     ESTIMATED SAMPLE STATISTICS


           Means
              CQ            MG            PQ            LEC           CG
              ________      ________      ________      ________      ________
                0.152         0.337         0.397         0.444         0.102


           Means
              WG            OG            SQ
              ________      ________      ________
                0.233         0.138         0.141


           Covariances
              CQ            MG            PQ            LEC           CG
              ________      ________      ________      ________      ________
 CQ             0.038
 MG            -0.026         0.105
 PQ            -0.007         0.015         0.105
 LEC            0.021        -0.091        -0.008         0.129
 CG             0.028        -0.015        -0.004         0.011         0.025
 WG            -0.033         0.087        -0.009        -0.086        -0.022
 OG            -0.013         0.023         0.012        -0.033        -0.009
 SQ            -0.005         0.012        -0.017        -0.014        -0.004


           Covariances
              WG            OG            SQ
              ________      ________      ________
 WG             0.139
 OG            -0.020         0.066
 SQ             0.025        -0.001         0.028


           Correlations
              CQ            MG            PQ            LEC           CG
              ________      ________      ________      ________      ________
 CQ             1.000
 MG            -0.414         1.000
 PQ            -0.109         0.147         1.000
 LEC            0.300        -0.778        -0.068         1.000
 CG             0.901        -0.288        -0.083         0.190         1.000
 WG            -0.452         0.720        -0.073        -0.643        -0.377
 OG            -0.265         0.280         0.147        -0.355        -0.220
 SQ            -0.149         0.217        -0.315        -0.235        -0.136


           Correlations
              WG            OG            SQ
              ________      ________      ________
 WG             1.000
 OG            -0.211         1.000
 SQ             0.397        -0.027         1.000


     MAXIMUM LOG-LIKELIHOOD VALUE FOR THE UNRESTRICTED (H1) MODEL IS 483.025


UNIVARIATE SAMPLE STATISTICS


     UNIVARIATE HIGHER-ORDER MOMENT DESCRIPTIVE STATISTICS

         Variable/         Mean/     Skewness/   Minimum/ % with                Percentiles
        Sample Size      Variance    Kurtosis    Maximum  Min/Max      20%/60%    40%/80%    Median

     CQ                    0.152       1.385       0.000   47.98%       0.000      0.000      0.054
             223.000       0.038       1.763       1.000    0.45%       0.152      0.321
     MG                    0.337       0.519       0.000   30.04%       0.000      0.121      0.269
             223.000       0.105      -1.002       1.000    4.04%       0.435      0.630
     PQ                    0.397       0.385       0.000   15.25%       0.048      0.227      0.314
             223.000       0.105      -1.218       1.000    3.14%       0.429      0.767
     LEC                   0.444       0.186       0.000   16.14%       0.043      0.250      0.400
             223.000       0.129      -1.499       1.000    5.38%       0.571      0.849
     CG                    0.102       1.723       0.000   56.05%       0.000      0.000      0.000
             223.000       0.025       2.628       0.792    0.45%       0.050      0.200
     WG                    0.233       1.216       0.000   66.37%       0.000      0.000      0.000
             223.000       0.139      -0.227       1.000   11.66%       0.000      0.673
     OG                    0.138       2.198       0.000   56.50%       0.000      0.000      0.000
             223.000       0.066       3.833       1.000    0.90%       0.048      0.225
     SQ                    0.141       1.724       0.000   24.22%       0.000      0.053      0.091
             223.000       0.028       3.105       0.900    0.45%       0.127      0.231

RANDOM STARTS RESULTS RANKED FROM THE BEST TO THE WORST LOGLIKELIHOOD VALUES


161 perturbed starting value run(s) did not converge or were rejected in the third stage.
Final stage loglikelihood values at local maxima, seeds, and initial stage start numbers:

             843.071  950604           172
             800.846  329127           185
             800.369  192071           142
             766.556  784664           75
             765.167  391179           78
             646.722  354559           73
             642.042  443917           60
             483.025  966014           37
             483.025  345070           114
             483.025  314084           81
             483.025  903420           5
             483.025  783165           170
             483.025  120506           45
             483.025  318230           46
             483.025  40340            188
             483.025  674171           195
             483.025  93468            3
             483.025  153942           31
             483.025  12477            155
             483.025  263268           165
             483.025  202790           198
             483.025  347515           24
             483.025  466971           109
             483.025  972873           157
             483.025  399671           13

25 perturbed starting value run(s) did not converge or were rejected in the third stage.



     WARNING:  THE BEST LOGLIKELIHOOD VALUE WAS NOT REPLICATED.  THE
     SOLUTION MAY NOT BE TRUSTWORTHY DUE TO LOCAL MAXIMA.  INCREASE THE
     NUMBER OF RANDOM STARTS.

     THE STANDARD ERRORS OF THE MODEL PARAMETER ESTIMATES MAY NOT BE
     TRUSTWORTHY FOR SOME PARAMETERS DUE TO A NON-POSITIVE DEFINITE
     FIRST-ORDER DERIVATIVE PRODUCT MATRIX.  THIS MAY BE DUE TO THE STARTING
     VALUES BUT MAY ALSO BE AN INDICATION OF MODEL NONIDENTIFICATION.  THE
     CONDITION NUMBER IS       0.132D-19.  PROBLEM INVOLVING THE FOLLOWING PARAMETER:
     Parameter 41, %C#1%: SQ WITH CG


THE MODEL ESTIMATION TERMINATED NORMALLY



MODEL FIT INFORMATION

Number of Free Parameters                      118

Loglikelihood

          H0 Value                         843.071
          H0 Scaling Correction Factor      1.2165
            for MLR

Information Criteria

          Akaike (AIC)                   -1450.142
          Bayesian (BIC)                 -1048.096
          Sample-Size Adjusted BIC       -1422.053
            (n* = (n + 2) / 24)



FINAL CLASS COUNTS AND PROPORTIONS FOR THE LATENT CLASSES
BASED ON THE ESTIMATED MODEL

    Latent
   Classes

       1         67.10771          0.30093
       2         19.08288          0.08557
       3        136.80941          0.61350


FINAL CLASS COUNTS AND PROPORTIONS FOR THE LATENT CLASSES
BASED ON ESTIMATED POSTERIOR PROBABILITIES

    Latent
   Classes

       1         67.10771          0.30093
       2         19.08288          0.08557
       3        136.80941          0.61350


FINAL CLASS COUNTS AND PROPORTIONS FOR THE LATENT CLASSES
BASED ON THEIR MOST LIKELY LATENT CLASS MEMBERSHIP

Class Counts and Proportions

    Latent
   Classes

       1               68          0.30493
       2               19          0.08520
       3              136          0.60987


CLASSIFICATION QUALITY

     Entropy                         0.978


Average Latent Class Probabilities for Most Likely Latent Class Membership (Row)
by Latent Class (Column)

           1        2        3

    1   0.983    0.000    0.016
    2   0.004    0.996    0.001
    3   0.001    0.001    0.998


Classification Probabilities for the Most Likely Latent Class Membership (Column)
by Latent Class (Row)

           1        2        3

    1   0.997    0.001    0.002
    2   0.001    0.991    0.008
    3   0.008    0.000    0.992


Logits for the Classification Probabilities for the Most Likely Latent Class Membership (Column)
by Latent Class (Row)

              1        2        3

    1      6.004   -0.868    0.000
    2     -2.192    4.830    0.000
    3     -4.806   -9.066    0.000


MODEL RESULTS

                                                    Two-Tailed
                    Estimate       S.E.  Est./S.E.    P-Value

Latent Class 1

 CG       WITH
    WG                 0.000      0.000     -0.002      0.998
    OG                 0.001      0.000      2.069      0.039
    SQ                 0.004      0.001      3.279      0.001
    LEC               -0.008      0.002     -3.451      0.001
    PQ                 0.002      0.002      1.103      0.270
    CQ                 0.008      0.001      6.197      0.000
    MG                 0.003      0.001      2.296      0.022

 WG       WITH
    OG                 0.096      0.008     11.755      0.000
    SQ                -0.052      0.007     -7.760      0.000
    LEC               -0.079      0.009     -8.998      0.000
    PQ                -0.105      0.008    -12.777      0.000
    CQ                -0.028      0.008     -3.735      0.000
    MG                 0.090      0.007     13.179      0.000

 OG       WITH
    SQ                -0.045      0.006     -7.248      0.000
    LEC               -0.068      0.009     -7.963      0.000
    PQ                -0.090      0.009     -9.586      0.000
    CQ                -0.024      0.007     -3.510      0.000
    MG                 0.078      0.007     11.609      0.000

 SQ       WITH
    LEC                0.035      0.006      5.875      0.000
    PQ                 0.051      0.006      7.957      0.000
    CQ                 0.018      0.004      4.359      0.000
    MG                -0.042      0.005     -7.582      0.000

 LEC      WITH
    PQ                 0.070      0.011      6.361      0.000
    CQ                 0.013      0.006      2.158      0.031
    MG                -0.070      0.007     -9.626      0.000

 PQ       WITH
    CQ                 0.025      0.008      3.114      0.002
    MG                -0.084      0.007    -12.146      0.000

 CQ       WITH
    MG                -0.021      0.006     -3.598      0.000

 Means
    CQ                 0.209      0.017     12.206      0.000
    MG                 0.029      0.010      3.017      0.003
    PQ                 0.293      0.029     10.121      0.000
    LEC                0.813      0.025     33.049      0.000
    CG                 0.123      0.016      7.526      0.000
    WG                 0.000      0.000      0.000      1.000
    OG                 0.011      0.003      3.250      0.001
    SQ                 0.112      0.013      8.606      0.000

 Variances
    CQ                 0.023      0.003      7.694      0.000
    MG                 0.077      0.007     11.160      0.000
    PQ                 0.136      0.008     16.884      0.000
    LEC                0.082      0.010      8.153      0.000
    CG                 0.010      0.001      8.113      0.000
    WG                 0.111      0.009     11.996      0.000
    OG                 0.084      0.012      6.856      0.000
    SQ                 0.035      0.005      6.964      0.000

Latent Class 2

 CG       WITH
    WG                 0.000      0.001      0.063      0.950
    OG                -0.002      0.001     -1.589      0.112
    SQ                -0.001      0.001     -0.614      0.539
    LEC               -0.007      0.003     -2.074      0.038
    PQ                 0.003      0.004      0.724      0.469
    CQ                 0.009      0.002      4.187      0.000
    MG                 0.005      0.006      0.905      0.366

 WG       WITH
    OG                -0.095      0.008    -11.511      0.000
    SQ                -0.060      0.006     -9.865      0.000
    LEC               -0.069      0.013     -5.119      0.000
    PQ                -0.115      0.007    -15.468      0.000
    CQ                 0.001      0.005      0.150      0.881
    MG                 0.051      0.017      3.057      0.002

 OG       WITH
    SQ                 0.051      0.006      8.889      0.000
    LEC                0.059      0.013      4.647      0.000
    PQ                 0.100      0.009     10.581      0.000
    CQ                -0.005      0.005     -0.957      0.339
    MG                -0.039      0.014     -2.737      0.006

 SQ       WITH
    LEC                0.034      0.008      4.077      0.000
    PQ                 0.063      0.006     10.675      0.000
    CQ                 0.004      0.003      1.248      0.212
    MG                -0.033      0.008     -3.859      0.000

 LEC      WITH
    PQ                 0.069      0.015      4.655      0.000
    CQ                -0.012      0.006     -1.916      0.055
    MG                -0.041      0.012     -3.306      0.001

 PQ       WITH
    CQ                -0.001      0.005     -0.156      0.876
    MG                -0.054      0.016     -3.307      0.001

 CQ       WITH
    MG                -0.007      0.005     -1.296      0.195

 Means
    CQ                 0.564      0.045     12.470      0.000
    MG                 0.258      0.054      4.819      0.000
    PQ                 0.270      0.031      8.609      0.000
    LEC                0.438      0.050      8.781      0.000
    CG                 0.469      0.035     13.343      0.000
    WG                 0.012      0.008      1.436      0.151
    OG                 0.029      0.013      2.267      0.023
    SQ                 0.051      0.013      3.923      0.000

 Variances
    CQ                 0.023      0.003      7.694      0.000
    MG                 0.077      0.007     11.160      0.000
    PQ                 0.136      0.008     16.884      0.000
    LEC                0.082      0.010      8.153      0.000
    CG                 0.010      0.001      8.113      0.000
    WG                 0.111      0.009     11.996      0.000
    OG                 0.084      0.012      6.856      0.000
    SQ                 0.035      0.005      6.964      0.000

Latent Class 3

 CG       WITH
    WG                -0.011      0.002     -6.079      0.000
    OG                -0.008      0.002     -3.671      0.000
    SQ                -0.002      0.002     -1.081      0.280
    LEC                0.012      0.003      3.667      0.000
    PQ                 0.002      0.003      0.603      0.546
    CQ                 0.015      0.002      8.958      0.000
    MG                -0.011      0.003     -4.279      0.000

 WG       WITH
    OG                -0.036      0.006     -6.165      0.000
    SQ                 0.019      0.005      3.574      0.000
    LEC               -0.049      0.006     -7.622      0.000
    PQ                -0.026      0.009     -2.825      0.005
    CQ                -0.018      0.003     -6.373      0.000
    MG                 0.054      0.007      7.437      0.000

 OG       WITH
    SQ                -0.003      0.004     -0.771      0.441
    LEC               -0.029      0.006     -4.559      0.000
    PQ                 0.000      0.010     -0.008      0.993
    CQ                -0.013      0.003     -3.716      0.000
    MG                 0.017      0.006      3.080      0.002

 SQ       WITH
    LEC               -0.006      0.004     -1.555      0.120
    PQ                -0.031      0.006     -5.470      0.000
    CQ                -0.003      0.002     -1.165      0.244
    MG                 0.005      0.005      0.975      0.329

 LEC      WITH
    PQ                 0.016      0.008      2.008      0.045
    CQ                 0.019      0.005      3.772      0.000
    MG                -0.048      0.006     -7.741      0.000

 PQ       WITH
    CQ                 0.003      0.004      0.804      0.421
    MG                 0.003      0.009      0.342      0.732

 CQ       WITH
    MG                -0.017      0.003     -5.005      0.000

 Means
    CQ                 0.066      0.011      5.740      0.000
    MG                 0.499      0.027     18.663      0.000
    PQ                 0.465      0.032     14.579      0.000
    LEC                0.264      0.027      9.888      0.000
    CG                 0.041      0.008      5.214      0.000
    WG                 0.379      0.036     10.408      0.000
    OG                 0.216      0.026      8.298      0.000
    SQ                 0.168      0.017     10.173      0.000

 Variances
    CQ                 0.023      0.003      7.694      0.000
    MG                 0.077      0.007     11.160      0.000
    PQ                 0.136      0.008     16.884      0.000
    LEC                0.082      0.010      8.153      0.000
    CG                 0.010      0.001      8.113      0.000
    WG                 0.111      0.009     11.996      0.000
    OG                 0.084      0.012      6.856      0.000
    SQ                 0.035      0.005      6.964      0.000

Categorical Latent Variables

 Means
    C#1               -0.712      0.157     -4.547      0.000
    C#2               -1.970      0.250     -7.890      0.000


QUALITY OF NUMERICAL RESULTS

     Condition Number for the Information Matrix              0.132E-19
       (ratio of smallest to largest eigenvalue)


RESIDUAL OUTPUT


     ESTIMATED MODEL AND RESIDUALS (OBSERVED - ESTIMATED) FOR CLASS 1


           Model Estimated Means
              CQ            MG            PQ            LEC           CG
              ________      ________      ________      ________      ________
                0.209         0.029         0.293         0.813         0.123


           Model Estimated Means
              WG            OG            SQ
              ________      ________      ________
                0.000         0.011         0.112


           Residuals for Means
              CQ            MG            PQ            LEC           CG
              ________      ________      ________      ________      ________
                0.000         0.000         0.000         0.000         0.000


           Residuals for Means
              WG            OG            SQ
              ________      ________      ________
                0.000         0.000         0.000


           Model Estimated Covariances
              CQ            MG            PQ            LEC           CG
              ________      ________      ________      ________      ________
 CQ             0.023
 MG            -0.021         0.077
 PQ             0.025        -0.084         0.136
 LEC            0.013        -0.070         0.070         0.082
 CG             0.008         0.003         0.002        -0.008         0.010
 WG            -0.028         0.090        -0.105        -0.079         0.000
 OG            -0.024         0.078        -0.090        -0.068         0.001
 SQ             0.018        -0.042         0.051         0.035         0.004


           Model Estimated Covariances
              WG            OG            SQ
              ________      ________      ________
 WG             0.111
 OG             0.096         0.084
 SQ            -0.052        -0.045         0.035


           Residuals for Covariances
              CQ            MG            PQ            LEC           CG
              ________      ________      ________      ________      ________
 CQ            -0.004
 MG             0.024        -0.073
 PQ            -0.026         0.086        -0.100
 LEC           -0.023         0.063        -0.076        -0.053
 CG             0.004         0.002         0.001        -0.004         0.006
 WG             0.028        -0.090         0.105         0.079         0.000
 OG             0.025        -0.078         0.091         0.068         0.000
 SQ            -0.012         0.043        -0.049        -0.039         0.002


           Residuals for Covariances
              WG            OG            SQ
              ________      ________      ________
 WG            -0.111
 OG            -0.096        -0.083
 SQ             0.052         0.046        -0.024


     ESTIMATED MODEL AND RESIDUALS (OBSERVED - ESTIMATED) FOR CLASS 2


           Model Estimated Means
              CQ            MG            PQ            LEC           CG
              ________      ________      ________      ________      ________
                0.564         0.258         0.270         0.438         0.469


           Model Estimated Means
              WG            OG            SQ
              ________      ________      ________
                0.012         0.029         0.051


           Residuals for Means
              CQ            MG            PQ            LEC           CG
              ________      ________      ________      ________      ________
                0.000         0.000         0.000         0.000         0.000


           Residuals for Means
              WG            OG            SQ
              ________      ________      ________
                0.000         0.000         0.000


           Model Estimated Covariances
              CQ            MG            PQ            LEC           CG
              ________      ________      ________      ________      ________
 CQ             0.023
 MG            -0.007         0.077
 PQ            -0.001        -0.054         0.136
 LEC           -0.012        -0.041         0.069         0.082
 CG             0.009         0.005         0.003        -0.007         0.010
 WG             0.001         0.051        -0.115        -0.069         0.000
 OG            -0.005        -0.039         0.100         0.059        -0.002
 SQ             0.004        -0.033         0.063         0.034        -0.001


           Model Estimated Covariances
              WG            OG            SQ
              ________      ________      ________
 WG             0.111
 OG            -0.095         0.084
 SQ            -0.060         0.051         0.035


           Residuals for Covariances
              CQ            MG            PQ            LEC           CG
              ________      ________      ________      ________      ________
 CQ             0.011
 MG             0.000        -0.023
 PQ             0.003         0.053        -0.118
 LEC           -0.006         0.031        -0.073        -0.040
 CG             0.008         0.002         0.003        -0.005         0.007
 WG            -0.002        -0.050         0.114         0.069        -0.001
 OG            -0.001         0.043        -0.098        -0.058        -0.001
 SQ             0.002         0.027        -0.062        -0.038         0.001


           Residuals for Covariances
              WG            OG            SQ
              ________      ________      ________
 WG            -0.109
 OG             0.094        -0.081
 SQ             0.059        -0.051        -0.032


     ESTIMATED MODEL AND RESIDUALS (OBSERVED - ESTIMATED) FOR CLASS 3


           Model Estimated Means
              CQ            MG            PQ            LEC           CG
              ________      ________      ________      ________      ________
                0.066         0.499         0.465         0.264         0.041


           Model Estimated Means
              WG            OG            SQ
              ________      ________      ________
                0.379         0.216         0.168


           Residuals for Means
              CQ            MG            PQ            LEC           CG
              ________      ________      ________      ________      ________
                0.000         0.000         0.000         0.000         0.000


           Residuals for Means
              WG            OG            SQ
              ________      ________      ________
                0.000         0.000         0.000


           Model Estimated Covariances
              CQ            MG            PQ            LEC           CG
              ________      ________      ________      ________      ________
 CQ             0.023
 MG            -0.017         0.077
 PQ             0.003         0.003         0.136
 LEC            0.019        -0.048         0.016         0.082
 CG             0.015        -0.011         0.002         0.012         0.010
 WG            -0.018         0.054        -0.026        -0.049        -0.011
 OG            -0.013         0.017         0.000        -0.029        -0.008
 SQ            -0.003         0.005        -0.031        -0.006        -0.002


           Model Estimated Covariances
              WG            OG            SQ
              ________      ________      ________
 WG             0.111
 OG            -0.036         0.084
 SQ             0.019        -0.003         0.035


           Residuals for Covariances
              CQ            MG            PQ            LEC           CG
              ________      ________      ________      ________      ________
 CQ            -0.007
 MG             0.001         0.011
 PQ             0.001        -0.007         0.003
 LEC           -0.002        -0.009         0.006         0.008
 CG            -0.005         0.001         0.001        -0.002        -0.003
 WG            -0.004         0.027        -0.014        -0.023        -0.002
 OG             0.008        -0.013         0.005         0.012         0.005
 SQ            -0.001         0.005        -0.002        -0.004         0.000


           Residuals for Covariances
              WG            OG            SQ
              ________      ________      ________
 WG             0.061
 OG            -0.026         0.008
 SQ             0.011        -0.004         0.002


TECHNICAL 11 OUTPUT

     Random Starts Specifications for the k-1 Class Analysis Model
        Number of initial stage random starts                 200
        Number of final stage optimizations                    50



     VUONG-LO-MENDELL-RUBIN LIKELIHOOD RATIO TEST FOR 2 (H0) VERSUS 3 CLASSES

          H0 Loglikelihood Value                          799.205
          2 Times the Loglikelihood Difference             87.733
          Difference in the Number of Parameters               37
          Mean                                  *****************
          Standard Deviation                    6630668362662.464
          P-Value                                          0.2231

     LO-MENDELL-RUBIN ADJUSTED LRT TEST

          Value                                            87.297
          P-Value                                          0.2231


TECHNICAL 14 OUTPUT

     Random Starts Specifications for the k-1 Class Analysis Model
        Number of initial stage random starts                 200
        Number of final stage optimizations                    50

     Random Starts Specification for the k-1 Class Model for Generated Data
        Number of initial stage random starts                   0
        Number of final stage optimizations for the
           initial stage random starts                          0
     Random Starts Specification for the k Class Model for Generated Data
        Number of initial stage random starts                  40
        Number of final stage optimizations                     8
     Number of bootstrap draws requested                   Varies


     PARAMETRIC BOOTSTRAPPED LIKELIHOOD RATIO TEST FOR 2 (H0) VERSUS 3 CLASSES

          H0 Loglikelihood Value                          799.205
          2 Times the Loglikelihood Difference             87.733
          Difference in the Number of Parameters               37
          Approximate P-Value                              1.0000
          Successful Bootstrap Draws                            2


PLOT INFORMATION

The following plots are available:

  Histograms (sample values)
  Scatterplots (sample values)
  Sample means
  Estimated means, medians, modes, and percentiles
  Sample and estimated means
  Observed individual values
  Estimated means and observed individual values
  Estimated overall and class-specific distributions

     Beginning Time:  14:39:05
        Ending Time:  14:39:17
       Elapsed Time:  00:00:12



MUTHEN & MUTHEN
3463 Stoner Ave.
Los Angeles, CA  90066

Tel: (310) 391-9971
Fax: (310) 391-8971
Web: www.StatModel.com
Support: Support@StatModel.com

Copyright (c) 1998-2024 Muthen & Muthen
