Mplus VERSION 8.11 (Mac)
MUTHEN & MUTHEN
03/26/2025   2:39 PM

INPUT INSTRUCTIONS

  TITLE:
  M3: Class5
  DATA:
  FILE = "/Users/MeaganSundstrom_1/Desktop/CALEP_Analysis_Github/m3_enum/
  c_lpa_m3.dat";
  VARIABLE:
  NAMES = CQ MG PQ Lec CG WG OG SQ Study Method Course;
   MISSING=.;
   usevar = CQ-SQ;
  classes = c(5);
  ANALYSIS:
  estimator = mlr;
      type = mixture;
      starts = 200 50;
      processors = 10;
  MODEL:
  %c#1%
      [CQ-SQ];          !!! means are freely estimated
      CQ-SQ(1-8);       !!! variances are fixed to equality
      CG with WG;       !!! covariances are freely estimated
      CG with OG;
      CG with SQ;
      CG with Lec;
      CG with PQ;
      CG with CQ;
      CG with MG;
      WG with OG;
      WG with SQ;
      WG with Lec;
      WG with PQ;
      WG with CQ;
      WG with MG;
      OG with SQ;
      OG with Lec;
      OG with PQ;
      OG with CQ;
      OG with MG;
      SQ with Lec;
      SQ with PQ;
      SQ with CQ;
      SQ with MG;
      Lec with PQ;
      Lec with CQ;
      Lec with MG;
      PQ with CQ;
      PQ with MG;
      CQ with MG;

   %c#2%
   [CQ-SQ];
   CQ-SQ(1-8);
   CG with WG;
   CG with OG;
   CG with SQ;
   CG with Lec;
   CG with PQ;
   CG with CQ;
   CG with MG;
   WG with OG;
   WG with SQ;
   WG with Lec;
   WG with PQ;
   WG with CQ;
   WG with MG;
   OG with SQ;
   OG with Lec;
   OG with PQ;
   OG with CQ;
   OG with MG;
   SQ with Lec;
   SQ with PQ;
   SQ with CQ;
   SQ with MG;
   Lec with PQ;
   Lec with CQ;
   Lec with MG;
   PQ with CQ;
   PQ with MG;
   CQ with MG;

   %c#3%
   [CQ-SQ];
   CQ-SQ(1-8);
   CG with WG;
   CG with OG;
   CG with SQ;
   CG with Lec;
   CG with PQ;
   CG with CQ;
   CG with MG;
   WG with OG;
   WG with SQ;
   WG with Lec;
   WG with PQ;
   WG with CQ;
   WG with MG;
   OG with SQ;
   OG with Lec;
   OG with PQ;
   OG with CQ;
   OG with MG;
   SQ with Lec;
   SQ with PQ;
   SQ with CQ;
   SQ with MG;
   Lec with PQ;
   Lec with CQ;
   Lec with MG;
   PQ with CQ;
   PQ with MG;
   CQ with MG;

   %c#3%
   [CQ-SQ];
   CQ-SQ(1-8);
   CG with WG;
   CG with OG;
   CG with SQ;
   CG with Lec;
   CG with PQ;
   CG with CQ;
   CG with MG;
   WG with OG;
   WG with SQ;
   WG with Lec;
   WG with PQ;
   WG with CQ;
   WG with MG;
   OG with SQ;
   OG with Lec;
   OG with PQ;
   OG with CQ;
   OG with MG;
   SQ with Lec;
   SQ with PQ;
   SQ with CQ;
   SQ with MG;
   Lec with PQ;
   Lec with CQ;
   Lec with MG;
   PQ with CQ;
   PQ with MG;
   CQ with MG;

   %c#3%
   [CQ-SQ];
   CQ-SQ(1-8);
   CG with WG;
   CG with OG;
   CG with SQ;
   CG with Lec;
   CG with PQ;
   CG with CQ;
   CG with MG;
   WG with OG;
   WG with SQ;
   WG with Lec;
   WG with PQ;
   WG with CQ;
   WG with MG;
   OG with SQ;
   OG with Lec;
   OG with PQ;
   OG with CQ;
   OG with MG;
   SQ with Lec;
   SQ with PQ;
   SQ with CQ;
   SQ with MG;
   Lec with PQ;
   Lec with CQ;
   Lec with MG;
   PQ with CQ;
   PQ with MG;
   CQ with MG;

  ! %c#3%
  ! [CQ-SQ];
  ! CQ-SQ(1-8);
  ! CG with WG;
  ! CG with OG;
  ! CG with SQ;
  ! CG with Lec;
  ! CG with PQ;
  ! CG with CQ;
  ! CG with MG;
  ! WG with OG;
  ! WG with SQ;
  ! WG with Lec;
  ! WG with PQ;
  ! WG with CQ;
  ! WG with MG;
  ! OG with SQ;
  ! OG with Lec;
  ! OG with PQ;
  ! OG with CQ;
  ! OG with MG;
  ! SQ with Lec;
  ! SQ with PQ;
  ! SQ with CQ;
  ! SQ with MG;
  ! Lec with PQ;
  ! Lec with CQ;
  ! Lec with MG;
  ! PQ with CQ;
  ! PQ with MG;
  ! CQ with MG;
  OUTPUT:
  sampstat residual tech11 tech14;
  PLOT:
  type = plot3;
       series = CQ-SQ(*);



*** WARNING in MODEL command
  All variables are uncorrelated with all other variables within class.
  Check that this is what is intended.
   1 WARNING(S) FOUND IN THE INPUT INSTRUCTIONS




M3: Class5

SUMMARY OF ANALYSIS

Number of groups                                                 1
Number of observations                                         223

Number of dependent variables                                    8
Number of independent variables                                  0
Number of continuous latent variables                            0
Number of categorical latent variables                           1

Observed dependent variables

  Continuous
   CQ          MG          PQ          LEC         CG          WG
   OG          SQ

Categorical latent variables
   C


Estimator                                                      MLR
Information matrix                                        OBSERVED
Optimization Specifications for the Quasi-Newton Algorithm for
Continuous Outcomes
  Maximum number of iterations                                 100
  Convergence criterion                                  0.100D-05
Optimization Specifications for the EM Algorithm
  Maximum number of iterations                                 500
  Convergence criteria
    Loglikelihood change                                 0.100D-06
    Relative loglikelihood change                        0.100D-06
    Derivative                                           0.100D-05
Optimization Specifications for the M step of the EM Algorithm for
Categorical Latent variables
  Number of M step iterations                                    1
  M step convergence criterion                           0.100D-05
  Basis for M step termination                           ITERATION
Optimization Specifications for the M step of the EM Algorithm for
Censored, Binary or Ordered Categorical (Ordinal), Unordered
Categorical (Nominal) and Count Outcomes
  Number of M step iterations                                    1
  M step convergence criterion                           0.100D-05
  Basis for M step termination                           ITERATION
  Maximum value for logit thresholds                            15
  Minimum value for logit thresholds                           -15
  Minimum expected cell size for chi-square              0.100D-01
Maximum number of iterations for H1                           2000
Convergence criterion for H1                             0.100D-03
Optimization algorithm                                         EMA
Random Starts Specifications
  Number of initial stage random starts                        200
  Number of final stage optimizations                           50
  Number of initial stage iterations                            10
  Initial stage convergence criterion                    0.100D+01
  Random starts scale                                    0.500D+01
  Random seed for generating random starts                       0

Input data file(s)
  /Users/MeaganSundstrom_1/Desktop/CALEP_Analysis_Github/m3_enum/c_lpa_m3.dat
Input data format  FREE


SUMMARY OF DATA

     Number of missing data patterns             1
     Number of y missing data patterns           1
     Number of u missing data patterns           0


COVARIANCE COVERAGE OF DATA

Minimum covariance coverage value   0.100


     PROPORTION OF DATA PRESENT FOR Y


           Covariance Coverage
              CQ            MG            PQ            LEC           CG
              ________      ________      ________      ________      ________
 CQ             1.000
 MG             1.000         1.000
 PQ             1.000         1.000         1.000
 LEC            1.000         1.000         1.000         1.000
 CG             1.000         1.000         1.000         1.000         1.000
 WG             1.000         1.000         1.000         1.000         1.000
 OG             1.000         1.000         1.000         1.000         1.000
 SQ             1.000         1.000         1.000         1.000         1.000


           Covariance Coverage
              WG            OG            SQ
              ________      ________      ________
 WG             1.000
 OG             1.000         1.000
 SQ             1.000         1.000         1.000


SAMPLE STATISTICS


     ESTIMATED SAMPLE STATISTICS


           Means
              CQ            MG            PQ            LEC           CG
              ________      ________      ________      ________      ________
                0.152         0.337         0.397         0.444         0.102


           Means
              WG            OG            SQ
              ________      ________      ________
                0.233         0.138         0.141


           Covariances
              CQ            MG            PQ            LEC           CG
              ________      ________      ________      ________      ________
 CQ             0.038
 MG            -0.026         0.105
 PQ            -0.007         0.015         0.105
 LEC            0.021        -0.091        -0.008         0.129
 CG             0.028        -0.015        -0.004         0.011         0.025
 WG            -0.033         0.087        -0.009        -0.086        -0.022
 OG            -0.013         0.023         0.012        -0.033        -0.009
 SQ            -0.005         0.012        -0.017        -0.014        -0.004


           Covariances
              WG            OG            SQ
              ________      ________      ________
 WG             0.139
 OG            -0.020         0.066
 SQ             0.025        -0.001         0.028


           Correlations
              CQ            MG            PQ            LEC           CG
              ________      ________      ________      ________      ________
 CQ             1.000
 MG            -0.414         1.000
 PQ            -0.109         0.147         1.000
 LEC            0.300        -0.778        -0.068         1.000
 CG             0.901        -0.288        -0.083         0.190         1.000
 WG            -0.452         0.720        -0.073        -0.643        -0.377
 OG            -0.265         0.280         0.147        -0.355        -0.220
 SQ            -0.149         0.217        -0.315        -0.235        -0.136


           Correlations
              WG            OG            SQ
              ________      ________      ________
 WG             1.000
 OG            -0.211         1.000
 SQ             0.397        -0.027         1.000


     MAXIMUM LOG-LIKELIHOOD VALUE FOR THE UNRESTRICTED (H1) MODEL IS 483.025


UNIVARIATE SAMPLE STATISTICS


     UNIVARIATE HIGHER-ORDER MOMENT DESCRIPTIVE STATISTICS

         Variable/         Mean/     Skewness/   Minimum/ % with                Percentiles
        Sample Size      Variance    Kurtosis    Maximum  Min/Max      20%/60%    40%/80%    Median

     CQ                    0.152       1.385       0.000   47.98%       0.000      0.000      0.054
             223.000       0.038       1.763       1.000    0.45%       0.152      0.321
     MG                    0.337       0.519       0.000   30.04%       0.000      0.121      0.269
             223.000       0.105      -1.002       1.000    4.04%       0.435      0.630
     PQ                    0.397       0.385       0.000   15.25%       0.048      0.227      0.314
             223.000       0.105      -1.218       1.000    3.14%       0.429      0.767
     LEC                   0.444       0.186       0.000   16.14%       0.043      0.250      0.400
             223.000       0.129      -1.499       1.000    5.38%       0.571      0.849
     CG                    0.102       1.723       0.000   56.05%       0.000      0.000      0.000
             223.000       0.025       2.628       0.792    0.45%       0.050      0.200
     WG                    0.233       1.216       0.000   66.37%       0.000      0.000      0.000
             223.000       0.139      -0.227       1.000   11.66%       0.000      0.673
     OG                    0.138       2.198       0.000   56.50%       0.000      0.000      0.000
             223.000       0.066       3.833       1.000    0.90%       0.048      0.225
     SQ                    0.141       1.724       0.000   24.22%       0.000      0.053      0.091
             223.000       0.028       3.105       0.900    0.45%       0.127      0.231

RANDOM STARTS RESULTS RANKED FROM THE BEST TO THE WORST LOGLIKELIHOOD VALUES


167 perturbed starting value run(s) did not converge or were rejected in the third stage.
Final stage loglikelihood values at local maxima, seeds, and initial stage start numbers:

            1177.588  76337            76
             927.020  40340            188
             802.429  793035           187
             483.025  972873           157
             483.025  314084           81
             483.025  783165           170
             483.025  789985           67
             483.025  393232           152
             483.025  696773           80
             483.025  723775           97
             483.025  674171           195
             483.025  93468            3
             483.025  405079           68
             178.939  432148           30
            -101.474  967237           48
            -101.474  118421           139
            -101.474  913639           162
            -101.474  227563           63
            -101.474  928287           197
            -101.474  728038           177
            -101.474  645664           39

29 perturbed starting value run(s) did not converge or were rejected in the third stage.



     WARNING:  THE BEST LOGLIKELIHOOD VALUE WAS NOT REPLICATED.  THE
     SOLUTION MAY NOT BE TRUSTWORTHY DUE TO LOCAL MAXIMA.  INCREASE THE
     NUMBER OF RANDOM STARTS.

     THE STANDARD ERRORS OF THE MODEL PARAMETER ESTIMATES MAY NOT BE
     TRUSTWORTHY FOR SOME PARAMETERS DUE TO A NON-POSITIVE DEFINITE
     FIRST-ORDER DERIVATIVE PRODUCT MATRIX.  THIS MAY BE DUE TO THE STARTING
     VALUES BUT MAY ALSO BE AN INDICATION OF MODEL NONIDENTIFICATION.  THE
     CONDITION NUMBER IS      -0.658D-18.  PROBLEM INVOLVING THE FOLLOWING PARAMETER:
     Parameter 73, %C#2%: OG WITH WG

     ONE OR MORE PARAMETERS WERE FIXED TO AVOID SINGULARITY OF THE
     INFORMATION MATRIX. THE SINGULARITY IS MOST LIKELY BECAUSE THE
     MODEL IS NOT IDENTIFIED, OR BECAUSE OF EMPTY CELLS IN THE JOINT
     DISTRIBUTION OF THE CATEGORICAL VARIABLES IN THE MODEL.
     THE FOLLOWING PARAMETERS WERE FIXED:
     Parameter 1, %C#1%: [ CQ ]
     Parameter 2, %C#1%: [ MG ]
     Parameter 3, %C#1%: [ PQ ]
     Parameter 4, %C#1%: [ LEC ]
     Parameter 5, %C#1%: [ CG ]
     Parameter 6, %C#1%: [ WG ]
     Parameter 7, %C#1%: [ OG ]
     Parameter 8, %C#1%: [ SQ ]
     Parameter 10, %C#1%: MG WITH CQ
     Parameter 12, %C#1%: PQ WITH CQ
     Parameter 13, %C#1%: PQ WITH MG
     Parameter 15, %C#1%: LEC WITH CQ
     Parameter 16, %C#1%: LEC WITH MG
     Parameter 17, %C#1%: LEC WITH PQ
     Parameter 19, %C#1%: CG WITH CQ
     Parameter 20, %C#1%: CG WITH MG
     Parameter 21, %C#1%: CG WITH PQ
     Parameter 22, %C#1%: CG WITH LEC
     Parameter 24, %C#1%: WG WITH CQ
     Parameter 25, %C#1%: WG WITH MG
     Parameter 26, %C#1%: WG WITH PQ
     Parameter 27, %C#1%: WG WITH LEC
     Parameter 28, %C#1%: WG WITH CG
     Parameter 30, %C#1%: OG WITH CQ
     Parameter 31, %C#1%: OG WITH MG
     Parameter 32, %C#1%: OG WITH PQ
     Parameter 33, %C#1%: OG WITH LEC
     Parameter 34, %C#1%: OG WITH CG
     Parameter 35, %C#1%: OG WITH WG
     Parameter 37, %C#1%: SQ WITH CQ
     Parameter 38, %C#1%: SQ WITH MG
     Parameter 39, %C#1%: SQ WITH PQ
     Parameter 40, %C#1%: SQ WITH LEC
     Parameter 41, %C#1%: SQ WITH CG
     Parameter 42, %C#1%: SQ WITH WG
     Parameter 43, %C#1%: SQ WITH OG
     Parameter 81, %C#3%: [ CQ ]
     Parameter 82, %C#3%: [ MG ]
     Parameter 83, %C#3%: [ PQ ]
     Parameter 84, %C#3%: [ LEC ]
     Parameter 85, %C#3%: [ CG ]
     Parameter 86, %C#3%: [ WG ]
     Parameter 87, %C#3%: [ OG ]
     Parameter 88, %C#3%: [ SQ ]
     Parameter 89, %C#3%: MG WITH CQ
     Parameter 90, %C#3%: PQ WITH CQ
     Parameter 91, %C#3%: PQ WITH MG
     Parameter 92, %C#3%: LEC WITH CQ
     Parameter 93, %C#3%: LEC WITH MG
     Parameter 94, %C#3%: LEC WITH PQ
     Parameter 95, %C#3%: CG WITH CQ
     Parameter 96, %C#3%: CG WITH MG
     Parameter 97, %C#3%: CG WITH PQ
     Parameter 98, %C#3%: CG WITH LEC
     Parameter 99, %C#3%: WG WITH CQ
     Parameter 100, %C#3%: WG WITH MG
     Parameter 101, %C#3%: WG WITH PQ
     Parameter 102, %C#3%: WG WITH LEC
     Parameter 103, %C#3%: WG WITH CG
     Parameter 104, %C#3%: OG WITH CQ
     Parameter 105, %C#3%: OG WITH MG
     Parameter 106, %C#3%: OG WITH PQ
     Parameter 107, %C#3%: OG WITH LEC
     Parameter 108, %C#3%: OG WITH CG
     Parameter 109, %C#3%: OG WITH WG
     Parameter 110, %C#3%: SQ WITH CQ
     Parameter 111, %C#3%: SQ WITH MG
     Parameter 112, %C#3%: SQ WITH PQ
     Parameter 113, %C#3%: SQ WITH LEC
     Parameter 114, %C#3%: SQ WITH CG
     Parameter 115, %C#3%: SQ WITH WG
     Parameter 116, %C#3%: SQ WITH OG
     Parameter 141, [ C#1 ]
     Parameter 143, [ C#3 ]


THE MODEL ESTIMATION TERMINATED NORMALLY



MODEL FIT INFORMATION

Number of Free Parameters                      144

Loglikelihood

          H0 Value                        1177.588
          H0 Scaling Correction Factor      1.2644
            for MLR

Information Criteria

          Akaike (AIC)                   -2067.176
          Bayesian (BIC)                 -1576.543
          Sample-Size Adjusted BIC       -2032.897
            (n* = (n + 2) / 24)



FINAL CLASS COUNTS AND PROPORTIONS FOR THE LATENT CLASSES
BASED ON THE ESTIMATED MODEL

    Latent
   Classes

       1          0.00000          0.00000
       2        125.23758          0.56160
       3          0.00000          0.00000
       4          5.00014          0.02242
       5         92.76228          0.41597


FINAL CLASS COUNTS AND PROPORTIONS FOR THE LATENT CLASSES
BASED ON ESTIMATED POSTERIOR PROBABILITIES

    Latent
   Classes

       1          0.00000          0.00000
       2        125.23758          0.56160
       3          0.00000          0.00000
       4          5.00014          0.02242
       5         92.76228          0.41597


FINAL CLASS COUNTS AND PROPORTIONS FOR THE LATENT CLASSES
BASED ON THEIR MOST LIKELY LATENT CLASS MEMBERSHIP

Class Counts and Proportions

    Latent
   Classes

       1                0          0.00000
       2              125          0.56054
       3                0          0.00000
       4                5          0.02242
       5               93          0.41704


CLASSIFICATION QUALITY

     Entropy                         0.997


Average Latent Class Probabilities for Most Likely Latent Class Membership (Row)
by Latent Class (Column)

           1        2        3        4        5

    1   0.000    0.000    0.000    0.000    0.000
    2   0.000    1.000    0.000    0.000    0.000
    3   0.000    0.000    0.000    0.000    0.000
    4   0.000    0.000    0.000    1.000    0.000
    5   0.000    0.003    0.000    0.000    0.997


Classification Probabilities for the Most Likely Latent Class Membership (Column)
by Latent Class (Row)

           1        2        3        4        5

    1   0.000    0.000    0.000    0.000    0.000
    2   0.000    0.998    0.000    0.000    0.002
    3   0.000    0.000    0.000    0.000    0.000
    4   0.000    0.000    0.000    1.000    0.000
    5   0.000    0.000    0.000    0.000    1.000


Logits for the Classification Probabilities for the Most Likely Latent Class Membership (Column)
by Latent Class (Row)

              1        2        3        4        5

    1      0.000    0.000    0.000    0.000    0.000
    2     -7.613    6.200   -7.613   -7.613    0.000
    3      0.000    0.000    0.000    0.000    0.000
    4      0.000    3.366    0.000   13.815    0.000
    5    -13.815   -8.676  -13.815  -13.815    0.000


MODEL RESULTS

                                                    Two-Tailed
                    Estimate       S.E.  Est./S.E.    P-Value

Latent Class 1

 CG       WITH
    WG                 0.000      0.000    999.000    999.000
    OG                 0.000      0.000    999.000    999.000
    SQ                 0.000      0.000    999.000    999.000
    LEC                0.000      0.000    999.000    999.000
    PQ                 0.000      0.000    999.000    999.000
    CQ                 0.000      0.000    999.000    999.000
    MG                 0.000      0.000    999.000    999.000

 WG       WITH
    OG                 0.000      0.000    999.000    999.000
    SQ                 0.000      0.000    999.000    999.000
    LEC                0.000      0.000    999.000    999.000
    PQ                 0.000      0.000    999.000    999.000
    CQ                 0.000      0.000    999.000    999.000
    MG                 0.000      0.000    999.000    999.000

 OG       WITH
    SQ                 0.000      0.000    999.000    999.000
    LEC                0.000      0.000    999.000    999.000
    PQ                 0.000      0.000    999.000    999.000
    CQ                 0.000      0.000    999.000    999.000
    MG                 0.000      0.000    999.000    999.000

 SQ       WITH
    LEC                0.000      0.000    999.000    999.000
    PQ                 0.000      0.000    999.000    999.000
    CQ                 0.000      0.000    999.000    999.000
    MG                 0.000      0.000    999.000    999.000

 LEC      WITH
    PQ                 0.000      0.000    999.000    999.000
    CQ                 0.000      0.000    999.000    999.000
    MG                 0.000      0.000    999.000    999.000

 PQ       WITH
    CQ                 0.000      0.000    999.000    999.000
    MG                 0.000      0.000    999.000    999.000

 CQ       WITH
    MG                 0.000      0.000    999.000    999.000

 Means
    CQ                -0.934      0.000    999.000    999.000
    MG                -1.871      0.000    999.000    999.000
    PQ                -0.553      0.000    999.000    999.000
    LEC                0.914      0.000    999.000    999.000
    CG                 0.237      0.000    999.000    999.000
    WG                -1.127      0.000    999.000    999.000
    OG                 0.294      0.000    999.000    999.000
    SQ                -1.685      0.000    999.000    999.000

 Variances
    CQ                 0.040      0.006      6.439      0.000
    MG                 0.029      0.005      5.550      0.000
    PQ                 0.055      0.005     10.048      0.000
    LEC                0.068      0.007      9.446      0.000
    CG                 0.030      0.004      6.800      0.000
    WG                 0.000      0.000      1.011      0.312
    OG                 0.010      0.003      3.623      0.000
    SQ                 0.011      0.002      6.128      0.000

Latent Class 2

 CG       WITH
    WG                 0.000      0.000      1.010      0.312
    OG                -0.002      0.001     -1.429      0.153
    SQ                 0.001      0.002      0.782      0.434
    LEC               -0.022      0.005     -4.574      0.000
    PQ                -0.003      0.003     -0.941      0.347
    CQ                 0.030      0.005      6.442      0.000
    MG                 0.013      0.004      2.926      0.003

 WG       WITH
    OG                 0.000      0.000     -1.005      0.315
    SQ                 0.000      0.000     -1.006      0.314
    LEC                0.000      0.000     -1.002      0.316
    PQ                 0.000      0.000     -0.985      0.325
    CQ                 0.000      0.000      1.010      0.312
    MG                 0.000      0.000      1.009      0.313

 OG       WITH
    SQ                -0.001      0.001     -0.756      0.450
    LEC               -0.011      0.004     -2.652      0.008
    PQ                 0.009      0.002      4.079      0.000
    CQ                -0.003      0.002     -2.097      0.036
    MG                 0.007      0.003      2.230      0.026

 SQ       WITH
    LEC                0.000      0.003      0.080      0.936
    PQ                 0.004      0.002      1.881      0.060
    CQ                 0.002      0.002      1.391      0.164
    MG                -0.004      0.002     -2.254      0.024

 LEC      WITH
    PQ                -0.014      0.006     -2.428      0.015
    CQ                -0.024      0.006     -3.755      0.000
    MG                -0.021      0.005     -4.175      0.000

 PQ       WITH
    CQ                -0.006      0.004     -1.525      0.127
    MG                 0.006      0.003      1.875      0.061

 CQ       WITH
    MG                 0.011      0.004      2.565      0.010

 Means
    CQ                 0.256      0.018     14.235      0.000
    MG                 0.111      0.016      7.090      0.000
    PQ                 0.378      0.021     17.834      0.000
    LEC                0.689      0.024     28.449      0.000
    CG                 0.172      0.016     10.955      0.000
    WG                 0.001      0.001      1.003      0.316
    OG                 0.062      0.011      5.922      0.000
    SQ                 0.103      0.010     10.769      0.000

 Variances
    CQ                 0.040      0.006      6.439      0.000
    MG                 0.029      0.005      5.550      0.000
    PQ                 0.055      0.005     10.048      0.000
    LEC                0.068      0.007      9.446      0.000
    CG                 0.030      0.004      6.800      0.000
    WG                 0.000      0.000      1.011      0.312
    OG                 0.010      0.003      3.623      0.000
    SQ                 0.011      0.002      6.128      0.000

Latent Class 3

 CG       WITH
    WG                 0.000      0.000    999.000    999.000
    OG                 0.000      0.000    999.000    999.000
    SQ                 0.000      0.000    999.000    999.000
    LEC                0.000      0.000    999.000    999.000
    PQ                 0.000      0.000    999.000    999.000
    CQ                 0.000      0.000    999.000    999.000
    MG                 0.000      0.000    999.000    999.000

 WG       WITH
    OG                 0.000      0.000    999.000    999.000
    SQ                 0.000      0.000    999.000    999.000
    LEC                0.000      0.000    999.000    999.000
    PQ                 0.000      0.000    999.000    999.000
    CQ                 0.000      0.000    999.000    999.000
    MG                 0.000      0.000    999.000    999.000

 OG       WITH
    SQ                 0.000      0.000    999.000    999.000
    LEC                0.000      0.000    999.000    999.000
    PQ                 0.000      0.000    999.000    999.000
    CQ                 0.000      0.000    999.000    999.000
    MG                 0.000      0.000    999.000    999.000

 SQ       WITH
    LEC                0.000      0.000    999.000    999.000
    PQ                 0.000      0.000    999.000    999.000
    CQ                 0.000      0.000    999.000    999.000
    MG                 0.000      0.000    999.000    999.000

 LEC      WITH
    PQ                 0.000      0.000    999.000    999.000
    CQ                 0.000      0.000    999.000    999.000
    MG                 0.000      0.000    999.000    999.000

 PQ       WITH
    CQ                 0.000      0.000    999.000    999.000
    MG                 0.000      0.000    999.000    999.000

 CQ       WITH
    MG                 0.000      0.000    999.000    999.000

 Means
    CQ                -1.238      0.000    999.000    999.000
    MG                 1.190      0.000    999.000    999.000
    PQ                 1.443      0.000    999.000    999.000
    LEC                0.173      0.000    999.000    999.000
    CG                 0.619      0.000    999.000    999.000
    WG                 0.702      0.000    999.000    999.000
    OG                -0.135      0.000    999.000    999.000
    SQ                 1.095      0.000    999.000    999.000

 Variances
    CQ                 0.040      0.006      6.439      0.000
    MG                 0.029      0.005      5.550      0.000
    PQ                 0.055      0.005     10.048      0.000
    LEC                0.068      0.007      9.446      0.000
    CG                 0.030      0.004      6.800      0.000
    WG                 0.000      0.000      1.011      0.312
    OG                 0.010      0.003      3.623      0.000
    SQ                 0.011      0.002      6.128      0.000

Latent Class 4

 Means
    CQ                 0.297      0.044      6.785      0.000
    MG                 0.389      0.125      3.107      0.002
    PQ                 0.293      0.126      2.324      0.020
    LEC                0.292      0.072      4.045      0.000
    CG                 0.233      0.028      8.453      0.000
    WG                 0.305      0.043      7.115      0.000
    OG                 0.069      0.062      1.118      0.264
    SQ                 0.030      0.015      2.005      0.045

 Variances
    CQ                 0.001      0.000      2.174      0.030
    MG                 0.051      0.007      7.798      0.000
    PQ                 0.168      0.008     20.496      0.000
    LEC                0.029      0.008      3.618      0.000
    CG                 0.000      0.000      1.995      0.046
    WG                 0.156      0.011     14.027      0.000
    OG                 0.120      0.016      7.453      0.000
    SQ                 0.043      0.007      5.978      0.000

Latent Class 5

 Means
    CQ                 0.002      0.001      1.906      0.057
    MG                 0.639      0.023     27.401      0.000
    PQ                 0.427      0.043      9.891      0.000
    LEC                0.121      0.018      6.803      0.000
    CG                 0.001      0.001      1.005      0.315
    WG                 0.544      0.043     12.752      0.000
    OG                 0.245      0.037      6.646      0.000
    SQ                 0.199      0.022      9.013      0.000

 Variances
    CQ                 0.001      0.000      2.174      0.030
    MG                 0.051      0.007      7.798      0.000
    PQ                 0.168      0.008     20.496      0.000
    LEC                0.029      0.008      3.618      0.000
    CG                 0.000      0.000      1.995      0.046
    WG                 0.156      0.011     14.027      0.000
    OG                 0.120      0.016      7.453      0.000
    SQ                 0.043      0.007      5.978      0.000

Categorical Latent Variables

 Means
    C#1             -626.845      0.000    999.000    999.000
    C#2                0.300      0.138      2.174      0.030
    C#3             -626.845      0.000    999.000    999.000
    C#4               -2.921      0.460     -6.346      0.000


QUALITY OF NUMERICAL RESULTS

     Condition Number for the Information Matrix              0.418E-08
       (ratio of smallest to largest eigenvalue)


RESIDUAL OUTPUT


     ESTIMATED MODEL AND RESIDUALS (OBSERVED - ESTIMATED) FOR CLASS 1


           Model Estimated Means
              CQ            MG            PQ            LEC           CG
              ________      ________      ________      ________      ________
               -0.934        -1.871        -0.553         0.914         0.237


           Model Estimated Means
              WG            OG            SQ
              ________      ________      ________
               -1.127         0.294        -1.685


           Residuals for Means
              CQ            MG            PQ            LEC           CG
              ________      ________      ________      ________      ________
                1.476         2.371         0.845        -0.455         0.263


           Residuals for Means
              WG            OG            SQ
              ________      ________      ________
                1.210        -0.294         1.685


           Model Estimated Covariances
              CQ            MG            PQ            LEC           CG
              ________      ________      ________      ________      ________
 CQ             0.040
 MG             0.000         0.029
 PQ             0.000         0.000         0.055
 LEC            0.000         0.000         0.000         0.068
 CG             0.000         0.000         0.000         0.000         0.030
 WG             0.000         0.000         0.000         0.000         0.000
 OG             0.000         0.000         0.000         0.000         0.000
 SQ             0.000         0.000         0.000         0.000         0.000


           Model Estimated Covariances
              WG            OG            SQ
              ________      ________      ________
 WG             0.000
 OG             0.000         0.010
 SQ             0.000         0.000         0.011


           Residuals for Covariances
              CQ            MG            PQ            LEC           CG
              ________      ________      ________      ________      ________
 CQ            -0.040
 MG             0.000        -0.029
 PQ             0.000         0.000        -0.055
 LEC            0.000         0.000         0.000        -0.068
 CG             0.000         0.000         0.000         0.000        -0.030
 WG             0.000         0.000         0.000         0.000         0.000
 OG             0.000         0.000         0.000         0.000         0.000
 SQ             0.000         0.000         0.000         0.000         0.000


           Residuals for Covariances
              WG            OG            SQ
              ________      ________      ________
 WG             0.000
 OG             0.000        -0.010
 SQ             0.000         0.000        -0.011


     ESTIMATED MODEL AND RESIDUALS (OBSERVED - ESTIMATED) FOR CLASS 2


           Model Estimated Means
              CQ            MG            PQ            LEC           CG
              ________      ________      ________      ________      ________
                0.256         0.111         0.378         0.689         0.172


           Model Estimated Means
              WG            OG            SQ
              ________      ________      ________
                0.001         0.062         0.103


           Residuals for Means
              CQ            MG            PQ            LEC           CG
              ________      ________      ________      ________      ________
                0.000         0.000         0.000         0.000         0.000


           Residuals for Means
              WG            OG            SQ
              ________      ________      ________
                0.000         0.000         0.000


           Model Estimated Covariances
              CQ            MG            PQ            LEC           CG
              ________      ________      ________      ________      ________
 CQ             0.040
 MG             0.011         0.029
 PQ            -0.006         0.006         0.055
 LEC           -0.024        -0.021        -0.014         0.068
 CG             0.030         0.013        -0.003        -0.022         0.030
 WG             0.000         0.000         0.000         0.000         0.000
 OG            -0.003         0.007         0.009        -0.011        -0.002
 SQ             0.002        -0.004         0.004         0.000         0.001


           Model Estimated Covariances
              WG            OG            SQ
              ________      ________      ________
 WG             0.000
 OG             0.000         0.010
 SQ             0.000        -0.001         0.011


           Residuals for Covariances
              CQ            MG            PQ            LEC           CG
              ________      ________      ________      ________      ________
 CQ             0.000
 MG             0.000         0.000
 PQ             0.000         0.000         0.000
 LEC            0.000         0.000         0.000         0.000
 CG             0.000         0.000         0.000         0.000         0.000
 WG             0.000         0.000         0.000         0.000         0.000
 OG             0.000         0.000         0.000         0.000         0.000
 SQ             0.000         0.000         0.000         0.000         0.000


           Residuals for Covariances
              WG            OG            SQ
              ________      ________      ________
 WG             0.000
 OG             0.000         0.000
 SQ             0.000         0.000         0.000


     ESTIMATED MODEL AND RESIDUALS (OBSERVED - ESTIMATED) FOR CLASS 3


           Model Estimated Means
              CQ            MG            PQ            LEC           CG
              ________      ________      ________      ________      ________
               -1.238         1.190         1.443         0.173         0.619


           Model Estimated Means
              WG            OG            SQ
              ________      ________      ________
                0.702        -0.135         1.095


           Residuals for Means
              CQ            MG            PQ            LEC           CG
              ________      ________      ________      ________      ________
                1.780        -0.690        -1.151         0.285        -0.119


           Residuals for Means
              WG            OG            SQ
              ________      ________      ________
               -0.619         0.135        -1.095


           Model Estimated Covariances
              CQ            MG            PQ            LEC           CG
              ________      ________      ________      ________      ________
 CQ             0.040
 MG             0.000         0.029
 PQ             0.000         0.000         0.055
 LEC            0.000         0.000         0.000         0.068
 CG             0.000         0.000         0.000         0.000         0.030
 WG             0.000         0.000         0.000         0.000         0.000
 OG             0.000         0.000         0.000         0.000         0.000
 SQ             0.000         0.000         0.000         0.000         0.000


           Model Estimated Covariances
              WG            OG            SQ
              ________      ________      ________
 WG             0.000
 OG             0.000         0.010
 SQ             0.000         0.000         0.011


           Residuals for Covariances
              CQ            MG            PQ            LEC           CG
              ________      ________      ________      ________      ________
 CQ            -0.040
 MG             0.000        -0.029
 PQ             0.000         0.000        -0.055
 LEC            0.000         0.000         0.000        -0.068
 CG             0.000         0.000         0.000         0.000        -0.030
 WG             0.000         0.000         0.000         0.000         0.000
 OG             0.000         0.000         0.000         0.000         0.000
 SQ             0.000         0.000         0.000         0.000         0.000


           Residuals for Covariances
              WG            OG            SQ
              ________      ________      ________
 WG             0.000
 OG             0.000        -0.010
 SQ             0.000         0.000        -0.011


     ESTIMATED MODEL AND RESIDUALS (OBSERVED - ESTIMATED) FOR CLASS 4


           Model Estimated Means
              CQ            MG            PQ            LEC           CG
              ________      ________      ________      ________      ________
                0.297         0.389         0.293         0.292         0.233


           Model Estimated Means
              WG            OG            SQ
              ________      ________      ________
                0.305         0.069         0.030


           Residuals for Means
              CQ            MG            PQ            LEC           CG
              ________      ________      ________      ________      ________
                0.000         0.000         0.000         0.000         0.000


           Residuals for Means
              WG            OG            SQ
              ________      ________      ________
                0.000         0.000         0.000


           Model Estimated Covariances
              CQ            MG            PQ            LEC           CG
              ________      ________      ________      ________      ________
 CQ             0.001
 MG             0.000         0.051
 PQ             0.000         0.000         0.168
 LEC            0.000         0.000         0.000         0.029
 CG             0.000         0.000         0.000         0.000         0.000
 WG             0.000         0.000         0.000         0.000         0.000
 OG             0.000         0.000         0.000         0.000         0.000
 SQ             0.000         0.000         0.000         0.000         0.000


           Model Estimated Covariances
              WG            OG            SQ
              ________      ________      ________
 WG             0.156
 OG             0.000         0.120
 SQ             0.000         0.000         0.043


           Residuals for Covariances
              CQ            MG            PQ            LEC           CG
              ________      ________      ________      ________      ________
 CQ             0.009
 MG            -0.015         0.027
 PQ            -0.022         0.070        -0.088
 LEC            0.008        -0.044        -0.036        -0.003
 CG             0.005        -0.009        -0.011         0.006         0.004
 WG            -0.006         0.021         0.019        -0.014        -0.005
 OG            -0.006         0.038         0.035        -0.020        -0.003
 SQ             0.002        -0.004        -0.005         0.001         0.001


           Residuals for Covariances
              WG            OG            SQ
              ________      ________      ________
 WG            -0.147
 OG             0.009        -0.100
 SQ             0.000        -0.002        -0.042


     ESTIMATED MODEL AND RESIDUALS (OBSERVED - ESTIMATED) FOR CLASS 5


           Model Estimated Means
              CQ            MG            PQ            LEC           CG
              ________      ________      ________      ________      ________
                0.002         0.639         0.427         0.121         0.001


           Model Estimated Means
              WG            OG            SQ
              ________      ________      ________
                0.544         0.245         0.199


           Residuals for Means
              CQ            MG            PQ            LEC           CG
              ________      ________      ________      ________      ________
                0.000         0.000         0.000         0.000         0.000


           Residuals for Means
              WG            OG            SQ
              ________      ________      ________
                0.000         0.000         0.000


           Model Estimated Covariances
              CQ            MG            PQ            LEC           CG
              ________      ________      ________      ________      ________
 CQ             0.001
 MG             0.000         0.051
 PQ             0.000         0.000         0.168
 LEC            0.000         0.000         0.000         0.029
 CG             0.000         0.000         0.000         0.000         0.000
 WG             0.000         0.000         0.000         0.000         0.000
 OG             0.000         0.000         0.000         0.000         0.000
 SQ             0.000         0.000         0.000         0.000         0.000


           Model Estimated Covariances
              WG            OG            SQ
              ________      ________      ________
 WG             0.156
 OG             0.000         0.120
 SQ             0.000         0.000         0.043


           Residuals for Covariances
              CQ            MG            PQ            LEC           CG
              ________      ________      ________      ________      ________
 CQ             0.000
 MG            -0.001        -0.001
 PQ             0.001         0.010         0.005
 LEC            0.000        -0.014         0.017         0.000
 CG             0.000         0.000         0.000         0.000         0.000
 WG            -0.001         0.043        -0.037        -0.028         0.000
 OG             0.000        -0.010         0.009        -0.004         0.000
 SQ             0.000         0.004        -0.050        -0.004         0.000


           Residuals for Covariances
              WG            OG            SQ
              ________      ________      ________
 WG             0.008
 OG            -0.106         0.005
 SQ             0.030        -0.012         0.002


TECHNICAL 11 OUTPUT

     Random Starts Specifications for the k-1 Class Analysis Model
        Number of initial stage random starts                 200
        Number of final stage optimizations                    50



     VUONG-LO-MENDELL-RUBIN LIKELIHOOD RATIO TEST FOR 4 (H0) VERSUS 5 CLASSES

          H0 Loglikelihood Value                         1177.588
          2 Times the Loglikelihood Difference              0.000
          Difference in the Number of Parameters               74
          Mean                                              0.000
          Standard Deviation                                0.000
          P-Value                                          0.5000

     LO-MENDELL-RUBIN ADJUSTED LRT TEST

          Value                                             0.000
          P-Value                                          0.5000


TECHNICAL 14 OUTPUT

     Random Starts Specifications for the k-1 Class Analysis Model
        Number of initial stage random starts                 200
        Number of final stage optimizations                    50

     Random Starts Specification for the k-1 Class Model for Generated Data
        Number of initial stage random starts                   0
        Number of final stage optimizations for the
           initial stage random starts                          0
     Random Starts Specification for the k Class Model for Generated Data
        Number of initial stage random starts                  40
        Number of final stage optimizations                     8
     Number of bootstrap draws requested                   Varies


     PARAMETRIC BOOTSTRAPPED LIKELIHOOD RATIO TEST FOR 4 (H0) VERSUS 5 CLASSES

          H0 Loglikelihood Value                         1177.588
          2 Times the Loglikelihood Difference              0.000
          Difference in the Number of Parameters               74
          Approximate P-Value                              1.0000
          Successful Bootstrap Draws                            2


PLOT INFORMATION

The following plots are available:

  Histograms (sample values)
  Scatterplots (sample values)
  Sample means
  Estimated means, medians, modes, and percentiles
  Sample and estimated means
  Observed individual values
  Estimated means and observed individual values
  Estimated overall and class-specific distributions

     Beginning Time:  14:39:26
        Ending Time:  14:39:42
       Elapsed Time:  00:00:16



MUTHEN & MUTHEN
3463 Stoner Ave.
Los Angeles, CA  90066

Tel: (310) 391-9971
Fax: (310) 391-8971
Web: www.StatModel.com
Support: Support@StatModel.com

Copyright (c) 1998-2024 Muthen & Muthen
